# JRE version: OpenJDK Runtime Environment (11.0.8+10) (build 11.0.8+10-post-Ubuntu-0ubuntu120.04)
# Java VM: OpenJDK 64-Bit Server VM (11.0.8+10-post-Ubuntu-0ubuntu120.04, mixed mode, sharing, tiered, compressed oops, g1 gc, linux-amd64)
Heap:
 garbage-first heap   total 1261568K, used 517341K [0x0000000080000000, 0x0000000800000000)
  region size 4096K, 119 young (487424K), 2 survivors (8192K)
 Metaspace       used 19078K, capacity 20130K, committed 20352K, reserved 1067008K
  class space    used 2206K, capacity 2663K, committed 2688K, reserved 1048576K
GC Heap History (20 events):
Event: 31.941 GC heap before
{Heap before GC invocations=43 (full 0):
 garbage-first heap   total 1261568K, used 783517K [0x0000000080000000, 0x0000000800000000)
  region size 4096K, 184 young (753664K), 2 survivors (8192K)
 Metaspace       used 17812K, capacity 18525K, committed 18688K, reserved 1064960K
  class space    used 1965K, capacity 2251K, committed 2304K, reserved 1048576K
}
Event: 31.945 GC heap after
{Heap after GC invocations=44 (full 0):
 garbage-first heap   total 1261568K, used 38301K [0x0000000080000000, 0x0000000800000000)
  region size 4096K, 2 young (8192K), 2 survivors (8192K)
 Metaspace       used 17812K, capacity 18525K, committed 18688K, reserved 1064960K
  class space    used 1965K, capacity 2251K, committed 2304K, reserved 1048576K
}
Event: 32.660 GC heap before
{Heap before GC invocations=44 (full 0):
 garbage-first heap   total 1261568K, used 783773K [0x0000000080000000, 0x0000000800000000)
  region size 4096K, 184 young (753664K), 2 survivors (8192K)
 Metaspace       used 17825K, capacity 18525K, committed 18688K, reserved 1064960K
  class space    used 1965K, capacity 2251K, committed 2304K, reserved 1048576K
}
Event: 32.666 GC heap after
{Heap after GC invocations=45 (full 0):
 garbage-first heap   total 1261568K, used 38826K [0x0000000080000000, 0x0000000800000000)
  region size 4096K, 2 young (8192K), 2 survivors (8192K)
 Metaspace       used 17825K, capacity 18525K, committed 18688K, reserved 1064960K
  class space    used 1965K, capacity 2251K, committed 2304K, reserved 1048576K
}
Event: 33.372 GC heap before
{Heap before GC invocations=45 (full 0):
 garbage-first heap   total 1261568K, used 784298K [0x0000000080000000, 0x0000000800000000)
  region size 4096K, 184 young (753664K), 2 survivors (8192K)
 Metaspace       used 17825K, capacity 18525K, committed 18688K, reserved 1064960K
  class space    used 1965K, capacity 2251K, committed 2304K, reserved 1048576K
}
Event: 33.377 GC heap after
{Heap after GC invocations=46 (full 0):
 garbage-first heap   total 1261568K, used 39166K [0x0000000080000000, 0x0000000800000000)
  region size 4096K, 2 young (8192K), 2 survivors (8192K)
 Metaspace       used 17825K, capacity 18525K, committed 18688K, reserved 1064960K
  class space    used 1965K, capacity 2251K, committed 2304K, reserved 1048576K
}
Event: 34.083 GC heap before
{Heap before GC invocations=46 (full 0):
 garbage-first heap   total 1261568K, used 784638K [0x0000000080000000, 0x0000000800000000)
  region size 4096K, 184 young (753664K), 2 survivors (8192K)
 Metaspace       used 17829K, capacity 18529K, committed 18688K, reserved 1064960K
  class space    used 1965K, capacity 2251K, committed 2304K, reserved 1048576K
}
Event: 34.088 GC heap after
{Heap after GC invocations=47 (full 0):
 garbage-first heap   total 1261568K, used 39592K [0x0000000080000000, 0x0000000800000000)
  region size 4096K, 2 young (8192K), 2 survivors (8192K)
 Metaspace       used 17829K, capacity 18529K, committed 18688K, reserved 1064960K
  class space    used 1965K, capacity 2251K, committed 2304K, reserved 1048576K
}
Event: 34.793 GC heap before
{Heap before GC invocations=47 (full 0):
 garbage-first heap   total 1261568K, used 785064K [0x0000000080000000, 0x0000000800000000)
  region size 4096K, 184 young (753664K), 2 survivors (8192K)
 Metaspace       used 17829K, capacity 18529K, committed 18688K, reserved 1064960K
  class space    used 1965K, capacity 2251K, committed 2304K, reserved 1048576K
}
Event: 34.797 GC heap after
{Heap after GC invocations=48 (full 0):
 garbage-first heap   total 1261568K, used 39884K [0x0000000080000000, 0x0000000800000000)
  region size 4096K, 2 young (8192K), 2 survivors (8192K)
 Metaspace       used 17829K, capacity 18529K, committed 18688K, reserved 1064960K
  class space    used 1965K, capacity 2251K, committed 2304K, reserved 1048576K
}
Event: 35.586 GC heap before
{Heap before GC invocations=48 (full 0):
 garbage-first heap   total 1261568K, used 785356K [0x0000000080000000, 0x0000000800000000)
  region size 4096K, 184 young (753664K), 2 survivors (8192K)
 Metaspace       used 17829K, capacity 18529K, committed 18688K, reserved 1064960K
  class space    used 1965K, capacity 2251K, committed 2304K, reserved 1048576K
}
Event: 35.590 GC heap after
{Heap after GC invocations=49 (full 0):
 garbage-first heap   total 1261568K, used 40358K [0x0000000080000000, 0x0000000800000000)
  region size 4096K, 2 young (8192K), 2 survivors (8192K)
 Metaspace       used 17829K, capacity 18529K, committed 18688K, reserved 1064960K
  class space    used 1965K, capacity 2251K, committed 2304K, reserved 1048576K
}
Event: 36.411 GC heap before
{Heap before GC invocations=49 (full 0):
 garbage-first heap   total 1261568K, used 785830K [0x0000000080000000, 0x0000000800000000)
  region size 4096K, 184 young (753664K), 2 survivors (8192K)
 Metaspace       used 17829K, capacity 18529K, committed 18688K, reserved 1064960K
  class space    used 1965K, capacity 2251K, committed 2304K, reserved 1048576K
}
Event: 36.415 GC heap after
{Heap after GC invocations=50 (full 0):
 garbage-first heap   total 1261568K, used 40638K [0x0000000080000000, 0x0000000800000000)
  region size 4096K, 2 young (8192K), 2 survivors (8192K)
 Metaspace       used 17829K, capacity 18529K, committed 18688K, reserved 1064960K
  class space    used 1965K, capacity 2251K, committed 2304K, reserved 1048576K
}
Event: 37.359 GC heap before
{Heap before GC invocations=50 (full 0):
 garbage-first heap   total 1261568K, used 786110K [0x0000000080000000, 0x0000000800000000)
  region size 4096K, 184 young (753664K), 2 survivors (8192K)
 Metaspace       used 17831K, capacity 18529K, committed 18688K, reserved 1064960K
  class space    used 1965K, capacity 2251K, committed 2304K, reserved 1048576K
}
Event: 37.363 GC heap after
{Heap after GC invocations=51 (full 0):
 garbage-first heap   total 1261568K, used 41182K [0x0000000080000000, 0x0000000800000000)
  region size 4096K, 2 young (8192K), 2 survivors (8192K)
 Metaspace       used 17831K, capacity 18529K, committed 18688K, reserved 1064960K
  class space    used 1965K, capacity 2251K, committed 2304K, reserved 1048576K
}
Event: 63.470 GC heap before
{Heap before GC invocations=51 (full 0):
 garbage-first heap   total 1261568K, used 786654K [0x0000000080000000, 0x0000000800000000)
  region size 4096K, 184 young (753664K), 2 survivors (8192K)
 Metaspace       used 19039K, capacity 20062K, committed 20352K, reserved 1067008K
  class space    used 2206K, capacity 2663K, committed 2688K, reserved 1048576K
}
Event: 63.476 GC heap after
{Heap after GC invocations=52 (full 0):
 garbage-first heap   total 1261568K, used 42387K [0x0000000080000000, 0x0000000800000000)
  region size 4096K, 2 young (8192K), 2 survivors (8192K)
 Metaspace       used 19039K, capacity 20062K, committed 20352K, reserved 1067008K
  class space    used 2206K, capacity 2663K, committed 2688K, reserved 1048576K
}
Event: 64.888 GC heap before
{Heap before GC invocations=52 (full 0):
 garbage-first heap   total 1261568K, used 787859K [0x0000000080000000, 0x0000000800000000)
  region size 4096K, 184 young (753664K), 2 survivors (8192K)
 Metaspace       used 19060K, capacity 20065K, committed 20352K, reserved 1067008K
  class space    used 2206K, capacity 2663K, committed 2688K, reserved 1048576K
}
Event: 64.893 GC heap after
{Heap after GC invocations=53 (full 0):
 garbage-first heap   total 1261568K, used 42205K [0x0000000080000000, 0x0000000800000000)
  region size 4096K, 2 young (8192K), 2 survivors (8192K)
 Metaspace       used 19060K, capacity 20065K, committed 20352K, reserved 1067008K
  class space    used 2206K, capacity 2663K, committed 2688K, reserved 1048576K
}

