# JRE version: OpenJDK Runtime Environment (11.0.8+10) (build 11.0.8+10-post-Ubuntu-0ubuntu120.04)
# Java VM: OpenJDK 64-Bit Server VM (11.0.8+10-post-Ubuntu-0ubuntu120.04, mixed mode, sharing, tiered, compressed oops, g1 gc, linux-amd64)
Heap:
 garbage-first heap   total 1310720K, used 222895K [0x0000000080000000, 0x0000000800000000)
  region size 4096K, 47 young (192512K), 2 survivors (8192K)
 Metaspace       used 19248K, capacity 20242K, committed 20352K, reserved 1067008K
  class space    used 2222K, capacity 2677K, committed 2688K, reserved 1048576K
GC Heap History (20 events):
Event: 36.265 GC heap before
{Heap before GC invocations=47 (full 0):
 garbage-first heap   total 1310720K, used 817297K [0x0000000080000000, 0x0000000800000000)
  region size 4096K, 192 young (786432K), 2 survivors (8192K)
 Metaspace       used 17665K, capacity 18273K, committed 18688K, reserved 1064960K
  class space    used 1942K, capacity 2184K, committed 2304K, reserved 1048576K
}
Event: 36.269 GC heap after
{Heap after GC invocations=48 (full 0):
 garbage-first heap   total 1310720K, used 39708K [0x0000000080000000, 0x0000000800000000)
  region size 4096K, 2 young (8192K), 2 survivors (8192K)
 Metaspace       used 17665K, capacity 18273K, committed 18688K, reserved 1064960K
  class space    used 1942K, capacity 2184K, committed 2304K, reserved 1048576K
}
Event: 37.184 GC heap before
{Heap before GC invocations=48 (full 0):
 garbage-first heap   total 1310720K, used 817948K [0x0000000080000000, 0x0000000800000000)
  region size 4096K, 192 young (786432K), 2 survivors (8192K)
 Metaspace       used 17666K, capacity 18273K, committed 18688K, reserved 1064960K
  class space    used 1942K, capacity 2184K, committed 2304K, reserved 1048576K
}
Event: 37.189 GC heap after
{Heap after GC invocations=49 (full 0):
 garbage-first heap   total 1310720K, used 39727K [0x0000000080000000, 0x0000000800000000)
  region size 4096K, 2 young (8192K), 2 survivors (8192K)
 Metaspace       used 17666K, capacity 18273K, committed 18688K, reserved 1064960K
  class space    used 1942K, capacity 2184K, committed 2304K, reserved 1048576K
}
Event: 45.893 GC heap before
{Heap before GC invocations=49 (full 0):
 garbage-first heap   total 1310720K, used 817967K [0x0000000080000000, 0x0000000800000000)
  region size 4096K, 192 young (786432K), 2 survivors (8192K)
 Metaspace       used 18744K, capacity 19758K, committed 20096K, reserved 1067008K
  class space    used 2160K, capacity 2604K, committed 2688K, reserved 1048576K
}
Event: 45.897 GC heap after
{Heap after GC invocations=50 (full 0):
 garbage-first heap   total 1310720K, used 41008K [0x0000000080000000, 0x0000000800000000)
  region size 4096K, 2 young (8192K), 2 survivors (8192K)
 Metaspace       used 18744K, capacity 19758K, committed 20096K, reserved 1067008K
  class space    used 2160K, capacity 2604K, committed 2688K, reserved 1048576K
}
Event: 57.947 GC heap before
{Heap before GC invocations=50 (full 0):
 garbage-first heap   total 1310720K, used 819248K [0x0000000080000000, 0x0000000800000000)
  region size 4096K, 192 young (786432K), 2 survivors (8192K)
 Metaspace       used 18797K, capacity 19761K, committed 20096K, reserved 1067008K
  class space    used 2160K, capacity 2604K, committed 2688K, reserved 1048576K
}
Event: 57.952 GC heap after
{Heap after GC invocations=51 (full 0):
 garbage-first heap   total 1310720K, used 41167K [0x0000000080000000, 0x0000000800000000)
  region size 4096K, 2 young (8192K), 2 survivors (8192K)
 Metaspace       used 18797K, capacity 19761K, committed 20096K, reserved 1067008K
  class space    used 2160K, capacity 2604K, committed 2688K, reserved 1048576K
}
Event: 62.542 GC heap before
{Heap before GC invocations=51 (full 0):
 garbage-first heap   total 1310720K, used 819407K [0x0000000080000000, 0x0000000800000000)
  region size 4096K, 192 young (786432K), 2 survivors (8192K)
 Metaspace       used 18828K, capacity 19826K, committed 20096K, reserved 1067008K
  class space    used 2160K, capacity 2604K, committed 2688K, reserved 1048576K
}
Event: 62.547 GC heap after
{Heap after GC invocations=52 (full 0):
 garbage-first heap   total 1310720K, used 41328K [0x0000000080000000, 0x0000000800000000)
  region size 4096K, 2 young (8192K), 2 survivors (8192K)
 Metaspace       used 18828K, capacity 19826K, committed 20096K, reserved 1067008K
  class space    used 2160K, capacity 2604K, committed 2688K, reserved 1048576K
}
Event: 66.303 GC heap before
{Heap before GC invocations=52 (full 0):
 garbage-first heap   total 1310720K, used 819568K [0x0000000080000000, 0x0000000800000000)
  region size 4096K, 192 young (786432K), 2 survivors (8192K)
 Metaspace       used 18838K, capacity 19826K, committed 20096K, reserved 1067008K
  class space    used 2160K, capacity 2604K, committed 2688K, reserved 1048576K
}
Event: 66.308 GC heap after
{Heap after GC invocations=53 (full 0):
 garbage-first heap   total 1310720K, used 41738K [0x0000000080000000, 0x0000000800000000)
  region size 4096K, 2 young (8192K), 2 survivors (8192K)
 Metaspace       used 18838K, capacity 19826K, committed 20096K, reserved 1067008K
  class space    used 2160K, capacity 2604K, committed 2688K, reserved 1048576K
}
Event: 70.605 GC heap before
{Heap before GC invocations=53 (full 0):
 garbage-first heap   total 1310720K, used 819978K [0x0000000080000000, 0x0000000800000000)
  region size 4096K, 192 young (786432K), 2 survivors (8192K)
 Metaspace       used 18854K, capacity 19832K, committed 20096K, reserved 1067008K
  class space    used 2160K, capacity 2604K, committed 2688K, reserved 1048576K
}
Event: 70.610 GC heap after
{Heap after GC invocations=54 (full 0):
 garbage-first heap   total 1310720K, used 41882K [0x0000000080000000, 0x0000000800000000)
  region size 4096K, 2 young (8192K), 2 survivors (8192K)
 Metaspace       used 18854K, capacity 19832K, committed 20096K, reserved 1067008K
  class space    used 2160K, capacity 2604K, committed 2688K, reserved 1048576K
}
Event: 73.398 GC heap before
{Heap before GC invocations=54 (full 0):
 garbage-first heap   total 1310720K, used 820122K [0x0000000080000000, 0x0000000800000000)
  region size 4096K, 192 young (786432K), 2 survivors (8192K)
 Metaspace       used 18918K, capacity 19873K, committed 20096K, reserved 1067008K
  class space    used 2168K, capacity 2617K, committed 2688K, reserved 1048576K
}
Event: 73.402 GC heap after
{Heap after GC invocations=55 (full 0):
 garbage-first heap   total 1310720K, used 41888K [0x0000000080000000, 0x0000000800000000)
  region size 4096K, 2 young (8192K), 2 survivors (8192K)
 Metaspace       used 18918K, capacity 19873K, committed 20096K, reserved 1067008K
  class space    used 2168K, capacity 2617K, committed 2688K, reserved 1048576K
}
Event: 84.350 GC heap before
{Heap before GC invocations=55 (full 0):
 garbage-first heap   total 1310720K, used 820128K [0x0000000080000000, 0x0000000800000000)
  region size 4096K, 192 young (786432K), 2 survivors (8192K)
 Metaspace       used 19246K, capacity 20238K, committed 20352K, reserved 1067008K
  class space    used 2222K, capacity 2677K, committed 2688K, reserved 1048576K
}
Event: 84.357 GC heap after
{Heap after GC invocations=56 (full 0):
 garbage-first heap   total 1310720K, used 42150K [0x0000000080000000, 0x0000000800000000)
  region size 4096K, 2 young (8192K), 2 survivors (8192K)
 Metaspace       used 19246K, capacity 20238K, committed 20352K, reserved 1067008K
  class space    used 2222K, capacity 2677K, committed 2688K, reserved 1048576K
}
Event: 85.312 GC heap before
{Heap before GC invocations=56 (full 0):
 garbage-first heap   total 1310720K, used 820390K [0x0000000080000000, 0x0000000800000000)
  region size 4096K, 192 young (786432K), 2 survivors (8192K)
 Metaspace       used 19246K, capacity 20238K, committed 20352K, reserved 1067008K
  class space    used 2222K, capacity 2677K, committed 2688K, reserved 1048576K
}
Event: 85.317 GC heap after
{Heap after GC invocations=57 (full 0):
 garbage-first heap   total 1310720K, used 42671K [0x0000000080000000, 0x0000000800000000)
  region size 4096K, 2 young (8192K), 2 survivors (8192K)
 Metaspace       used 19246K, capacity 20238K, committed 20352K, reserved 1067008K
  class space    used 2222K, capacity 2677K, committed 2688K, reserved 1048576K
}

