# JRE version: OpenJDK Runtime Environment (11.0.8+10) (build 11.0.8+10-post-Ubuntu-0ubuntu120.04)
# Java VM: OpenJDK 64-Bit Server VM (11.0.8+10-post-Ubuntu-0ubuntu120.04, mixed mode, sharing, tiered, compressed oops, g1 gc, linux-amd64)
Heap:
 garbage-first heap   total 1261568K, used 124394K [0x0000000400000000, 0x0000000800000000)
  region size 4096K, 23 young (94208K), 2 survivors (8192K)
 Metaspace       used 19369K, capacity 20461K, committed 20736K, reserved 1067008K
  class space    used 2234K, capacity 2708K, committed 2816K, reserved 1048576K
GC Heap History (20 events):
Event: 43.460 GC heap before
{Heap before GC invocations=43 (full 0):
 garbage-first heap   total 1261568K, used 783426K [0x0000000400000000, 0x0000000800000000)
  region size 4096K, 184 young (753664K), 2 survivors (8192K)
 Metaspace       used 17830K, capacity 18431K, committed 18688K, reserved 1064960K
  class space    used 1961K, capacity 2219K, committed 2304K, reserved 1048576K
}
Event: 43.465 GC heap after
{Heap after GC invocations=44 (full 0):
 garbage-first heap   total 1261568K, used 38239K [0x0000000400000000, 0x0000000800000000)
  region size 4096K, 2 young (8192K), 2 survivors (8192K)
 Metaspace       used 17830K, capacity 18431K, committed 18688K, reserved 1064960K
  class space    used 1961K, capacity 2219K, committed 2304K, reserved 1048576K
}
Event: 44.376 GC heap before
{Heap before GC invocations=44 (full 0):
 garbage-first heap   total 1261568K, used 783711K [0x0000000400000000, 0x0000000800000000)
  region size 4096K, 184 young (753664K), 2 survivors (8192K)
 Metaspace       used 17830K, capacity 18431K, committed 18688K, reserved 1064960K
  class space    used 1961K, capacity 2219K, committed 2304K, reserved 1048576K
}
Event: 44.381 GC heap after
{Heap after GC invocations=45 (full 0):
 garbage-first heap   total 1261568K, used 38482K [0x0000000400000000, 0x0000000800000000)
  region size 4096K, 2 young (8192K), 2 survivors (8192K)
 Metaspace       used 17830K, capacity 18431K, committed 18688K, reserved 1064960K
  class space    used 1961K, capacity 2219K, committed 2304K, reserved 1048576K
}
Event: 45.245 GC heap before
{Heap before GC invocations=45 (full 0):
 garbage-first heap   total 1261568K, used 783954K [0x0000000400000000, 0x0000000800000000)
  region size 4096K, 184 young (753664K), 2 survivors (8192K)
 Metaspace       used 17844K, capacity 18495K, committed 18688K, reserved 1064960K
  class space    used 1961K, capacity 2219K, committed 2304K, reserved 1048576K
}
Event: 45.249 GC heap after
{Heap after GC invocations=46 (full 0):
 garbage-first heap   total 1261568K, used 39031K [0x0000000400000000, 0x0000000800000000)
  region size 4096K, 2 young (8192K), 2 survivors (8192K)
 Metaspace       used 17844K, capacity 18495K, committed 18688K, reserved 1064960K
  class space    used 1961K, capacity 2219K, committed 2304K, reserved 1048576K
}
Event: 46.220 GC heap before
{Heap before GC invocations=46 (full 0):
 garbage-first heap   total 1261568K, used 784503K [0x0000000400000000, 0x0000000800000000)
  region size 4096K, 184 young (753664K), 2 survivors (8192K)
 Metaspace       used 17848K, capacity 18499K, committed 18688K, reserved 1064960K
  class space    used 1961K, capacity 2219K, committed 2304K, reserved 1048576K
}
Event: 46.225 GC heap after
{Heap after GC invocations=47 (full 0):
 garbage-first heap   total 1261568K, used 39494K [0x0000000400000000, 0x0000000800000000)
  region size 4096K, 2 young (8192K), 2 survivors (8192K)
 Metaspace       used 17848K, capacity 18499K, committed 18688K, reserved 1064960K
  class space    used 1961K, capacity 2219K, committed 2304K, reserved 1048576K
}
Event: 47.103 GC heap before
{Heap before GC invocations=47 (full 0):
 garbage-first heap   total 1261568K, used 784966K [0x0000000400000000, 0x0000000800000000)
  region size 4096K, 184 young (753664K), 2 survivors (8192K)
 Metaspace       used 17848K, capacity 18499K, committed 18688K, reserved 1064960K
  class space    used 1961K, capacity 2219K, committed 2304K, reserved 1048576K
}
Event: 47.107 GC heap after
{Heap after GC invocations=48 (full 0):
 garbage-first heap   total 1261568K, used 39852K [0x0000000400000000, 0x0000000800000000)
  region size 4096K, 2 young (8192K), 2 survivors (8192K)
 Metaspace       used 17848K, capacity 18499K, committed 18688K, reserved 1064960K
  class space    used 1961K, capacity 2219K, committed 2304K, reserved 1048576K
}
Event: 48.036 GC heap before
{Heap before GC invocations=48 (full 0):
 garbage-first heap   total 1261568K, used 785324K [0x0000000400000000, 0x0000000800000000)
  region size 4096K, 184 young (753664K), 2 survivors (8192K)
 Metaspace       used 17848K, capacity 18499K, committed 18688K, reserved 1064960K
  class space    used 1961K, capacity 2219K, committed 2304K, reserved 1048576K
}
Event: 48.041 GC heap after
{Heap after GC invocations=49 (full 0):
 garbage-first heap   total 1261568K, used 40233K [0x0000000400000000, 0x0000000800000000)
  region size 4096K, 2 young (8192K), 2 survivors (8192K)
 Metaspace       used 17848K, capacity 18499K, committed 18688K, reserved 1064960K
  class space    used 1961K, capacity 2219K, committed 2304K, reserved 1048576K
}
Event: 49.135 GC heap before
{Heap before GC invocations=49 (full 0):
 garbage-first heap   total 1261568K, used 785705K [0x0000000400000000, 0x0000000800000000)
  region size 4096K, 184 young (753664K), 2 survivors (8192K)
 Metaspace       used 17848K, capacity 18499K, committed 18688K, reserved 1064960K
  class space    used 1961K, capacity 2219K, committed 2304K, reserved 1048576K
}
Event: 49.143 GC heap after
{Heap after GC invocations=50 (full 0):
 garbage-first heap   total 1261568K, used 40733K [0x0000000400000000, 0x0000000800000000)
  region size 4096K, 2 young (8192K), 2 survivors (8192K)
 Metaspace       used 17848K, capacity 18499K, committed 18688K, reserved 1064960K
  class space    used 1961K, capacity 2219K, committed 2304K, reserved 1048576K
}
Event: 50.497 GC heap before
{Heap before GC invocations=50 (full 0):
 garbage-first heap   total 1261568K, used 786205K [0x0000000400000000, 0x0000000800000000)
  region size 4096K, 184 young (753664K), 2 survivors (8192K)
 Metaspace       used 17850K, capacity 18499K, committed 18688K, reserved 1064960K
  class space    used 1961K, capacity 2219K, committed 2304K, reserved 1048576K
}
Event: 50.501 GC heap after
{Heap after GC invocations=51 (full 0):
 garbage-first heap   total 1261568K, used 40778K [0x0000000400000000, 0x0000000800000000)
  region size 4096K, 2 young (8192K), 2 survivors (8192K)
 Metaspace       used 17850K, capacity 18499K, committed 18688K, reserved 1064960K
  class space    used 1961K, capacity 2219K, committed 2304K, reserved 1048576K
}
Event: 89.835 GC heap before
{Heap before GC invocations=51 (full 0):
 garbage-first heap   total 1261568K, used 786250K [0x0000000400000000, 0x0000000800000000)
  region size 4096K, 184 young (753664K), 2 survivors (8192K)
 Metaspace       used 19169K, capacity 20212K, committed 20480K, reserved 1067008K
  class space    used 2226K, capacity 2693K, committed 2816K, reserved 1048576K
}
Event: 89.845 GC heap after
{Heap after GC invocations=52 (full 0):
 garbage-first heap   total 1261568K, used 42099K [0x0000000400000000, 0x0000000800000000)
  region size 4096K, 2 young (8192K), 2 survivors (8192K)
 Metaspace       used 19169K, capacity 20212K, committed 20480K, reserved 1067008K
  class space    used 2226K, capacity 2693K, committed 2816K, reserved 1048576K
}
Event: 634.427 GC heap before
{Heap before GC invocations=52 (full 0):
 garbage-first heap   total 1261568K, used 787571K [0x0000000400000000, 0x0000000800000000)
  region size 4096K, 184 young (753664K), 2 survivors (8192K)
 Metaspace       used 19329K, capacity 20397K, committed 20736K, reserved 1067008K
  class space    used 2234K, capacity 2708K, committed 2816K, reserved 1048576K
}
Event: 634.434 GC heap after
{Heap after GC invocations=53 (full 0):
 garbage-first heap   total 1261568K, used 42474K [0x0000000400000000, 0x0000000800000000)
  region size 4096K, 2 young (8192K), 2 survivors (8192K)
 Metaspace       used 19329K, capacity 20397K, committed 20736K, reserved 1067008K
  class space    used 2234K, capacity 2708K, committed 2816K, reserved 1048576K
}

