# JRE version: OpenJDK Runtime Environment (11.0.8+10) (build 11.0.8+10-post-Ubuntu-0ubuntu120.04)
# Java VM: OpenJDK 64-Bit Server VM (11.0.8+10-post-Ubuntu-0ubuntu120.04, mixed mode, sharing, tiered, compressed oops, g1 gc, linux-amd64)
Heap:
 garbage-first heap   total 1138688K, used 362809K [0x0000000080000000, 0x0000000800000000)
  region size 4096K, 81 young (331776K), 2 survivors (8192K)
 Metaspace       used 19322K, capacity 20385K, committed 20608K, reserved 1067008K
  class space    used 2223K, capacity 2678K, committed 2688K, reserved 1048576K
GC Heap History (20 events):
Event: 34.521 GC heap before
{Heap before GC invocations=50 (full 0):
 garbage-first heap   total 1138688K, used 710823K [0x0000000080000000, 0x0000000800000000)
  region size 4096K, 166 young (679936K), 2 survivors (8192K)
 Metaspace       used 17684K, capacity 18338K, committed 18688K, reserved 1064960K
  class space    used 1942K, capacity 2184K, committed 2304K, reserved 1048576K
}
Event: 34.528 GC heap after
{Heap after GC invocations=51 (full 0):
 garbage-first heap   total 1138688K, used 39378K [0x0000000080000000, 0x0000000800000000)
  region size 4096K, 2 young (8192K), 2 survivors (8192K)
 Metaspace       used 17684K, capacity 18338K, committed 18688K, reserved 1064960K
  class space    used 1942K, capacity 2184K, committed 2304K, reserved 1048576K
}
Event: 35.197 GC heap before
{Heap before GC invocations=51 (full 0):
 garbage-first heap   total 1138688K, used 711122K [0x0000000080000000, 0x0000000800000000)
  region size 4096K, 166 young (679936K), 2 survivors (8192K)
 Metaspace       used 17684K, capacity 18338K, committed 18688K, reserved 1064960K
  class space    used 1942K, capacity 2184K, committed 2304K, reserved 1048576K
}
Event: 35.200 GC heap after
{Heap after GC invocations=52 (full 0):
 garbage-first heap   total 1138688K, used 39727K [0x0000000080000000, 0x0000000800000000)
  region size 4096K, 2 young (8192K), 2 survivors (8192K)
 Metaspace       used 17684K, capacity 18338K, committed 18688K, reserved 1064960K
  class space    used 1942K, capacity 2184K, committed 2304K, reserved 1048576K
}
Event: 35.849 GC heap before
{Heap before GC invocations=52 (full 0):
 garbage-first heap   total 1138688K, used 711471K [0x0000000080000000, 0x0000000800000000)
  region size 4096K, 166 young (679936K), 2 survivors (8192K)
 Metaspace       used 17684K, capacity 18338K, committed 18688K, reserved 1064960K
  class space    used 1942K, capacity 2184K, committed 2304K, reserved 1048576K
}
Event: 35.854 GC heap after
{Heap after GC invocations=53 (full 0):
 garbage-first heap   total 1138688K, used 40031K [0x0000000080000000, 0x0000000800000000)
  region size 4096K, 2 young (8192K), 2 survivors (8192K)
 Metaspace       used 17684K, capacity 18338K, committed 18688K, reserved 1064960K
  class space    used 1942K, capacity 2184K, committed 2304K, reserved 1048576K
}
Event: 36.566 GC heap before
{Heap before GC invocations=53 (full 0):
 garbage-first heap   total 1138688K, used 711775K [0x0000000080000000, 0x0000000800000000)
  region size 4096K, 166 young (679936K), 2 survivors (8192K)
 Metaspace       used 17684K, capacity 18338K, committed 18688K, reserved 1064960K
  class space    used 1942K, capacity 2184K, committed 2304K, reserved 1048576K
}
Event: 36.571 GC heap after
{Heap after GC invocations=54 (full 0):
 garbage-first heap   total 1138688K, used 40615K [0x0000000080000000, 0x0000000800000000)
  region size 4096K, 2 young (8192K), 2 survivors (8192K)
 Metaspace       used 17684K, capacity 18338K, committed 18688K, reserved 1064960K
  class space    used 1942K, capacity 2184K, committed 2304K, reserved 1048576K
}
Event: 37.384 GC heap before
{Heap before GC invocations=54 (full 0):
 garbage-first heap   total 1138688K, used 712359K [0x0000000080000000, 0x0000000800000000)
  region size 4096K, 166 young (679936K), 2 survivors (8192K)
 Metaspace       used 17685K, capacity 18338K, committed 18688K, reserved 1064960K
  class space    used 1942K, capacity 2184K, committed 2304K, reserved 1048576K
}
Event: 37.388 GC heap after
{Heap after GC invocations=55 (full 0):
 garbage-first heap   total 1138688K, used 40930K [0x0000000080000000, 0x0000000800000000)
  region size 4096K, 2 young (8192K), 2 survivors (8192K)
 Metaspace       used 17685K, capacity 18338K, committed 18688K, reserved 1064960K
  class space    used 1942K, capacity 2184K, committed 2304K, reserved 1048576K
}
Event: 38.249 GC heap before
{Heap before GC invocations=55 (full 0):
 garbage-first heap   total 1138688K, used 712674K [0x0000000080000000, 0x0000000800000000)
  region size 4096K, 166 young (679936K), 2 survivors (8192K)
 Metaspace       used 17686K, capacity 18338K, committed 18688K, reserved 1064960K
  class space    used 1942K, capacity 2184K, committed 2304K, reserved 1048576K
}
Event: 38.253 GC heap after
{Heap after GC invocations=56 (full 0):
 garbage-first heap   total 1138688K, used 41167K [0x0000000080000000, 0x0000000800000000)
  region size 4096K, 2 young (8192K), 2 survivors (8192K)
 Metaspace       used 17686K, capacity 18338K, committed 18688K, reserved 1064960K
  class space    used 1942K, capacity 2184K, committed 2304K, reserved 1048576K
}
Event: 62.994 GC heap before
{Heap before GC invocations=56 (full 0):
 garbage-first heap   total 1138688K, used 712911K [0x0000000080000000, 0x0000000800000000)
  region size 4096K, 166 young (679936K), 2 survivors (8192K)
 Metaspace       used 19080K, capacity 20121K, committed 20352K, reserved 1067008K
  class space    used 2214K, capacity 2664K, committed 2688K, reserved 1048576K
}
Event: 62.998 GC heap after
{Heap after GC invocations=57 (full 0):
 garbage-first heap   total 1138688K, used 42577K [0x0000000080000000, 0x0000000800000000)
  region size 4096K, 2 young (8192K), 2 survivors (8192K)
 Metaspace       used 19080K, capacity 20121K, committed 20352K, reserved 1067008K
  class space    used 2214K, capacity 2664K, committed 2688K, reserved 1048576K
}
Event: 157.204 GC heap before
{Heap before GC invocations=57 (full 0):
 garbage-first heap   total 1138688K, used 714321K [0x0000000080000000, 0x0000000800000000)
  region size 4096K, 166 young (679936K), 2 survivors (8192K)
 Metaspace       used 19150K, capacity 20135K, committed 20352K, reserved 1067008K
  class space    used 2215K, capacity 2664K, committed 2688K, reserved 1048576K
}
Event: 157.208 GC heap after
{Heap after GC invocations=58 (full 0):
 garbage-first heap   total 1138688K, used 42687K [0x0000000080000000, 0x0000000800000000)
  region size 4096K, 2 young (8192K), 2 survivors (8192K)
 Metaspace       used 19150K, capacity 20135K, committed 20352K, reserved 1067008K
  class space    used 2215K, capacity 2664K, committed 2688K, reserved 1048576K
}
Event: 313.676 GC heap before
{Heap before GC invocations=58 (full 0):
 garbage-first heap   total 1138688K, used 714431K [0x0000000080000000, 0x0000000800000000)
  region size 4096K, 166 young (679936K), 2 survivors (8192K)
 Metaspace       used 19275K, capacity 20311K, committed 20352K, reserved 1067008K
  class space    used 2223K, capacity 2678K, committed 2688K, reserved 1048576K
}
Event: 313.683 GC heap after
{Heap after GC invocations=59 (full 0):
 garbage-first heap   total 1138688K, used 42950K [0x0000000080000000, 0x0000000800000000)
  region size 4096K, 2 young (8192K), 2 survivors (8192K)
 Metaspace       used 19275K, capacity 20311K, committed 20352K, reserved 1067008K
  class space    used 2223K, capacity 2678K, committed 2688K, reserved 1048576K
}
Event: 415.502 GC heap before
{Heap before GC invocations=59 (full 0):
 garbage-first heap   total 1138688K, used 714694K [0x0000000080000000, 0x0000000800000000)
  region size 4096K, 166 young (679936K), 2 survivors (8192K)
 Metaspace       used 19314K, capacity 20385K, committed 20608K, reserved 1067008K
  class space    used 2223K, capacity 2678K, committed 2688K, reserved 1048576K
}
Event: 415.509 GC heap after
{Heap after GC invocations=60 (full 0):
 garbage-first heap   total 1138688K, used 43321K [0x0000000080000000, 0x0000000800000000)
  region size 4096K, 2 young (8192K), 2 survivors (8192K)
 Metaspace       used 19314K, capacity 20385K, committed 20608K, reserved 1067008K
  class space    used 2223K, capacity 2678K, committed 2688K, reserved 1048576K
}

