# JRE version: OpenJDK Runtime Environment (11.0.8+10) (build 11.0.8+10-post-Ubuntu-0ubuntu120.04)
# Java VM: OpenJDK 64-Bit Server VM (11.0.8+10-post-Ubuntu-0ubuntu120.04, mixed mode, sharing, tiered, compressed oops, g1 gc, linux-amd64)
Heap:
 garbage-first heap   total 1019904K, used 173828K [0x0000000080000000, 0x0000000800000000)
  region size 4096K, 35 young (143360K), 2 survivors (8192K)
 Metaspace       used 19573K, capacity 20618K, committed 20992K, reserved 1067008K
  class space    used 2240K, capacity 2709K, committed 2816K, reserved 1048576K
GC Heap History (20 events):
Event: 45.881 GC heap before
{Heap before GC invocations=55 (full 0):
 garbage-first heap   total 1019904K, used 641611K [0x0000000080000000, 0x0000000800000000)
  region size 4096K, 149 young (610304K), 2 survivors (8192K)
 Metaspace       used 17850K, capacity 18467K, committed 18688K, reserved 1064960K
  class space    used 1965K, capacity 2251K, committed 2304K, reserved 1048576K
}
Event: 45.884 GC heap after
{Heap after GC invocations=56 (full 0):
 garbage-first heap   total 1019904K, used 39779K [0x0000000080000000, 0x0000000800000000)
  region size 4096K, 2 young (8192K), 2 survivors (8192K)
 Metaspace       used 17850K, capacity 18467K, committed 18688K, reserved 1064960K
  class space    used 1965K, capacity 2251K, committed 2304K, reserved 1048576K
}
Event: 46.695 GC heap before
{Heap before GC invocations=56 (full 0):
 garbage-first heap   total 1019904K, used 641891K [0x0000000080000000, 0x0000000800000000)
  region size 4096K, 149 young (610304K), 2 survivors (8192K)
 Metaspace       used 17850K, capacity 18467K, committed 18688K, reserved 1064960K
  class space    used 1965K, capacity 2251K, committed 2304K, reserved 1048576K
}
Event: 46.701 GC heap after
{Heap after GC invocations=57 (full 0):
 garbage-first heap   total 1019904K, used 39865K [0x0000000080000000, 0x0000000800000000)
  region size 4096K, 2 young (8192K), 2 survivors (8192K)
 Metaspace       used 17850K, capacity 18467K, committed 18688K, reserved 1064960K
  class space    used 1965K, capacity 2251K, committed 2304K, reserved 1048576K
}
Event: 47.504 GC heap before
{Heap before GC invocations=57 (full 0):
 garbage-first heap   total 1019904K, used 641977K [0x0000000080000000, 0x0000000800000000)
  region size 4096K, 149 young (610304K), 2 survivors (8192K)
 Metaspace       used 17850K, capacity 18467K, committed 18688K, reserved 1064960K
  class space    used 1965K, capacity 2251K, committed 2304K, reserved 1048576K
}
Event: 47.508 GC heap after
{Heap after GC invocations=58 (full 0):
 garbage-first heap   total 1019904K, used 40451K [0x0000000080000000, 0x0000000800000000)
  region size 4096K, 2 young (8192K), 2 survivors (8192K)
 Metaspace       used 17850K, capacity 18467K, committed 18688K, reserved 1064960K
  class space    used 1965K, capacity 2251K, committed 2304K, reserved 1048576K
}
Event: 48.381 GC heap before
{Heap before GC invocations=58 (full 0):
 garbage-first heap   total 1019904K, used 642563K [0x0000000080000000, 0x0000000800000000)
  region size 4096K, 149 young (610304K), 2 survivors (8192K)
 Metaspace       used 17850K, capacity 18467K, committed 18688K, reserved 1064960K
  class space    used 1965K, capacity 2251K, committed 2304K, reserved 1048576K
}
Event: 48.384 GC heap after
{Heap after GC invocations=59 (full 0):
 garbage-first heap   total 1019904K, used 40778K [0x0000000080000000, 0x0000000800000000)
  region size 4096K, 2 young (8192K), 2 survivors (8192K)
 Metaspace       used 17850K, capacity 18467K, committed 18688K, reserved 1064960K
  class space    used 1965K, capacity 2251K, committed 2304K, reserved 1048576K
}
Event: 49.395 GC heap before
{Heap before GC invocations=59 (full 0):
 garbage-first heap   total 1019904K, used 642890K [0x0000000080000000, 0x0000000800000000)
  region size 4096K, 149 young (610304K), 2 survivors (8192K)
 Metaspace       used 17852K, capacity 18467K, committed 18688K, reserved 1064960K
  class space    used 1965K, capacity 2251K, committed 2304K, reserved 1048576K
}
Event: 49.398 GC heap after
{Heap after GC invocations=60 (full 0):
 garbage-first heap   total 1019904K, used 41136K [0x0000000080000000, 0x0000000800000000)
  region size 4096K, 2 young (8192K), 2 survivors (8192K)
 Metaspace       used 17852K, capacity 18467K, committed 18688K, reserved 1064960K
  class space    used 1965K, capacity 2251K, committed 2304K, reserved 1048576K
}
Event: 60.542 GC heap before
{Heap before GC invocations=60 (full 0):
 garbage-first heap   total 1019904K, used 643248K [0x0000000080000000, 0x0000000800000000)
  region size 4096K, 149 young (610304K), 2 survivors (8192K)
 Metaspace       used 19166K, capacity 20200K, committed 20480K, reserved 1067008K
  class space    used 2228K, capacity 2693K, committed 2816K, reserved 1048576K
}
Event: 60.549 GC heap after
{Heap after GC invocations=61 (full 0):
 garbage-first heap   total 1019904K, used 42211K [0x0000000080000000, 0x0000000800000000)
  region size 4096K, 2 young (8192K), 2 survivors (8192K)
 Metaspace       used 19166K, capacity 20200K, committed 20480K, reserved 1067008K
  class space    used 2228K, capacity 2693K, committed 2816K, reserved 1048576K
}
Event: 580.331 GC heap before
{Heap before GC invocations=61 (full 0):
 garbage-first heap   total 1019904K, used 644323K [0x0000000080000000, 0x0000000800000000)
  region size 4096K, 149 young (610304K), 2 survivors (8192K)
 Metaspace       used 19335K, capacity 20397K, committed 20736K, reserved 1067008K
  class space    used 2237K, capacity 2708K, committed 2816K, reserved 1048576K
}
Event: 580.337 GC heap after
{Heap after GC invocations=62 (full 0):
 garbage-first heap   total 1019904K, used 42282K [0x0000000080000000, 0x0000000800000000)
  region size 4096K, 2 young (8192K), 2 survivors (8192K)
 Metaspace       used 19335K, capacity 20397K, committed 20736K, reserved 1067008K
  class space    used 2237K, capacity 2708K, committed 2816K, reserved 1048576K
}
Event: 824.321 GC heap before
{Heap before GC invocations=62 (full 0):
 garbage-first heap   total 1019904K, used 644394K [0x0000000080000000, 0x0000000800000000)
  region size 4096K, 149 young (610304K), 2 survivors (8192K)
 Metaspace       used 19396K, capacity 20461K, committed 20736K, reserved 1067008K
  class space    used 2237K, capacity 2708K, committed 2816K, reserved 1048576K
}
Event: 824.327 GC heap after
{Heap after GC invocations=63 (full 0):
 garbage-first heap   total 1019904K, used 42428K [0x0000000080000000, 0x0000000800000000)
  region size 4096K, 2 young (8192K), 2 survivors (8192K)
 Metaspace       used 19396K, capacity 20461K, committed 20736K, reserved 1067008K
  class space    used 2237K, capacity 2708K, committed 2816K, reserved 1048576K
}
Event: 1630.346 GC heap before
{Heap before GC invocations=63 (full 0):
 garbage-first heap   total 1019904K, used 644540K [0x0000000080000000, 0x0000000800000000)
  region size 4096K, 149 young (610304K), 2 survivors (8192K)
 Metaspace       used 19483K, capacity 20544K, committed 20736K, reserved 1067008K
  class space    used 2237K, capacity 2708K, committed 2816K, reserved 1048576K
}
Event: 1630.354 GC heap after
{Heap after GC invocations=64 (full 0):
 garbage-first heap   total 1019904K, used 42786K [0x0000000080000000, 0x0000000800000000)
  region size 4096K, 2 young (8192K), 2 survivors (8192K)
 Metaspace       used 19483K, capacity 20544K, committed 20736K, reserved 1067008K
  class space    used 2237K, capacity 2708K, committed 2816K, reserved 1048576K
}
Event: 2172.358 GC heap before
{Heap before GC invocations=64 (full 0):
 garbage-first heap   total 1019904K, used 644898K [0x0000000080000000, 0x0000000800000000)
  region size 4096K, 149 young (610304K), 2 survivors (8192K)
 Metaspace       used 19563K, capacity 20614K, committed 20992K, reserved 1067008K
  class space    used 2238K, capacity 2708K, committed 2816K, reserved 1048576K
}
Event: 2172.363 GC heap after
{Heap after GC invocations=65 (full 0):
 garbage-first heap   total 1019904K, used 42756K [0x0000000080000000, 0x0000000800000000)
  region size 4096K, 2 young (8192K), 2 survivors (8192K)
 Metaspace       used 19563K, capacity 20614K, committed 20992K, reserved 1067008K
  class space    used 2238K, capacity 2708K, committed 2816K, reserved 1048576K
}

