# JRE version: OpenJDK Runtime Environment (11.0.8+10) (build 11.0.8+10-post-Ubuntu-0ubuntu120.04)
# Java VM: OpenJDK 64-Bit Server VM (11.0.8+10-post-Ubuntu-0ubuntu120.04, mixed mode, sharing, tiered, compressed oops, g1 gc, linux-amd64)
Heap:
 garbage-first heap   total 1167360K, used 194472K [0x0000000200000000, 0x0000000800000000)
  region size 4096K, 40 young (163840K), 2 survivors (8192K)
 Metaspace       used 19343K, capacity 20397K, committed 20736K, reserved 1067008K
  class space    used 2237K, capacity 2708K, committed 2816K, reserved 1048576K
GC Heap History (20 events):
Event: 37.390 GC heap before
{Heap before GC invocations=47 (full 0):
 garbage-first heap   total 1167360K, used 730833K [0x0000000200000000, 0x0000000800000000)
  region size 4096K, 171 young (700416K), 2 survivors (8192K)
 Metaspace       used 17790K, capacity 18463K, committed 18688K, reserved 1064960K
  class space    used 1965K, capacity 2251K, committed 2304K, reserved 1048576K
}
Event: 37.394 GC heap after
{Heap after GC invocations=48 (full 0):
 garbage-first heap   total 1167360K, used 38905K [0x0000000200000000, 0x0000000800000000)
  region size 4096K, 2 young (8192K), 2 survivors (8192K)
 Metaspace       used 17790K, capacity 18463K, committed 18688K, reserved 1064960K
  class space    used 1965K, capacity 2251K, committed 2304K, reserved 1048576K
}
Event: 38.033 GC heap before
{Heap before GC invocations=48 (full 0):
 garbage-first heap   total 1167360K, used 731129K [0x0000000200000000, 0x0000000800000000)
  region size 4096K, 171 young (700416K), 2 survivors (8192K)
 Metaspace       used 17801K, capacity 18463K, committed 18688K, reserved 1064960K
  class space    used 1965K, capacity 2251K, committed 2304K, reserved 1048576K
}
Event: 38.036 GC heap after
{Heap after GC invocations=49 (full 0):
 garbage-first heap   total 1167360K, used 39325K [0x0000000200000000, 0x0000000800000000)
  region size 4096K, 2 young (8192K), 2 survivors (8192K)
 Metaspace       used 17801K, capacity 18463K, committed 18688K, reserved 1064960K
  class space    used 1965K, capacity 2251K, committed 2304K, reserved 1048576K
}
Event: 38.810 GC heap before
{Heap before GC invocations=49 (full 0):
 garbage-first heap   total 1167360K, used 731549K [0x0000000200000000, 0x0000000800000000)
  region size 4096K, 171 young (700416K), 2 survivors (8192K)
 Metaspace       used 17805K, capacity 18467K, committed 18688K, reserved 1064960K
  class space    used 1965K, capacity 2251K, committed 2304K, reserved 1048576K
}
Event: 38.815 GC heap after
{Heap after GC invocations=50 (full 0):
 garbage-first heap   total 1167360K, used 39649K [0x0000000200000000, 0x0000000800000000)
  region size 4096K, 2 young (8192K), 2 survivors (8192K)
 Metaspace       used 17805K, capacity 18467K, committed 18688K, reserved 1064960K
  class space    used 1965K, capacity 2251K, committed 2304K, reserved 1048576K
}
Event: 39.548 GC heap before
{Heap before GC invocations=50 (full 0):
 garbage-first heap   total 1167360K, used 731873K [0x0000000200000000, 0x0000000800000000)
  region size 4096K, 171 young (700416K), 2 survivors (8192K)
 Metaspace       used 17805K, capacity 18467K, committed 18688K, reserved 1064960K
  class space    used 1965K, capacity 2251K, committed 2304K, reserved 1048576K
}
Event: 39.552 GC heap after
{Heap after GC invocations=51 (full 0):
 garbage-first heap   total 1167360K, used 39979K [0x0000000200000000, 0x0000000800000000)
  region size 4096K, 2 young (8192K), 2 survivors (8192K)
 Metaspace       used 17805K, capacity 18467K, committed 18688K, reserved 1064960K
  class space    used 1965K, capacity 2251K, committed 2304K, reserved 1048576K
}
Event: 40.303 GC heap before
{Heap before GC invocations=51 (full 0):
 garbage-first heap   total 1167360K, used 732203K [0x0000000200000000, 0x0000000800000000)
  region size 4096K, 171 young (700416K), 2 survivors (8192K)
 Metaspace       used 17805K, capacity 18467K, committed 18688K, reserved 1064960K
  class space    used 1965K, capacity 2251K, committed 2304K, reserved 1048576K
}
Event: 40.308 GC heap after
{Heap after GC invocations=52 (full 0):
 garbage-first heap   total 1167360K, used 40406K [0x0000000200000000, 0x0000000800000000)
  region size 4096K, 2 young (8192K), 2 survivors (8192K)
 Metaspace       used 17805K, capacity 18467K, committed 18688K, reserved 1064960K
  class space    used 1965K, capacity 2251K, committed 2304K, reserved 1048576K
}
Event: 41.043 GC heap before
{Heap before GC invocations=52 (full 0):
 garbage-first heap   total 1167360K, used 732630K [0x0000000200000000, 0x0000000800000000)
  region size 4096K, 171 young (700416K), 2 survivors (8192K)
 Metaspace       used 17805K, capacity 18467K, committed 18688K, reserved 1064960K
  class space    used 1965K, capacity 2251K, committed 2304K, reserved 1048576K
}
Event: 41.048 GC heap after
{Heap after GC invocations=53 (full 0):
 garbage-first heap   total 1167360K, used 40519K [0x0000000200000000, 0x0000000800000000)
  region size 4096K, 2 young (8192K), 2 survivors (8192K)
 Metaspace       used 17805K, capacity 18467K, committed 18688K, reserved 1064960K
  class space    used 1965K, capacity 2251K, committed 2304K, reserved 1048576K
}
Event: 41.925 GC heap before
{Heap before GC invocations=53 (full 0):
 garbage-first heap   total 1167360K, used 732743K [0x0000000200000000, 0x0000000800000000)
  region size 4096K, 171 young (700416K), 2 survivors (8192K)
 Metaspace       used 17805K, capacity 18467K, committed 18688K, reserved 1064960K
  class space    used 1965K, capacity 2251K, committed 2304K, reserved 1048576K
}
Event: 41.929 GC heap after
{Heap after GC invocations=54 (full 0):
 garbage-first heap   total 1167360K, used 41100K [0x0000000200000000, 0x0000000800000000)
  region size 4096K, 2 young (8192K), 2 survivors (8192K)
 Metaspace       used 17805K, capacity 18467K, committed 18688K, reserved 1064960K
  class space    used 1965K, capacity 2251K, committed 2304K, reserved 1048576K
}
Event: 42.742 GC heap before
{Heap before GC invocations=54 (full 0):
 garbage-first heap   total 1167360K, used 733324K [0x0000000200000000, 0x0000000800000000)
  region size 4096K, 171 young (700416K), 2 survivors (8192K)
 Metaspace       used 17808K, capacity 18467K, committed 18688K, reserved 1064960K
  class space    used 1965K, capacity 2251K, committed 2304K, reserved 1048576K
}
Event: 42.747 GC heap after
{Heap after GC invocations=55 (full 0):
 garbage-first heap   total 1167360K, used 41327K [0x0000000200000000, 0x0000000800000000)
  region size 4096K, 2 young (8192K), 2 survivors (8192K)
 Metaspace       used 17808K, capacity 18467K, committed 18688K, reserved 1064960K
  class space    used 1965K, capacity 2251K, committed 2304K, reserved 1048576K
}
Event: 386.268 GC heap before
{Heap before GC invocations=55 (full 0):
 garbage-first heap   total 1167360K, used 733551K [0x0000000200000000, 0x0000000800000000)
  region size 4096K, 171 young (700416K), 2 survivors (8192K)
 Metaspace       used 19222K, capacity 20257K, committed 20480K, reserved 1067008K
  class space    used 2236K, capacity 2708K, committed 2816K, reserved 1048576K
}
Event: 386.273 GC heap after
{Heap after GC invocations=56 (full 0):
 garbage-first heap   total 1167360K, used 42534K [0x0000000200000000, 0x0000000800000000)
  region size 4096K, 2 young (8192K), 2 survivors (8192K)
 Metaspace       used 19222K, capacity 20257K, committed 20480K, reserved 1067008K
  class space    used 2236K, capacity 2708K, committed 2816K, reserved 1048576K
}
Event: 756.350 GC heap before
{Heap before GC invocations=56 (full 0):
 garbage-first heap   total 1167360K, used 734758K [0x0000000200000000, 0x0000000800000000)
  region size 4096K, 171 young (700416K), 2 survivors (8192K)
 Metaspace       used 19339K, capacity 20397K, committed 20736K, reserved 1067008K
  class space    used 2237K, capacity 2708K, committed 2816K, reserved 1048576K
}
Event: 756.355 GC heap after
{Heap after GC invocations=57 (full 0):
 garbage-first heap   total 1167360K, used 42920K [0x0000000200000000, 0x0000000800000000)
  region size 4096K, 2 young (8192K), 2 survivors (8192K)
 Metaspace       used 19339K, capacity 20397K, committed 20736K, reserved 1067008K
  class space    used 2237K, capacity 2708K, committed 2816K, reserved 1048576K
}

