# JRE version: OpenJDK Runtime Environment (11.0.8+10) (build 11.0.8+10-post-Ubuntu-0ubuntu120.04)
# Java VM: OpenJDK 64-Bit Server VM (11.0.8+10-post-Ubuntu-0ubuntu120.04, mixed mode, sharing, tiered, compressed oops, g1 gc, linux-amd64)
Heap:
 garbage-first heap   total 1314816K, used 783651K [0x0000000400000000, 0x0000000800000000)
  region size 4096K, 184 young (753664K), 2 survivors (8192K)
 Metaspace       used 19318K, capacity 20332K, committed 20480K, reserved 1067008K
  class space    used 2237K, capacity 2708K, committed 2816K, reserved 1048576K
GC Heap History (20 events):
Event: 32.818 GC heap before
{Heap before GC invocations=41 (full 0):
 garbage-first heap   total 1314816K, used 815482K [0x0000000400000000, 0x0000000800000000)
  region size 4096K, 192 young (786432K), 2 survivors (8192K)
 Metaspace       used 17764K, capacity 18467K, committed 18688K, reserved 1064960K
  class space    used 1965K, capacity 2251K, committed 2304K, reserved 1048576K
}
Event: 32.822 GC heap after
{Heap after GC invocations=42 (full 0):
 garbage-first heap   total 1314816K, used 37655K [0x0000000400000000, 0x0000000800000000)
  region size 4096K, 2 young (8192K), 2 survivors (8192K)
 Metaspace       used 17764K, capacity 18467K, committed 18688K, reserved 1064960K
  class space    used 1965K, capacity 2251K, committed 2304K, reserved 1048576K
}
Event: 33.543 GC heap before
{Heap before GC invocations=42 (full 0):
 garbage-first heap   total 1314816K, used 815895K [0x0000000400000000, 0x0000000800000000)
  region size 4096K, 192 young (786432K), 2 survivors (8192K)
 Metaspace       used 17764K, capacity 18467K, committed 18688K, reserved 1064960K
  class space    used 1965K, capacity 2251K, committed 2304K, reserved 1048576K
}
Event: 33.548 GC heap after
{Heap after GC invocations=43 (full 0):
 garbage-first heap   total 1314816K, used 38174K [0x0000000400000000, 0x0000000800000000)
  region size 4096K, 2 young (8192K), 2 survivors (8192K)
 Metaspace       used 17764K, capacity 18467K, committed 18688K, reserved 1064960K
  class space    used 1965K, capacity 2251K, committed 2304K, reserved 1048576K
}
Event: 34.298 GC heap before
{Heap before GC invocations=43 (full 0):
 garbage-first heap   total 1314816K, used 816414K [0x0000000400000000, 0x0000000800000000)
  region size 4096K, 192 young (786432K), 2 survivors (8192K)
 Metaspace       used 17776K, capacity 18467K, committed 18688K, reserved 1064960K
  class space    used 1965K, capacity 2251K, committed 2304K, reserved 1048576K
}
Event: 34.303 GC heap after
{Heap after GC invocations=44 (full 0):
 garbage-first heap   total 1314816K, used 38608K [0x0000000400000000, 0x0000000800000000)
  region size 4096K, 2 young (8192K), 2 survivors (8192K)
 Metaspace       used 17776K, capacity 18467K, committed 18688K, reserved 1064960K
  class space    used 1965K, capacity 2251K, committed 2304K, reserved 1048576K
}
Event: 35.060 GC heap before
{Heap before GC invocations=44 (full 0):
 garbage-first heap   total 1314816K, used 816848K [0x0000000400000000, 0x0000000800000000)
  region size 4096K, 192 young (786432K), 2 survivors (8192K)
 Metaspace       used 17776K, capacity 18467K, committed 18688K, reserved 1064960K
  class space    used 1965K, capacity 2251K, committed 2304K, reserved 1048576K
}
Event: 35.070 GC heap after
{Heap after GC invocations=45 (full 0):
 garbage-first heap   total 1314816K, used 38955K [0x0000000400000000, 0x0000000800000000)
  region size 4096K, 2 young (8192K), 2 survivors (8192K)
 Metaspace       used 17776K, capacity 18467K, committed 18688K, reserved 1064960K
  class space    used 1965K, capacity 2251K, committed 2304K, reserved 1048576K
}
Event: 35.851 GC heap before
{Heap before GC invocations=45 (full 0):
 garbage-first heap   total 1314816K, used 817195K [0x0000000400000000, 0x0000000800000000)
  region size 4096K, 192 young (786432K), 2 survivors (8192K)
 Metaspace       used 17776K, capacity 18467K, committed 18688K, reserved 1064960K
  class space    used 1965K, capacity 2251K, committed 2304K, reserved 1048576K
}
Event: 35.855 GC heap after
{Heap after GC invocations=46 (full 0):
 garbage-first heap   total 1314816K, used 39171K [0x0000000400000000, 0x0000000800000000)
  region size 4096K, 2 young (8192K), 2 survivors (8192K)
 Metaspace       used 17776K, capacity 18467K, committed 18688K, reserved 1064960K
  class space    used 1965K, capacity 2251K, committed 2304K, reserved 1048576K
}
Event: 36.616 GC heap before
{Heap before GC invocations=46 (full 0):
 garbage-first heap   total 1314816K, used 817411K [0x0000000400000000, 0x0000000800000000)
  region size 4096K, 192 young (786432K), 2 survivors (8192K)
 Metaspace       used 17776K, capacity 18467K, committed 18688K, reserved 1064960K
  class space    used 1965K, capacity 2251K, committed 2304K, reserved 1048576K
}
Event: 36.620 GC heap after
{Heap after GC invocations=47 (full 0):
 garbage-first heap   total 1314816K, used 39776K [0x0000000400000000, 0x0000000800000000)
  region size 4096K, 2 young (8192K), 2 survivors (8192K)
 Metaspace       used 17776K, capacity 18467K, committed 18688K, reserved 1064960K
  class space    used 1965K, capacity 2251K, committed 2304K, reserved 1048576K
}
Event: 37.454 GC heap before
{Heap before GC invocations=47 (full 0):
 garbage-first heap   total 1314816K, used 818016K [0x0000000400000000, 0x0000000800000000)
  region size 4096K, 192 young (786432K), 2 survivors (8192K)
 Metaspace       used 17776K, capacity 18467K, committed 18688K, reserved 1064960K
  class space    used 1965K, capacity 2251K, committed 2304K, reserved 1048576K
}
Event: 37.459 GC heap after
{Heap after GC invocations=48 (full 0):
 garbage-first heap   total 1314816K, used 40309K [0x0000000400000000, 0x0000000800000000)
  region size 4096K, 2 young (8192K), 2 survivors (8192K)
 Metaspace       used 17776K, capacity 18467K, committed 18688K, reserved 1064960K
  class space    used 1965K, capacity 2251K, committed 2304K, reserved 1048576K
}
Event: 38.405 GC heap before
{Heap before GC invocations=48 (full 0):
 garbage-first heap   total 1314816K, used 818549K [0x0000000400000000, 0x0000000800000000)
  region size 4096K, 192 young (786432K), 2 survivors (8192K)
 Metaspace       used 17777K, capacity 18467K, committed 18688K, reserved 1064960K
  class space    used 1965K, capacity 2251K, committed 2304K, reserved 1048576K
}
Event: 38.409 GC heap after
{Heap after GC invocations=49 (full 0):
 garbage-first heap   total 1314816K, used 40709K [0x0000000400000000, 0x0000000800000000)
  region size 4096K, 2 young (8192K), 2 survivors (8192K)
 Metaspace       used 17777K, capacity 18467K, committed 18688K, reserved 1064960K
  class space    used 1965K, capacity 2251K, committed 2304K, reserved 1048576K
}
Event: 39.352 GC heap before
{Heap before GC invocations=49 (full 0):
 garbage-first heap   total 1314816K, used 818949K [0x0000000400000000, 0x0000000800000000)
  region size 4096K, 192 young (786432K), 2 survivors (8192K)
 Metaspace       used 17779K, capacity 18467K, committed 18688K, reserved 1064960K
  class space    used 1965K, capacity 2251K, committed 2304K, reserved 1048576K
}
Event: 39.358 GC heap after
{Heap after GC invocations=50 (full 0):
 garbage-first heap   total 1314816K, used 40991K [0x0000000400000000, 0x0000000800000000)
  region size 4096K, 2 young (8192K), 2 survivors (8192K)
 Metaspace       used 17779K, capacity 18467K, committed 18688K, reserved 1064960K
  class space    used 1965K, capacity 2251K, committed 2304K, reserved 1048576K
}
Event: 496.617 GC heap before
{Heap before GC invocations=50 (full 0):
 garbage-first heap   total 1314816K, used 819231K [0x0000000400000000, 0x0000000800000000)
  region size 4096K, 192 young (786432K), 2 survivors (8192K)
 Metaspace       used 19228K, capacity 20320K, committed 20480K, reserved 1067008K
  class space    used 2237K, capacity 2708K, committed 2816K, reserved 1048576K
}
Event: 496.623 GC heap after
{Heap after GC invocations=51 (full 0):
 garbage-first heap   total 1314816K, used 42275K [0x0000000400000000, 0x0000000800000000)
  region size 4096K, 2 young (8192K), 2 survivors (8192K)
 Metaspace       used 19228K, capacity 20320K, committed 20480K, reserved 1067008K
  class space    used 2237K, capacity 2708K, committed 2816K, reserved 1048576K
}

