# JRE version: OpenJDK Runtime Environment (11.0.8+10) (build 11.0.8+10-post-Ubuntu-0ubuntu120.04)
# Java VM: OpenJDK 64-Bit Server VM (11.0.8+10-post-Ubuntu-0ubuntu120.04, mixed mode, sharing, tiered, compressed oops, g1 gc, linux-amd64)
Heap:
 garbage-first heap   total 1118208K, used 230663K [0x0000000080000000, 0x0000000800000000)
  region size 4096K, 49 young (200704K), 2 survivors (8192K)
 Metaspace       used 19024K, capacity 20002K, committed 20096K, reserved 1067008K
  class space    used 2206K, capacity 2663K, committed 2688K, reserved 1048576K
GC Heap History (20 events):
Event: 32.578 GC heap before
{Heap before GC invocations=48 (full 0):
 garbage-first heap   total 1118208K, used 697846K [0x0000000080000000, 0x0000000800000000)
  region size 4096K, 163 young (667648K), 2 survivors (8192K)
 Metaspace       used 17755K, capacity 18397K, committed 18688K, reserved 1064960K
  class space    used 1965K, capacity 2251K, committed 2304K, reserved 1048576K
}
Event: 32.584 GC heap after
{Heap after GC invocations=49 (full 0):
 garbage-first heap   total 1118208K, used 38404K [0x0000000080000000, 0x0000000800000000)
  region size 4096K, 2 young (8192K), 2 survivors (8192K)
 Metaspace       used 17755K, capacity 18397K, committed 18688K, reserved 1064960K
  class space    used 1965K, capacity 2251K, committed 2304K, reserved 1048576K
}
Event: 33.221 GC heap before
{Heap before GC invocations=49 (full 0):
 garbage-first heap   total 1118208K, used 697860K [0x0000000080000000, 0x0000000800000000)
  region size 4096K, 163 young (667648K), 2 survivors (8192K)
 Metaspace       used 17770K, capacity 18461K, committed 18688K, reserved 1064960K
  class space    used 1965K, capacity 2251K, committed 2304K, reserved 1048576K
}
Event: 33.226 GC heap after
{Heap after GC invocations=50 (full 0):
 garbage-first heap   total 1118208K, used 38766K [0x0000000080000000, 0x0000000800000000)
  region size 4096K, 2 young (8192K), 2 survivors (8192K)
 Metaspace       used 17770K, capacity 18461K, committed 18688K, reserved 1064960K
  class space    used 1965K, capacity 2251K, committed 2304K, reserved 1048576K
}
Event: 33.855 GC heap before
{Heap before GC invocations=50 (full 0):
 garbage-first heap   total 1118208K, used 698222K [0x0000000080000000, 0x0000000800000000)
  region size 4096K, 163 young (667648K), 2 survivors (8192K)
 Metaspace       used 17773K, capacity 18465K, committed 18688K, reserved 1064960K
  class space    used 1965K, capacity 2251K, committed 2304K, reserved 1048576K
}
Event: 33.859 GC heap after
{Heap after GC invocations=51 (full 0):
 garbage-first heap   total 1118208K, used 39125K [0x0000000080000000, 0x0000000800000000)
  region size 4096K, 2 young (8192K), 2 survivors (8192K)
 Metaspace       used 17773K, capacity 18465K, committed 18688K, reserved 1064960K
  class space    used 1965K, capacity 2251K, committed 2304K, reserved 1048576K
}
Event: 34.498 GC heap before
{Heap before GC invocations=51 (full 0):
 garbage-first heap   total 1118208K, used 698581K [0x0000000080000000, 0x0000000800000000)
  region size 4096K, 163 young (667648K), 2 survivors (8192K)
 Metaspace       used 17773K, capacity 18465K, committed 18688K, reserved 1064960K
  class space    used 1965K, capacity 2251K, committed 2304K, reserved 1048576K
}
Event: 34.502 GC heap after
{Heap after GC invocations=52 (full 0):
 garbage-first heap   total 1118208K, used 39531K [0x0000000080000000, 0x0000000800000000)
  region size 4096K, 2 young (8192K), 2 survivors (8192K)
 Metaspace       used 17773K, capacity 18465K, committed 18688K, reserved 1064960K
  class space    used 1965K, capacity 2251K, committed 2304K, reserved 1048576K
}
Event: 35.134 GC heap before
{Heap before GC invocations=52 (full 0):
 garbage-first heap   total 1118208K, used 698987K [0x0000000080000000, 0x0000000800000000)
  region size 4096K, 163 young (667648K), 2 survivors (8192K)
 Metaspace       used 17773K, capacity 18465K, committed 18688K, reserved 1064960K
  class space    used 1965K, capacity 2251K, committed 2304K, reserved 1048576K
}
Event: 35.138 GC heap after
{Heap after GC invocations=53 (full 0):
 garbage-first heap   total 1118208K, used 40003K [0x0000000080000000, 0x0000000800000000)
  region size 4096K, 2 young (8192K), 2 survivors (8192K)
 Metaspace       used 17773K, capacity 18465K, committed 18688K, reserved 1064960K
  class space    used 1965K, capacity 2251K, committed 2304K, reserved 1048576K
}
Event: 35.862 GC heap before
{Heap before GC invocations=53 (full 0):
 garbage-first heap   total 1118208K, used 699459K [0x0000000080000000, 0x0000000800000000)
  region size 4096K, 163 young (667648K), 2 survivors (8192K)
 Metaspace       used 17773K, capacity 18465K, committed 18688K, reserved 1064960K
  class space    used 1965K, capacity 2251K, committed 2304K, reserved 1048576K
}
Event: 35.865 GC heap after
{Heap after GC invocations=54 (full 0):
 garbage-first heap   total 1118208K, used 40362K [0x0000000080000000, 0x0000000800000000)
  region size 4096K, 2 young (8192K), 2 survivors (8192K)
 Metaspace       used 17773K, capacity 18465K, committed 18688K, reserved 1064960K
  class space    used 1965K, capacity 2251K, committed 2304K, reserved 1048576K
}
Event: 36.564 GC heap before
{Heap before GC invocations=54 (full 0):
 garbage-first heap   total 1118208K, used 699818K [0x0000000080000000, 0x0000000800000000)
  region size 4096K, 163 young (667648K), 2 survivors (8192K)
 Metaspace       used 17773K, capacity 18465K, committed 18688K, reserved 1064960K
  class space    used 1965K, capacity 2251K, committed 2304K, reserved 1048576K
}
Event: 36.568 GC heap after
{Heap after GC invocations=55 (full 0):
 garbage-first heap   total 1118208K, used 40898K [0x0000000080000000, 0x0000000800000000)
  region size 4096K, 2 young (8192K), 2 survivors (8192K)
 Metaspace       used 17773K, capacity 18465K, committed 18688K, reserved 1064960K
  class space    used 1965K, capacity 2251K, committed 2304K, reserved 1048576K
}
Event: 37.436 GC heap before
{Heap before GC invocations=55 (full 0):
 garbage-first heap   total 1118208K, used 700354K [0x0000000080000000, 0x0000000800000000)
  region size 4096K, 163 young (667648K), 2 survivors (8192K)
 Metaspace       used 17776K, capacity 18465K, committed 18688K, reserved 1064960K
  class space    used 1965K, capacity 2251K, committed 2304K, reserved 1048576K
}
Event: 37.440 GC heap after
{Heap after GC invocations=56 (full 0):
 garbage-first heap   total 1118208K, used 41001K [0x0000000080000000, 0x0000000800000000)
  region size 4096K, 2 young (8192K), 2 survivors (8192K)
 Metaspace       used 17776K, capacity 18465K, committed 18688K, reserved 1064960K
  class space    used 1965K, capacity 2251K, committed 2304K, reserved 1048576K
}
Event: 56.614 GC heap before
{Heap before GC invocations=56 (full 0):
 garbage-first heap   total 1118208K, used 700457K [0x0000000080000000, 0x0000000800000000)
  region size 4096K, 163 young (667648K), 2 survivors (8192K)
 Metaspace       used 18904K, capacity 19899K, committed 20096K, reserved 1067008K
  class space    used 2202K, capacity 2655K, committed 2688K, reserved 1048576K
}
Event: 56.618 GC heap after
{Heap after GC invocations=57 (full 0):
 garbage-first heap   total 1118208K, used 42181K [0x0000000080000000, 0x0000000800000000)
  region size 4096K, 2 young (8192K), 2 survivors (8192K)
 Metaspace       used 18904K, capacity 19899K, committed 20096K, reserved 1067008K
  class space    used 2202K, capacity 2655K, committed 2688K, reserved 1048576K
}
Event: 64.959 GC heap before
{Heap before GC invocations=57 (full 0):
 garbage-first heap   total 1118208K, used 701637K [0x0000000080000000, 0x0000000800000000)
  region size 4096K, 163 young (667648K), 2 survivors (8192K)
 Metaspace       used 19008K, capacity 20000K, committed 20096K, reserved 1067008K
  class space    used 2206K, capacity 2663K, committed 2688K, reserved 1048576K
}
Event: 64.964 GC heap after
{Heap after GC invocations=58 (full 0):
 garbage-first heap   total 1118208K, used 42247K [0x0000000080000000, 0x0000000800000000)
  region size 4096K, 2 young (8192K), 2 survivors (8192K)
 Metaspace       used 19008K, capacity 20000K, committed 20096K, reserved 1067008K
  class space    used 2206K, capacity 2663K, committed 2688K, reserved 1048576K
}

