# JRE version: OpenJDK Runtime Environment (11.0.8+10) (build 11.0.8+10-post-Ubuntu-0ubuntu120.04)
# Java VM: OpenJDK 64-Bit Server VM (11.0.8+10-post-Ubuntu-0ubuntu120.04, mixed mode, sharing, tiered, compressed oops, g1 gc, linux-amd64)
Heap:
 garbage-first heap   total 1171456K, used 325804K [0x0000000080000000, 0x0000000800000000)
  region size 4096K, 72 young (294912K), 2 survivors (8192K)
 Metaspace       used 19414K, capacity 20403K, committed 20608K, reserved 1067008K
  class space    used 2222K, capacity 2678K, committed 2688K, reserved 1048576K
GC Heap History (20 events):
Event: 35.413 GC heap before
{Heap before GC invocations=50 (full 0):
 garbage-first heap   total 1171456K, used 731377K [0x0000000080000000, 0x0000000800000000)
  region size 4096K, 171 young (700416K), 2 survivors (8192K)
 Metaspace       used 17689K, capacity 18338K, committed 18688K, reserved 1064960K
  class space    used 1942K, capacity 2184K, committed 2304K, reserved 1048576K
}
Event: 35.417 GC heap after
{Heap after GC invocations=51 (full 0):
 garbage-first heap   total 1171456K, used 39624K [0x0000000080000000, 0x0000000800000000)
  region size 4096K, 2 young (8192K), 2 survivors (8192K)
 Metaspace       used 17689K, capacity 18338K, committed 18688K, reserved 1064960K
  class space    used 1942K, capacity 2184K, committed 2304K, reserved 1048576K
}
Event: 36.097 GC heap before
{Heap before GC invocations=51 (full 0):
 garbage-first heap   total 1171456K, used 731848K [0x0000000080000000, 0x0000000800000000)
  region size 4096K, 171 young (700416K), 2 survivors (8192K)
 Metaspace       used 17689K, capacity 18338K, committed 18688K, reserved 1064960K
  class space    used 1942K, capacity 2184K, committed 2304K, reserved 1048576K
}
Event: 36.102 GC heap after
{Heap after GC invocations=52 (full 0):
 garbage-first heap   total 1171456K, used 40176K [0x0000000080000000, 0x0000000800000000)
  region size 4096K, 2 young (8192K), 2 survivors (8192K)
 Metaspace       used 17689K, capacity 18338K, committed 18688K, reserved 1064960K
  class space    used 1942K, capacity 2184K, committed 2304K, reserved 1048576K
}
Event: 36.806 GC heap before
{Heap before GC invocations=52 (full 0):
 garbage-first heap   total 1171456K, used 732400K [0x0000000080000000, 0x0000000800000000)
  region size 4096K, 171 young (700416K), 2 survivors (8192K)
 Metaspace       used 17689K, capacity 18338K, committed 18688K, reserved 1064960K
  class space    used 1942K, capacity 2184K, committed 2304K, reserved 1048576K
}
Event: 36.811 GC heap after
{Heap after GC invocations=53 (full 0):
 garbage-first heap   total 1171456K, used 40531K [0x0000000080000000, 0x0000000800000000)
  region size 4096K, 2 young (8192K), 2 survivors (8192K)
 Metaspace       used 17689K, capacity 18338K, committed 18688K, reserved 1064960K
  class space    used 1942K, capacity 2184K, committed 2304K, reserved 1048576K
}
Event: 37.717 GC heap before
{Heap before GC invocations=53 (full 0):
 garbage-first heap   total 1171456K, used 732755K [0x0000000080000000, 0x0000000800000000)
  region size 4096K, 171 young (700416K), 2 survivors (8192K)
 Metaspace       used 17690K, capacity 18338K, committed 18688K, reserved 1064960K
  class space    used 1942K, capacity 2184K, committed 2304K, reserved 1048576K
}
Event: 37.723 GC heap after
{Heap after GC invocations=54 (full 0):
 garbage-first heap   total 1171456K, used 40855K [0x0000000080000000, 0x0000000800000000)
  region size 4096K, 2 young (8192K), 2 survivors (8192K)
 Metaspace       used 17690K, capacity 18338K, committed 18688K, reserved 1064960K
  class space    used 1942K, capacity 2184K, committed 2304K, reserved 1048576K
}
Event: 38.520 GC heap before
{Heap before GC invocations=54 (full 0):
 garbage-first heap   total 1171456K, used 733079K [0x0000000080000000, 0x0000000800000000)
  region size 4096K, 171 young (700416K), 2 survivors (8192K)
 Metaspace       used 17692K, capacity 18338K, committed 18688K, reserved 1064960K
  class space    used 1942K, capacity 2184K, committed 2304K, reserved 1048576K
}
Event: 38.524 GC heap after
{Heap after GC invocations=55 (full 0):
 garbage-first heap   total 1171456K, used 41080K [0x0000000080000000, 0x0000000800000000)
  region size 4096K, 2 young (8192K), 2 survivors (8192K)
 Metaspace       used 17692K, capacity 18338K, committed 18688K, reserved 1064960K
  class space    used 1942K, capacity 2184K, committed 2304K, reserved 1048576K
}
Event: 88.083 GC heap before
{Heap before GC invocations=55 (full 0):
 garbage-first heap   total 1171456K, used 733304K [0x0000000080000000, 0x0000000800000000)
  region size 4096K, 171 young (700416K), 2 survivors (8192K)
 Metaspace       used 19140K, capacity 20130K, committed 20352K, reserved 1067008K
  class space    used 2214K, capacity 2664K, committed 2688K, reserved 1048576K
}
Event: 88.088 GC heap after
{Heap after GC invocations=56 (full 0):
 garbage-first heap   total 1171456K, used 42527K [0x0000000080000000, 0x0000000800000000)
  region size 4096K, 2 young (8192K), 2 survivors (8192K)
 Metaspace       used 19140K, capacity 20130K, committed 20352K, reserved 1067008K
  class space    used 2214K, capacity 2664K, committed 2688K, reserved 1048576K
}
Event: 231.933 GC heap before
{Heap before GC invocations=56 (full 0):
 garbage-first heap   total 1171456K, used 734751K [0x0000000080000000, 0x0000000800000000)
  region size 4096K, 171 young (700416K), 2 survivors (8192K)
 Metaspace       used 19265K, capacity 20311K, committed 20352K, reserved 1067008K
  class space    used 2222K, capacity 2678K, committed 2688K, reserved 1048576K
}
Event: 231.939 GC heap after
{Heap after GC invocations=57 (full 0):
 garbage-first heap   total 1171456K, used 42429K [0x0000000080000000, 0x0000000800000000)
  region size 4096K, 2 young (8192K), 2 survivors (8192K)
 Metaspace       used 19265K, capacity 20311K, committed 20352K, reserved 1067008K
  class space    used 2222K, capacity 2678K, committed 2688K, reserved 1048576K
}
Event: 390.930 GC heap before
{Heap before GC invocations=57 (full 0):
 garbage-first heap   total 1171456K, used 734653K [0x0000000080000000, 0x0000000800000000)
  region size 4096K, 171 young (700416K), 2 survivors (8192K)
 Metaspace       used 19305K, capacity 20380K, committed 20608K, reserved 1067008K
  class space    used 2222K, capacity 2678K, committed 2688K, reserved 1048576K
}
Event: 390.934 GC heap after
{Heap after GC invocations=58 (full 0):
 garbage-first heap   total 1171456K, used 42947K [0x0000000080000000, 0x0000000800000000)
  region size 4096K, 2 young (8192K), 2 survivors (8192K)
 Metaspace       used 19305K, capacity 20380K, committed 20608K, reserved 1067008K
  class space    used 2222K, capacity 2678K, committed 2688K, reserved 1048576K
}
Event: 592.080 GC heap before
{Heap before GC invocations=58 (full 0):
 garbage-first heap   total 1171456K, used 735171K [0x0000000080000000, 0x0000000800000000)
  region size 4096K, 171 young (700416K), 2 survivors (8192K)
 Metaspace       used 19349K, capacity 20386K, committed 20608K, reserved 1067008K
  class space    used 2222K, capacity 2678K, committed 2688K, reserved 1048576K
}
Event: 592.085 GC heap after
{Heap after GC invocations=59 (full 0):
 garbage-first heap   total 1171456K, used 43070K [0x0000000080000000, 0x0000000800000000)
  region size 4096K, 2 young (8192K), 2 survivors (8192K)
 Metaspace       used 19349K, capacity 20386K, committed 20608K, reserved 1067008K
  class space    used 2222K, capacity 2678K, committed 2688K, reserved 1048576K
}
Event: 708.779 GC heap before
{Heap before GC invocations=59 (full 0):
 garbage-first heap   total 1171456K, used 735294K [0x0000000080000000, 0x0000000800000000)
  region size 4096K, 171 young (700416K), 2 survivors (8192K)
 Metaspace       used 19412K, capacity 20403K, committed 20608K, reserved 1067008K
  class space    used 2222K, capacity 2678K, committed 2688K, reserved 1048576K
}
Event: 708.784 GC heap after
{Heap after GC invocations=60 (full 0):
 garbage-first heap   total 1171456K, used 43180K [0x0000000080000000, 0x0000000800000000)
  region size 4096K, 2 young (8192K), 2 survivors (8192K)
 Metaspace       used 19412K, capacity 20403K, committed 20608K, reserved 1067008K
  class space    used 2222K, capacity 2678K, committed 2688K, reserved 1048576K
}

