# JRE version: OpenJDK Runtime Environment (11.0.8+10) (build 11.0.8+10-post-Ubuntu-0ubuntu120.04)
# Java VM: OpenJDK 64-Bit Server VM (11.0.8+10-post-Ubuntu-0ubuntu120.04, mixed mode, sharing, tiered, compressed oops, g1 gc, linux-amd64)
Heap:
 garbage-first heap   total 1228800K, used 324565K [0x0000000080000000, 0x0000000800000000)
  region size 4096K, 72 young (294912K), 2 survivors (8192K)
 Metaspace       used 18942K, capacity 19949K, committed 20096K, reserved 1067008K
  class space    used 2178K, capacity 2618K, committed 2688K, reserved 1048576K
GC Heap History (20 events):
Event: 31.285 GC heap before
{Heap before GC invocations=43 (full 0):
 garbage-first heap   total 1228800K, used 766705K [0x0000000080000000, 0x0000000800000000)
  region size 4096K, 180 young (737280K), 2 survivors (8192K)
 Metaspace       used 17659K, capacity 18204K, committed 18432K, reserved 1064960K
  class space    used 1942K, capacity 2184K, committed 2304K, reserved 1048576K
}
Event: 31.289 GC heap after
{Heap after GC invocations=44 (full 0):
 garbage-first heap   total 1228800K, used 38073K [0x0000000080000000, 0x0000000800000000)
  region size 4096K, 2 young (8192K), 2 survivors (8192K)
 Metaspace       used 17659K, capacity 18204K, committed 18432K, reserved 1064960K
  class space    used 1942K, capacity 2184K, committed 2304K, reserved 1048576K
}
Event: 31.974 GC heap before
{Heap before GC invocations=44 (full 0):
 garbage-first heap   total 1228800K, used 767161K [0x0000000080000000, 0x0000000800000000)
  region size 4096K, 180 young (737280K), 2 survivors (8192K)
 Metaspace       used 17659K, capacity 18204K, committed 18432K, reserved 1064960K
  class space    used 1942K, capacity 2184K, committed 2304K, reserved 1048576K
}
Event: 31.978 GC heap after
{Heap after GC invocations=45 (full 0):
 garbage-first heap   total 1228800K, used 38302K [0x0000000080000000, 0x0000000800000000)
  region size 4096K, 2 young (8192K), 2 survivors (8192K)
 Metaspace       used 17659K, capacity 18204K, committed 18432K, reserved 1064960K
  class space    used 1942K, capacity 2184K, committed 2304K, reserved 1048576K
}
Event: 32.646 GC heap before
{Heap before GC invocations=45 (full 0):
 garbage-first heap   total 1228800K, used 767390K [0x0000000080000000, 0x0000000800000000)
  region size 4096K, 180 young (737280K), 2 survivors (8192K)
 Metaspace       used 17674K, capacity 18332K, committed 18688K, reserved 1064960K
  class space    used 1942K, capacity 2184K, committed 2304K, reserved 1048576K
}
Event: 32.655 GC heap after
{Heap after GC invocations=46 (full 0):
 garbage-first heap   total 1228800K, used 38732K [0x0000000080000000, 0x0000000800000000)
  region size 4096K, 2 young (8192K), 2 survivors (8192K)
 Metaspace       used 17674K, capacity 18332K, committed 18688K, reserved 1064960K
  class space    used 1942K, capacity 2184K, committed 2304K, reserved 1048576K
}
Event: 33.360 GC heap before
{Heap before GC invocations=46 (full 0):
 garbage-first heap   total 1228800K, used 767820K [0x0000000080000000, 0x0000000800000000)
  region size 4096K, 180 young (737280K), 2 survivors (8192K)
 Metaspace       used 17677K, capacity 18336K, committed 18688K, reserved 1064960K
  class space    used 1942K, capacity 2184K, committed 2304K, reserved 1048576K
}
Event: 33.364 GC heap after
{Heap after GC invocations=47 (full 0):
 garbage-first heap   total 1228800K, used 38947K [0x0000000080000000, 0x0000000800000000)
  region size 4096K, 2 young (8192K), 2 survivors (8192K)
 Metaspace       used 17677K, capacity 18336K, committed 18688K, reserved 1064960K
  class space    used 1942K, capacity 2184K, committed 2304K, reserved 1048576K
}
Event: 34.063 GC heap before
{Heap before GC invocations=47 (full 0):
 garbage-first heap   total 1228800K, used 768035K [0x0000000080000000, 0x0000000800000000)
  region size 4096K, 180 young (737280K), 2 survivors (8192K)
 Metaspace       used 17677K, capacity 18336K, committed 18688K, reserved 1064960K
  class space    used 1942K, capacity 2184K, committed 2304K, reserved 1048576K
}
Event: 34.068 GC heap after
{Heap after GC invocations=48 (full 0):
 garbage-first heap   total 1228800K, used 39463K [0x0000000080000000, 0x0000000800000000)
  region size 4096K, 2 young (8192K), 2 survivors (8192K)
 Metaspace       used 17677K, capacity 18336K, committed 18688K, reserved 1064960K
  class space    used 1942K, capacity 2184K, committed 2304K, reserved 1048576K
}
Event: 34.820 GC heap before
{Heap before GC invocations=48 (full 0):
 garbage-first heap   total 1228800K, used 768551K [0x0000000080000000, 0x0000000800000000)
  region size 4096K, 180 young (737280K), 2 survivors (8192K)
 Metaspace       used 17677K, capacity 18336K, committed 18688K, reserved 1064960K
  class space    used 1942K, capacity 2184K, committed 2304K, reserved 1048576K
}
Event: 34.824 GC heap after
{Heap after GC invocations=49 (full 0):
 garbage-first heap   total 1228800K, used 40139K [0x0000000080000000, 0x0000000800000000)
  region size 4096K, 2 young (8192K), 2 survivors (8192K)
 Metaspace       used 17677K, capacity 18336K, committed 18688K, reserved 1064960K
  class space    used 1942K, capacity 2184K, committed 2304K, reserved 1048576K
}
Event: 35.582 GC heap before
{Heap before GC invocations=49 (full 0):
 garbage-first heap   total 1228800K, used 769227K [0x0000000080000000, 0x0000000800000000)
  region size 4096K, 180 young (737280K), 2 survivors (8192K)
 Metaspace       used 17677K, capacity 18336K, committed 18688K, reserved 1064960K
  class space    used 1942K, capacity 2184K, committed 2304K, reserved 1048576K
}
Event: 35.587 GC heap after
{Heap after GC invocations=50 (full 0):
 garbage-first heap   total 1228800K, used 40506K [0x0000000080000000, 0x0000000800000000)
  region size 4096K, 2 young (8192K), 2 survivors (8192K)
 Metaspace       used 17677K, capacity 18336K, committed 18688K, reserved 1064960K
  class space    used 1942K, capacity 2184K, committed 2304K, reserved 1048576K
}
Event: 36.534 GC heap before
{Heap before GC invocations=50 (full 0):
 garbage-first heap   total 1228800K, used 769594K [0x0000000080000000, 0x0000000800000000)
  region size 4096K, 180 young (737280K), 2 survivors (8192K)
 Metaspace       used 17679K, capacity 18336K, committed 18688K, reserved 1064960K
  class space    used 1942K, capacity 2184K, committed 2304K, reserved 1048576K
}
Event: 36.538 GC heap after
{Heap after GC invocations=51 (full 0):
 garbage-first heap   total 1228800K, used 40898K [0x0000000080000000, 0x0000000800000000)
  region size 4096K, 2 young (8192K), 2 survivors (8192K)
 Metaspace       used 17679K, capacity 18336K, committed 18688K, reserved 1064960K
  class space    used 1942K, capacity 2184K, committed 2304K, reserved 1048576K
}
Event: 74.784 GC heap before
{Heap before GC invocations=51 (full 0):
 garbage-first heap   total 1228800K, used 769986K [0x0000000080000000, 0x0000000800000000)
  region size 4096K, 180 young (737280K), 2 survivors (8192K)
 Metaspace       used 18761K, capacity 19719K, committed 19840K, reserved 1067008K
  class space    used 2160K, capacity 2589K, committed 2688K, reserved 1048576K
}
Event: 74.789 GC heap after
{Heap after GC invocations=52 (full 0):
 garbage-first heap   total 1228800K, used 41868K [0x0000000080000000, 0x0000000800000000)
  region size 4096K, 2 young (8192K), 2 survivors (8192K)
 Metaspace       used 18761K, capacity 19719K, committed 19840K, reserved 1067008K
  class space    used 2160K, capacity 2589K, committed 2688K, reserved 1048576K
}
Event: 141.254 GC heap before
{Heap before GC invocations=52 (full 0):
 garbage-first heap   total 1228800K, used 770956K [0x0000000080000000, 0x0000000800000000)
  region size 4096K, 180 young (737280K), 2 survivors (8192K)
 Metaspace       used 18913K, capacity 19945K, committed 20096K, reserved 1067008K
  class space    used 2177K, capacity 2618K, committed 2688K, reserved 1048576K
}
Event: 141.259 GC heap after
{Heap after GC invocations=53 (full 0):
 garbage-first heap   total 1228800K, used 41941K [0x0000000080000000, 0x0000000800000000)
  region size 4096K, 2 young (8192K), 2 survivors (8192K)
 Metaspace       used 18913K, capacity 19945K, committed 20096K, reserved 1067008K
  class space    used 2177K, capacity 2618K, committed 2688K, reserved 1048576K
}

