# JRE version: OpenJDK Runtime Environment (11.0.8+10) (build 11.0.8+10-post-Ubuntu-0ubuntu120.04)
# Java VM: OpenJDK 64-Bit Server VM (11.0.8+10-post-Ubuntu-0ubuntu120.04, mixed mode, sharing, tiered, compressed oops, g1 gc, linux-amd64)
Heap:
 garbage-first heap   total 1347584K, used 487955K [0x0000000080000000, 0x0000000800000000)
  region size 4096K, 112 young (458752K), 2 survivors (8192K)
 Metaspace       used 18979K, capacity 19999K, committed 20096K, reserved 1067008K
  class space    used 2189K, capacity 2642K, committed 2688K, reserved 1048576K
GC Heap History (20 events):
Event: 29.577 GC heap before
{Heap before GC invocations=38 (full 0):
 garbage-first heap   total 1347584K, used 835125K [0x0000000080000000, 0x0000000800000000)
  region size 4096K, 197 young (806912K), 2 survivors (8192K)
 Metaspace       used 17702K, capacity 18336K, committed 18688K, reserved 1064960K
  class space    used 1942K, capacity 2184K, committed 2304K, reserved 1048576K
}
Event: 29.582 GC heap after
{Heap after GC invocations=39 (full 0):
 garbage-first heap   total 1347584K, used 36741K [0x0000000080000000, 0x0000000800000000)
  region size 4096K, 2 young (8192K), 2 survivors (8192K)
 Metaspace       used 17702K, capacity 18336K, committed 18688K, reserved 1064960K
  class space    used 1942K, capacity 2184K, committed 2304K, reserved 1048576K
}
Event: 30.466 GC heap before
{Heap before GC invocations=39 (full 0):
 garbage-first heap   total 1347584K, used 835461K [0x0000000080000000, 0x0000000800000000)
  region size 4096K, 197 young (806912K), 2 survivors (8192K)
 Metaspace       used 17703K, capacity 18336K, committed 18688K, reserved 1064960K
  class space    used 1942K, capacity 2184K, committed 2304K, reserved 1048576K
}
Event: 30.470 GC heap after
{Heap after GC invocations=40 (full 0):
 garbage-first heap   total 1347584K, used 37453K [0x0000000080000000, 0x0000000800000000)
  region size 4096K, 2 young (8192K), 2 survivors (8192K)
 Metaspace       used 17703K, capacity 18336K, committed 18688K, reserved 1064960K
  class space    used 1942K, capacity 2184K, committed 2304K, reserved 1048576K
}
Event: 31.195 GC heap before
{Heap before GC invocations=40 (full 0):
 garbage-first heap   total 1347584K, used 836173K [0x0000000080000000, 0x0000000800000000)
  region size 4096K, 197 young (806912K), 2 survivors (8192K)
 Metaspace       used 17703K, capacity 18336K, committed 18688K, reserved 1064960K
  class space    used 1942K, capacity 2184K, committed 2304K, reserved 1048576K
}
Event: 31.200 GC heap after
{Heap after GC invocations=41 (full 0):
 garbage-first heap   total 1347584K, used 37789K [0x0000000080000000, 0x0000000800000000)
  region size 4096K, 2 young (8192K), 2 survivors (8192K)
 Metaspace       used 17703K, capacity 18336K, committed 18688K, reserved 1064960K
  class space    used 1942K, capacity 2184K, committed 2304K, reserved 1048576K
}
Event: 31.974 GC heap before
{Heap before GC invocations=41 (full 0):
 garbage-first heap   total 1347584K, used 836509K [0x0000000080000000, 0x0000000800000000)
  region size 4096K, 197 young (806912K), 2 survivors (8192K)
 Metaspace       used 17703K, capacity 18336K, committed 18688K, reserved 1064960K
  class space    used 1942K, capacity 2184K, committed 2304K, reserved 1048576K
}
Event: 31.979 GC heap after
{Heap after GC invocations=42 (full 0):
 garbage-first heap   total 1347584K, used 38050K [0x0000000080000000, 0x0000000800000000)
  region size 4096K, 2 young (8192K), 2 survivors (8192K)
 Metaspace       used 17703K, capacity 18336K, committed 18688K, reserved 1064960K
  class space    used 1942K, capacity 2184K, committed 2304K, reserved 1048576K
}
Event: 32.758 GC heap before
{Heap before GC invocations=42 (full 0):
 garbage-first heap   total 1347584K, used 836770K [0x0000000080000000, 0x0000000800000000)
  region size 4096K, 197 young (806912K), 2 survivors (8192K)
 Metaspace       used 17716K, capacity 18336K, committed 18688K, reserved 1064960K
  class space    used 1942K, capacity 2184K, committed 2304K, reserved 1048576K
}
Event: 32.765 GC heap after
{Heap after GC invocations=43 (full 0):
 garbage-first heap   total 1347584K, used 38701K [0x0000000080000000, 0x0000000800000000)
  region size 4096K, 2 young (8192K), 2 survivors (8192K)
 Metaspace       used 17716K, capacity 18336K, committed 18688K, reserved 1064960K
  class space    used 1942K, capacity 2184K, committed 2304K, reserved 1048576K
}
Event: 33.549 GC heap before
{Heap before GC invocations=43 (full 0):
 garbage-first heap   total 1347584K, used 837421K [0x0000000080000000, 0x0000000800000000)
  region size 4096K, 197 young (806912K), 2 survivors (8192K)
 Metaspace       used 17716K, capacity 18336K, committed 18688K, reserved 1064960K
  class space    used 1942K, capacity 2184K, committed 2304K, reserved 1048576K
}
Event: 33.554 GC heap after
{Heap after GC invocations=44 (full 0):
 garbage-first heap   total 1347584K, used 38978K [0x0000000080000000, 0x0000000800000000)
  region size 4096K, 2 young (8192K), 2 survivors (8192K)
 Metaspace       used 17716K, capacity 18336K, committed 18688K, reserved 1064960K
  class space    used 1942K, capacity 2184K, committed 2304K, reserved 1048576K
}
Event: 34.366 GC heap before
{Heap before GC invocations=44 (full 0):
 garbage-first heap   total 1347584K, used 837698K [0x0000000080000000, 0x0000000800000000)
  region size 4096K, 197 young (806912K), 2 survivors (8192K)
 Metaspace       used 17716K, capacity 18336K, committed 18688K, reserved 1064960K
  class space    used 1942K, capacity 2184K, committed 2304K, reserved 1048576K
}
Event: 34.372 GC heap after
{Heap after GC invocations=45 (full 0):
 garbage-first heap   total 1347584K, used 39389K [0x0000000080000000, 0x0000000800000000)
  region size 4096K, 2 young (8192K), 2 survivors (8192K)
 Metaspace       used 17716K, capacity 18336K, committed 18688K, reserved 1064960K
  class space    used 1942K, capacity 2184K, committed 2304K, reserved 1048576K
}
Event: 35.202 GC heap before
{Heap before GC invocations=45 (full 0):
 garbage-first heap   total 1347584K, used 838109K [0x0000000080000000, 0x0000000800000000)
  region size 4096K, 197 young (806912K), 2 survivors (8192K)
 Metaspace       used 17716K, capacity 18336K, committed 18688K, reserved 1064960K
  class space    used 1942K, capacity 2184K, committed 2304K, reserved 1048576K
}
Event: 35.208 GC heap after
{Heap after GC invocations=46 (full 0):
 garbage-first heap   total 1347584K, used 39730K [0x0000000080000000, 0x0000000800000000)
  region size 4096K, 2 young (8192K), 2 survivors (8192K)
 Metaspace       used 17716K, capacity 18336K, committed 18688K, reserved 1064960K
  class space    used 1942K, capacity 2184K, committed 2304K, reserved 1048576K
}
Event: 36.274 GC heap before
{Heap before GC invocations=46 (full 0):
 garbage-first heap   total 1347584K, used 838450K [0x0000000080000000, 0x0000000800000000)
  region size 4096K, 197 young (806912K), 2 survivors (8192K)
 Metaspace       used 17719K, capacity 18336K, committed 18688K, reserved 1064960K
  class space    used 1942K, capacity 2184K, committed 2304K, reserved 1048576K
}
Event: 36.279 GC heap after
{Heap after GC invocations=47 (full 0):
 garbage-first heap   total 1347584K, used 40116K [0x0000000080000000, 0x0000000800000000)
  region size 4096K, 2 young (8192K), 2 survivors (8192K)
 Metaspace       used 17719K, capacity 18336K, committed 18688K, reserved 1064960K
  class space    used 1942K, capacity 2184K, committed 2304K, reserved 1048576K
}
Event: 38.130 GC heap before
{Heap before GC invocations=47 (full 0):
 garbage-first heap   total 1347584K, used 838836K [0x0000000080000000, 0x0000000800000000)
  region size 4096K, 197 young (806912K), 2 survivors (8192K)
 Metaspace       used 18752K, capacity 19685K, committed 19840K, reserved 1067008K
  class space    used 2160K, capacity 2604K, committed 2688K, reserved 1048576K
}
Event: 38.135 GC heap after
{Heap after GC invocations=48 (full 0):
 garbage-first heap   total 1347584K, used 41491K [0x0000000080000000, 0x0000000800000000)
  region size 4096K, 2 young (8192K), 2 survivors (8192K)
 Metaspace       used 18752K, capacity 19685K, committed 19840K, reserved 1067008K
  class space    used 2160K, capacity 2604K, committed 2688K, reserved 1048576K
}

