# JRE version: OpenJDK Runtime Environment (11.0.8+10) (build 11.0.8+10-post-Ubuntu-0ubuntu120.04)
# Java VM: OpenJDK 64-Bit Server VM (11.0.8+10-post-Ubuntu-0ubuntu120.04, mixed mode, sharing, tiered, compressed oops, g1 gc, linux-amd64)
Heap:
 garbage-first heap   total 1150976K, used 116249K [0x0000000400000000, 0x0000000800000000)
  region size 4096K, 21 young (86016K), 2 survivors (8192K)
 Metaspace       used 19322K, capacity 20397K, committed 20736K, reserved 1067008K
  class space    used 2234K, capacity 2708K, committed 2816K, reserved 1048576K
GC Heap History (20 events):
Event: 40.653 GC heap before
{Heap before GC invocations=47 (full 0):
 garbage-first heap   total 1150976K, used 718036K [0x0000000400000000, 0x0000000800000000)
  region size 4096K, 168 young (688128K), 2 survivors (8192K)
 Metaspace       used 17794K, capacity 18371K, committed 18688K, reserved 1064960K
  class space    used 1961K, capacity 2219K, committed 2304K, reserved 1048576K
}
Event: 40.658 GC heap after
{Heap after GC invocations=48 (full 0):
 garbage-first heap   total 1150976K, used 38587K [0x0000000400000000, 0x0000000800000000)
  region size 4096K, 2 young (8192K), 2 survivors (8192K)
 Metaspace       used 17794K, capacity 18371K, committed 18688K, reserved 1064960K
  class space    used 1961K, capacity 2219K, committed 2304K, reserved 1048576K
}
Event: 41.482 GC heap before
{Heap before GC invocations=48 (full 0):
 garbage-first heap   total 1150976K, used 718523K [0x0000000400000000, 0x0000000800000000)
  region size 4096K, 168 young (688128K), 2 survivors (8192K)
 Metaspace       used 17808K, capacity 18499K, committed 18688K, reserved 1064960K
  class space    used 1961K, capacity 2219K, committed 2304K, reserved 1048576K
}
Event: 41.487 GC heap after
{Heap after GC invocations=49 (full 0):
 garbage-first heap   total 1150976K, used 38880K [0x0000000400000000, 0x0000000800000000)
  region size 4096K, 2 young (8192K), 2 survivors (8192K)
 Metaspace       used 17808K, capacity 18499K, committed 18688K, reserved 1064960K
  class space    used 1961K, capacity 2219K, committed 2304K, reserved 1048576K
}
Event: 42.289 GC heap before
{Heap before GC invocations=49 (full 0):
 garbage-first heap   total 1150976K, used 718816K [0x0000000400000000, 0x0000000800000000)
  region size 4096K, 168 young (688128K), 2 survivors (8192K)
 Metaspace       used 17809K, capacity 18499K, committed 18688K, reserved 1064960K
  class space    used 1961K, capacity 2219K, committed 2304K, reserved 1048576K
}
Event: 42.293 GC heap after
{Heap after GC invocations=50 (full 0):
 garbage-first heap   total 1150976K, used 39088K [0x0000000400000000, 0x0000000800000000)
  region size 4096K, 2 young (8192K), 2 survivors (8192K)
 Metaspace       used 17809K, capacity 18499K, committed 18688K, reserved 1064960K
  class space    used 1961K, capacity 2219K, committed 2304K, reserved 1048576K
}
Event: 43.101 GC heap before
{Heap before GC invocations=50 (full 0):
 garbage-first heap   total 1150976K, used 719024K [0x0000000400000000, 0x0000000800000000)
  region size 4096K, 168 young (688128K), 2 survivors (8192K)
 Metaspace       used 17809K, capacity 18499K, committed 18688K, reserved 1064960K
  class space    used 1961K, capacity 2219K, committed 2304K, reserved 1048576K
}
Event: 43.106 GC heap after
{Heap after GC invocations=51 (full 0):
 garbage-first heap   total 1150976K, used 39525K [0x0000000400000000, 0x0000000800000000)
  region size 4096K, 2 young (8192K), 2 survivors (8192K)
 Metaspace       used 17809K, capacity 18499K, committed 18688K, reserved 1064960K
  class space    used 1961K, capacity 2219K, committed 2304K, reserved 1048576K
}
Event: 43.878 GC heap before
{Heap before GC invocations=51 (full 0):
 garbage-first heap   total 1150976K, used 719461K [0x0000000400000000, 0x0000000800000000)
  region size 4096K, 168 young (688128K), 2 survivors (8192K)
 Metaspace       used 17809K, capacity 18499K, committed 18688K, reserved 1064960K
  class space    used 1961K, capacity 2219K, committed 2304K, reserved 1048576K
}
Event: 43.883 GC heap after
{Heap after GC invocations=52 (full 0):
 garbage-first heap   total 1150976K, used 39940K [0x0000000400000000, 0x0000000800000000)
  region size 4096K, 2 young (8192K), 2 survivors (8192K)
 Metaspace       used 17809K, capacity 18499K, committed 18688K, reserved 1064960K
  class space    used 1961K, capacity 2219K, committed 2304K, reserved 1048576K
}
Event: 44.758 GC heap before
{Heap before GC invocations=52 (full 0):
 garbage-first heap   total 1150976K, used 719876K [0x0000000400000000, 0x0000000800000000)
  region size 4096K, 168 young (688128K), 2 survivors (8192K)
 Metaspace       used 17809K, capacity 18499K, committed 18688K, reserved 1064960K
  class space    used 1961K, capacity 2219K, committed 2304K, reserved 1048576K
}
Event: 44.762 GC heap after
{Heap after GC invocations=53 (full 0):
 garbage-first heap   total 1150976K, used 40154K [0x0000000400000000, 0x0000000800000000)
  region size 4096K, 2 young (8192K), 2 survivors (8192K)
 Metaspace       used 17809K, capacity 18499K, committed 18688K, reserved 1064960K
  class space    used 1961K, capacity 2219K, committed 2304K, reserved 1048576K
}
Event: 45.645 GC heap before
{Heap before GC invocations=53 (full 0):
 garbage-first heap   total 1150976K, used 720090K [0x0000000400000000, 0x0000000800000000)
  region size 4096K, 168 young (688128K), 2 survivors (8192K)
 Metaspace       used 17809K, capacity 18499K, committed 18688K, reserved 1064960K
  class space    used 1961K, capacity 2219K, committed 2304K, reserved 1048576K
}
Event: 45.649 GC heap after
{Heap after GC invocations=54 (full 0):
 garbage-first heap   total 1150976K, used 40732K [0x0000000400000000, 0x0000000800000000)
  region size 4096K, 2 young (8192K), 2 survivors (8192K)
 Metaspace       used 17809K, capacity 18499K, committed 18688K, reserved 1064960K
  class space    used 1961K, capacity 2219K, committed 2304K, reserved 1048576K
}
Event: 46.749 GC heap before
{Heap before GC invocations=54 (full 0):
 garbage-first heap   total 1150976K, used 720668K [0x0000000400000000, 0x0000000800000000)
  region size 4096K, 168 young (688128K), 2 survivors (8192K)
 Metaspace       used 17811K, capacity 18499K, committed 18688K, reserved 1064960K
  class space    used 1961K, capacity 2219K, committed 2304K, reserved 1048576K
}
Event: 46.754 GC heap after
{Heap after GC invocations=55 (full 0):
 garbage-first heap   total 1150976K, used 40965K [0x0000000400000000, 0x0000000800000000)
  region size 4096K, 2 young (8192K), 2 survivors (8192K)
 Metaspace       used 17811K, capacity 18499K, committed 18688K, reserved 1064960K
  class space    used 1961K, capacity 2219K, committed 2304K, reserved 1048576K
}
Event: 91.539 GC heap before
{Heap before GC invocations=55 (full 0):
 garbage-first heap   total 1150976K, used 720901K [0x0000000400000000, 0x0000000800000000)
  region size 4096K, 168 young (688128K), 2 survivors (8192K)
 Metaspace       used 19192K, capacity 20255K, committed 20480K, reserved 1067008K
  class space    used 2233K, capacity 2708K, committed 2816K, reserved 1048576K
}
Event: 91.545 GC heap after
{Heap after GC invocations=56 (full 0):
 garbage-first heap   total 1150976K, used 42267K [0x0000000400000000, 0x0000000800000000)
  region size 4096K, 2 young (8192K), 2 survivors (8192K)
 Metaspace       used 19192K, capacity 20255K, committed 20480K, reserved 1067008K
  class space    used 2233K, capacity 2708K, committed 2816K, reserved 1048576K
}
Event: 629.825 GC heap before
{Heap before GC invocations=56 (full 0):
 garbage-first heap   total 1150976K, used 722203K [0x0000000400000000, 0x0000000800000000)
  region size 4096K, 168 young (688128K), 2 survivors (8192K)
 Metaspace       used 19284K, capacity 20397K, committed 20736K, reserved 1067008K
  class space    used 2234K, capacity 2708K, committed 2816K, reserved 1048576K
}
Event: 629.829 GC heap after
{Heap after GC invocations=57 (full 0):
 garbage-first heap   total 1150976K, used 42521K [0x0000000400000000, 0x0000000800000000)
  region size 4096K, 2 young (8192K), 2 survivors (8192K)
 Metaspace       used 19284K, capacity 20397K, committed 20736K, reserved 1067008K
  class space    used 2234K, capacity 2708K, committed 2816K, reserved 1048576K
}

