# JRE version: OpenJDK Runtime Environment (11.0.8+10) (build 11.0.8+10-post-Ubuntu-0ubuntu120.04)
# Java VM: OpenJDK 64-Bit Server VM (11.0.8+10-post-Ubuntu-0ubuntu120.04, mixed mode, sharing, tiered, compressed oops, g1 gc, linux-amd64)
Heap:
 garbage-first heap   total 1327104K, used 365189K [0x0000000080000000, 0x0000000800000000)
  region size 4096K, 82 young (335872K), 2 survivors (8192K)
 Metaspace       used 19301K, capacity 20381K, committed 20608K, reserved 1067008K
  class space    used 2223K, capacity 2678K, committed 2688K, reserved 1048576K
GC Heap History (20 events):
Event: 32.392 GC heap before
{Heap before GC invocations=42 (full 0):
 garbage-first heap   total 1327104K, used 823548K [0x0000000080000000, 0x0000000800000000)
  region size 4096K, 194 young (794624K), 2 survivors (8192K)
 Metaspace       used 17658K, capacity 18207K, committed 18432K, reserved 1064960K
  class space    used 1942K, capacity 2184K, committed 2304K, reserved 1048576K
}
Event: 32.396 GC heap after
{Heap after GC invocations=43 (full 0):
 garbage-first heap   total 1327104K, used 37567K [0x0000000080000000, 0x0000000800000000)
  region size 4096K, 2 young (8192K), 2 survivors (8192K)
 Metaspace       used 17658K, capacity 18207K, committed 18432K, reserved 1064960K
  class space    used 1942K, capacity 2184K, committed 2304K, reserved 1048576K
}
Event: 33.142 GC heap before
{Heap before GC invocations=43 (full 0):
 garbage-first heap   total 1327104K, used 823999K [0x0000000080000000, 0x0000000800000000)
  region size 4096K, 194 young (794624K), 2 survivors (8192K)
 Metaspace       used 17672K, capacity 18271K, committed 18688K, reserved 1064960K
  class space    used 1942K, capacity 2184K, committed 2304K, reserved 1048576K
}
Event: 33.147 GC heap after
{Heap after GC invocations=44 (full 0):
 garbage-first heap   total 1327104K, used 37618K [0x0000000080000000, 0x0000000800000000)
  region size 4096K, 2 young (8192K), 2 survivors (8192K)
 Metaspace       used 17672K, capacity 18271K, committed 18688K, reserved 1064960K
  class space    used 1942K, capacity 2184K, committed 2304K, reserved 1048576K
}
Event: 33.895 GC heap before
{Heap before GC invocations=44 (full 0):
 garbage-first heap   total 1327104K, used 824050K [0x0000000080000000, 0x0000000800000000)
  region size 4096K, 194 young (794624K), 2 survivors (8192K)
 Metaspace       used 17675K, capacity 18275K, committed 18688K, reserved 1064960K
  class space    used 1942K, capacity 2184K, committed 2304K, reserved 1048576K
}
Event: 33.904 GC heap after
{Heap after GC invocations=45 (full 0):
 garbage-first heap   total 1327104K, used 38234K [0x0000000080000000, 0x0000000800000000)
  region size 4096K, 2 young (8192K), 2 survivors (8192K)
 Metaspace       used 17675K, capacity 18275K, committed 18688K, reserved 1064960K
  class space    used 1942K, capacity 2184K, committed 2304K, reserved 1048576K
}
Event: 34.684 GC heap before
{Heap before GC invocations=45 (full 0):
 garbage-first heap   total 1327104K, used 824666K [0x0000000080000000, 0x0000000800000000)
  region size 4096K, 194 young (794624K), 2 survivors (8192K)
 Metaspace       used 17675K, capacity 18275K, committed 18688K, reserved 1064960K
  class space    used 1942K, capacity 2184K, committed 2304K, reserved 1048576K
}
Event: 34.688 GC heap after
{Heap after GC invocations=46 (full 0):
 garbage-first heap   total 1327104K, used 38738K [0x0000000080000000, 0x0000000800000000)
  region size 4096K, 2 young (8192K), 2 survivors (8192K)
 Metaspace       used 17675K, capacity 18275K, committed 18688K, reserved 1064960K
  class space    used 1942K, capacity 2184K, committed 2304K, reserved 1048576K
}
Event: 35.499 GC heap before
{Heap before GC invocations=46 (full 0):
 garbage-first heap   total 1327104K, used 825170K [0x0000000080000000, 0x0000000800000000)
  region size 4096K, 194 young (794624K), 2 survivors (8192K)
 Metaspace       used 17675K, capacity 18275K, committed 18688K, reserved 1064960K
  class space    used 1942K, capacity 2184K, committed 2304K, reserved 1048576K
}
Event: 35.505 GC heap after
{Heap after GC invocations=47 (full 0):
 garbage-first heap   total 1327104K, used 39108K [0x0000000080000000, 0x0000000800000000)
  region size 4096K, 2 young (8192K), 2 survivors (8192K)
 Metaspace       used 17675K, capacity 18275K, committed 18688K, reserved 1064960K
  class space    used 1942K, capacity 2184K, committed 2304K, reserved 1048576K
}
Event: 36.305 GC heap before
{Heap before GC invocations=47 (full 0):
 garbage-first heap   total 1327104K, used 825540K [0x0000000080000000, 0x0000000800000000)
  region size 4096K, 194 young (794624K), 2 survivors (8192K)
 Metaspace       used 17675K, capacity 18275K, committed 18688K, reserved 1064960K
  class space    used 1942K, capacity 2184K, committed 2304K, reserved 1048576K
}
Event: 36.309 GC heap after
{Heap after GC invocations=48 (full 0):
 garbage-first heap   total 1327104K, used 39528K [0x0000000080000000, 0x0000000800000000)
  region size 4096K, 2 young (8192K), 2 survivors (8192K)
 Metaspace       used 17675K, capacity 18275K, committed 18688K, reserved 1064960K
  class space    used 1942K, capacity 2184K, committed 2304K, reserved 1048576K
}
Event: 37.356 GC heap before
{Heap before GC invocations=48 (full 0):
 garbage-first heap   total 1327104K, used 825960K [0x0000000080000000, 0x0000000800000000)
  region size 4096K, 194 young (794624K), 2 survivors (8192K)
 Metaspace       used 17677K, capacity 18275K, committed 18688K, reserved 1064960K
  class space    used 1942K, capacity 2184K, committed 2304K, reserved 1048576K
}
Event: 37.361 GC heap after
{Heap after GC invocations=49 (full 0):
 garbage-first heap   total 1327104K, used 39821K [0x0000000080000000, 0x0000000800000000)
  region size 4096K, 2 young (8192K), 2 survivors (8192K)
 Metaspace       used 17677K, capacity 18275K, committed 18688K, reserved 1064960K
  class space    used 1942K, capacity 2184K, committed 2304K, reserved 1048576K
}
Event: 61.454 GC heap before
{Heap before GC invocations=49 (full 0):
 garbage-first heap   total 1327104K, used 826253K [0x0000000080000000, 0x0000000800000000)
  region size 4096K, 194 young (794624K), 2 survivors (8192K)
 Metaspace       used 19077K, capacity 20122K, committed 20352K, reserved 1067008K
  class space    used 2214K, capacity 2664K, committed 2688K, reserved 1048576K
}
Event: 61.460 GC heap after
{Heap after GC invocations=50 (full 0):
 garbage-first heap   total 1327104K, used 41145K [0x0000000080000000, 0x0000000800000000)
  region size 4096K, 2 young (8192K), 2 survivors (8192K)
 Metaspace       used 19077K, capacity 20122K, committed 20352K, reserved 1067008K
  class space    used 2214K, capacity 2664K, committed 2688K, reserved 1048576K
}
Event: 173.581 GC heap before
{Heap before GC invocations=50 (full 0):
 garbage-first heap   total 1327104K, used 827577K [0x0000000080000000, 0x0000000800000000)
  region size 4096K, 194 young (794624K), 2 survivors (8192K)
 Metaspace       used 19159K, capacity 20200K, committed 20352K, reserved 1067008K
  class space    used 2215K, capacity 2664K, committed 2688K, reserved 1048576K
}
Event: 173.589 GC heap after
{Heap after GC invocations=51 (full 0):
 garbage-first heap   total 1327104K, used 41278K [0x0000000080000000, 0x0000000800000000)
  region size 4096K, 2 young (8192K), 2 survivors (8192K)
 Metaspace       used 19159K, capacity 20200K, committed 20352K, reserved 1067008K
  class space    used 2215K, capacity 2664K, committed 2688K, reserved 1048576K
}
Event: 379.102 GC heap before
{Heap before GC invocations=51 (full 0):
 garbage-first heap   total 1327104K, used 827710K [0x0000000080000000, 0x0000000800000000)
  region size 4096K, 194 young (794624K), 2 survivors (8192K)
 Metaspace       used 19284K, capacity 20317K, committed 20352K, reserved 1067008K
  class space    used 2223K, capacity 2678K, committed 2688K, reserved 1048576K
}
Event: 379.107 GC heap after
{Heap after GC invocations=52 (full 0):
 garbage-first heap   total 1327104K, used 41605K [0x0000000080000000, 0x0000000800000000)
  region size 4096K, 2 young (8192K), 2 survivors (8192K)
 Metaspace       used 19284K, capacity 20317K, committed 20352K, reserved 1067008K
  class space    used 2223K, capacity 2678K, committed 2688K, reserved 1048576K
}

