# JRE version: OpenJDK Runtime Environment (11.0.8+10) (build 11.0.8+10-post-Ubuntu-0ubuntu120.04)
# Java VM: OpenJDK 64-Bit Server VM (11.0.8+10-post-Ubuntu-0ubuntu120.04, mixed mode, sharing, tiered, compressed oops, g1 gc, linux-amd64)
Heap:
 garbage-first heap   total 1277952K, used 590825K [0x0000000080000000, 0x0000000800000000)
  region size 4096K, 137 young (561152K), 2 survivors (8192K)
 Metaspace       used 19021K, capacity 20064K, committed 20352K, reserved 1067008K
  class space    used 2206K, capacity 2663K, committed 2688K, reserved 1048576K
GC Heap History (20 events):
Event: 30.664 GC heap before
{Heap before GC invocations=41 (full 0):
 garbage-first heap   total 1277952K, used 794917K [0x0000000080000000, 0x0000000800000000)
  region size 4096K, 187 young (765952K), 2 survivors (8192K)
 Metaspace       used 17764K, capacity 18401K, committed 18688K, reserved 1064960K
  class space    used 1965K, capacity 2251K, committed 2304K, reserved 1048576K
}
Event: 30.668 GC heap after
{Heap after GC invocations=42 (full 0):
 garbage-first heap   total 1277952K, used 37768K [0x0000000080000000, 0x0000000800000000)
  region size 4096K, 2 young (8192K), 2 survivors (8192K)
 Metaspace       used 17764K, capacity 18401K, committed 18688K, reserved 1064960K
  class space    used 1965K, capacity 2251K, committed 2304K, reserved 1048576K
}
Event: 31.407 GC heap before
{Heap before GC invocations=42 (full 0):
 garbage-first heap   total 1277952K, used 795528K [0x0000000080000000, 0x0000000800000000)
  region size 4096K, 187 young (765952K), 2 survivors (8192K)
 Metaspace       used 17764K, capacity 18401K, committed 18688K, reserved 1064960K
  class space    used 1965K, capacity 2251K, committed 2304K, reserved 1048576K
}
Event: 31.411 GC heap after
{Heap after GC invocations=43 (full 0):
 garbage-first heap   total 1277952K, used 38021K [0x0000000080000000, 0x0000000800000000)
  region size 4096K, 2 young (8192K), 2 survivors (8192K)
 Metaspace       used 17764K, capacity 18401K, committed 18688K, reserved 1064960K
  class space    used 1965K, capacity 2251K, committed 2304K, reserved 1048576K
}
Event: 32.112 GC heap before
{Heap before GC invocations=43 (full 0):
 garbage-first heap   total 1277952K, used 795781K [0x0000000080000000, 0x0000000800000000)
  region size 4096K, 187 young (765952K), 2 survivors (8192K)
 Metaspace       used 17764K, capacity 18401K, committed 18688K, reserved 1064960K
  class space    used 1965K, capacity 2251K, committed 2304K, reserved 1048576K
}
Event: 32.117 GC heap after
{Heap after GC invocations=44 (full 0):
 garbage-first heap   total 1277952K, used 38585K [0x0000000080000000, 0x0000000800000000)
  region size 4096K, 2 young (8192K), 2 survivors (8192K)
 Metaspace       used 17764K, capacity 18401K, committed 18688K, reserved 1064960K
  class space    used 1965K, capacity 2251K, committed 2304K, reserved 1048576K
}
Event: 32.799 GC heap before
{Heap before GC invocations=44 (full 0):
 garbage-first heap   total 1277952K, used 796345K [0x0000000080000000, 0x0000000800000000)
  region size 4096K, 187 young (765952K), 2 survivors (8192K)
 Metaspace       used 17778K, capacity 18465K, committed 18688K, reserved 1064960K
  class space    used 1965K, capacity 2251K, committed 2304K, reserved 1048576K
}
Event: 32.806 GC heap after
{Heap after GC invocations=45 (full 0):
 garbage-first heap   total 1277952K, used 38681K [0x0000000080000000, 0x0000000800000000)
  region size 4096K, 2 young (8192K), 2 survivors (8192K)
 Metaspace       used 17778K, capacity 18465K, committed 18688K, reserved 1064960K
  class space    used 1965K, capacity 2251K, committed 2304K, reserved 1048576K
}
Event: 33.551 GC heap before
{Heap before GC invocations=45 (full 0):
 garbage-first heap   total 1277952K, used 796441K [0x0000000080000000, 0x0000000800000000)
  region size 4096K, 187 young (765952K), 2 survivors (8192K)
 Metaspace       used 17778K, capacity 18465K, committed 18688K, reserved 1064960K
  class space    used 1965K, capacity 2251K, committed 2304K, reserved 1048576K
}
Event: 33.556 GC heap after
{Heap after GC invocations=46 (full 0):
 garbage-first heap   total 1277952K, used 39145K [0x0000000080000000, 0x0000000800000000)
  region size 4096K, 2 young (8192K), 2 survivors (8192K)
 Metaspace       used 17778K, capacity 18465K, committed 18688K, reserved 1064960K
  class space    used 1965K, capacity 2251K, committed 2304K, reserved 1048576K
}
Event: 34.289 GC heap before
{Heap before GC invocations=46 (full 0):
 garbage-first heap   total 1277952K, used 796905K [0x0000000080000000, 0x0000000800000000)
  region size 4096K, 187 young (765952K), 2 survivors (8192K)
 Metaspace       used 17778K, capacity 18465K, committed 18688K, reserved 1064960K
  class space    used 1965K, capacity 2251K, committed 2304K, reserved 1048576K
}
Event: 34.293 GC heap after
{Heap after GC invocations=47 (full 0):
 garbage-first heap   total 1277952K, used 39677K [0x0000000080000000, 0x0000000800000000)
  region size 4096K, 2 young (8192K), 2 survivors (8192K)
 Metaspace       used 17778K, capacity 18465K, committed 18688K, reserved 1064960K
  class space    used 1965K, capacity 2251K, committed 2304K, reserved 1048576K
}
Event: 35.072 GC heap before
{Heap before GC invocations=47 (full 0):
 garbage-first heap   total 1277952K, used 797437K [0x0000000080000000, 0x0000000800000000)
  region size 4096K, 187 young (765952K), 2 survivors (8192K)
 Metaspace       used 17778K, capacity 18465K, committed 18688K, reserved 1064960K
  class space    used 1965K, capacity 2251K, committed 2304K, reserved 1048576K
}
Event: 35.076 GC heap after
{Heap after GC invocations=48 (full 0):
 garbage-first heap   total 1277952K, used 40140K [0x0000000080000000, 0x0000000800000000)
  region size 4096K, 2 young (8192K), 2 survivors (8192K)
 Metaspace       used 17778K, capacity 18465K, committed 18688K, reserved 1064960K
  class space    used 1965K, capacity 2251K, committed 2304K, reserved 1048576K
}
Event: 35.854 GC heap before
{Heap before GC invocations=48 (full 0):
 garbage-first heap   total 1277952K, used 797900K [0x0000000080000000, 0x0000000800000000)
  region size 4096K, 187 young (765952K), 2 survivors (8192K)
 Metaspace       used 17778K, capacity 18465K, committed 18688K, reserved 1064960K
  class space    used 1965K, capacity 2251K, committed 2304K, reserved 1048576K
}
Event: 35.859 GC heap after
{Heap after GC invocations=49 (full 0):
 garbage-first heap   total 1277952K, used 40697K [0x0000000080000000, 0x0000000800000000)
  region size 4096K, 2 young (8192K), 2 survivors (8192K)
 Metaspace       used 17778K, capacity 18465K, committed 18688K, reserved 1064960K
  class space    used 1965K, capacity 2251K, committed 2304K, reserved 1048576K
}
Event: 36.866 GC heap before
{Heap before GC invocations=49 (full 0):
 garbage-first heap   total 1277952K, used 798457K [0x0000000080000000, 0x0000000800000000)
  region size 4096K, 187 young (765952K), 2 survivors (8192K)
 Metaspace       used 17781K, capacity 18465K, committed 18688K, reserved 1064960K
  class space    used 1965K, capacity 2251K, committed 2304K, reserved 1048576K
}
Event: 36.870 GC heap after
{Heap after GC invocations=50 (full 0):
 garbage-first heap   total 1277952K, used 41095K [0x0000000080000000, 0x0000000800000000)
  region size 4096K, 2 young (8192K), 2 survivors (8192K)
 Metaspace       used 17781K, capacity 18465K, committed 18688K, reserved 1064960K
  class space    used 1965K, capacity 2251K, committed 2304K, reserved 1048576K
}
Event: 56.641 GC heap before
{Heap before GC invocations=50 (full 0):
 garbage-first heap   total 1277952K, used 798855K [0x0000000080000000, 0x0000000800000000)
  region size 4096K, 187 young (765952K), 2 survivors (8192K)
 Metaspace       used 18919K, capacity 19899K, committed 20096K, reserved 1067008K
  class space    used 2202K, capacity 2655K, committed 2688K, reserved 1048576K
}
Event: 56.646 GC heap after
{Heap after GC invocations=51 (full 0):
 garbage-first heap   total 1277952K, used 41961K [0x0000000080000000, 0x0000000800000000)
  region size 4096K, 2 young (8192K), 2 survivors (8192K)
 Metaspace       used 18919K, capacity 19899K, committed 20096K, reserved 1067008K
  class space    used 2202K, capacity 2655K, committed 2688K, reserved 1048576K
}

