# JRE version: OpenJDK Runtime Environment (11.0.8+10) (build 11.0.8+10-post-Ubuntu-0ubuntu120.04)
# Java VM: OpenJDK 64-Bit Server VM (11.0.8+10-post-Ubuntu-0ubuntu120.04, mixed mode, sharing, tiered, compressed oops, g1 gc, linux-amd64)
Heap:
 garbage-first heap   total 1179648K, used 394729K [0x0000000080000000, 0x0000000800000000)
  region size 4096K, 87 young (356352K), 1 survivors (4096K)
 Metaspace       used 19438K, capacity 20473K, committed 20608K, reserved 1067008K
  class space    used 2221K, capacity 2677K, committed 2688K, reserved 1048576K
GC Heap History (20 events):
Event: 276.627 GC heap before
{Heap before GC invocations=67 (full 0):
 garbage-first heap   total 1179648K, used 745215K [0x0000000080000000, 0x0000000800000000)
  region size 4096K, 172 young (704512K), 1 survivors (4096K)
 Metaspace       used 19384K, capacity 20386K, committed 20608K, reserved 1067008K
  class space    used 2221K, capacity 2677K, committed 2688K, reserved 1048576K
}
Event: 276.632 GC heap after
{Heap after GC invocations=68 (full 0):
 garbage-first heap   total 1179648K, used 44858K [0x0000000080000000, 0x0000000800000000)
  region size 4096K, 1 young (4096K), 1 survivors (4096K)
 Metaspace       used 19384K, capacity 20386K, committed 20608K, reserved 1067008K
  class space    used 2221K, capacity 2677K, committed 2688K, reserved 1048576K
}
Event: 331.484 GC heap before
{Heap before GC invocations=68 (full 0):
 garbage-first heap   total 1179648K, used 745274K [0x0000000080000000, 0x0000000800000000)
  region size 4096K, 172 young (704512K), 1 survivors (4096K)
 Metaspace       used 19398K, capacity 20386K, committed 20608K, reserved 1067008K
  class space    used 2221K, capacity 2677K, committed 2688K, reserved 1048576K
}
Event: 331.487 GC heap after
{Heap after GC invocations=69 (full 0):
 garbage-first heap   total 1179648K, used 45204K [0x0000000080000000, 0x0000000800000000)
  region size 4096K, 1 young (4096K), 1 survivors (4096K)
 Metaspace       used 19398K, capacity 20386K, committed 20608K, reserved 1067008K
  class space    used 2221K, capacity 2677K, committed 2688K, reserved 1048576K
}
Event: 339.281 GC heap before
{Heap before GC invocations=69 (full 0):
 garbage-first heap   total 1179648K, used 745620K [0x0000000080000000, 0x0000000800000000)
  region size 4096K, 172 young (704512K), 1 survivors (4096K)
 Metaspace       used 19404K, capacity 20450K, committed 20608K, reserved 1067008K
  class space    used 2221K, capacity 2677K, committed 2688K, reserved 1048576K
}
Event: 339.284 GC heap after
{Heap after GC invocations=70 (full 0):
 garbage-first heap   total 1179648K, used 45354K [0x0000000080000000, 0x0000000800000000)
  region size 4096K, 1 young (4096K), 1 survivors (4096K)
 Metaspace       used 19404K, capacity 20450K, committed 20608K, reserved 1067008K
  class space    used 2221K, capacity 2677K, committed 2688K, reserved 1048576K
}
Event: 340.002 GC heap before
{Heap before GC invocations=70 (full 0):
 garbage-first heap   total 1179648K, used 745770K [0x0000000080000000, 0x0000000800000000)
  region size 4096K, 172 young (704512K), 1 survivors (4096K)
 Metaspace       used 19404K, capacity 20450K, committed 20608K, reserved 1067008K
  class space    used 2221K, capacity 2677K, committed 2688K, reserved 1048576K
}
Event: 340.005 GC heap after
{Heap after GC invocations=71 (full 0):
 garbage-first heap   total 1179648K, used 45549K [0x0000000080000000, 0x0000000800000000)
  region size 4096K, 1 young (4096K), 1 survivors (4096K)
 Metaspace       used 19404K, capacity 20450K, committed 20608K, reserved 1067008K
  class space    used 2221K, capacity 2677K, committed 2688K, reserved 1048576K
}
Event: 562.022 GC heap before
{Heap before GC invocations=71 (full 0):
 garbage-first heap   total 1179648K, used 745965K [0x0000000080000000, 0x0000000800000000)
  region size 4096K, 172 young (704512K), 1 survivors (4096K)
 Metaspace       used 19413K, capacity 20459K, committed 20608K, reserved 1067008K
  class space    used 2221K, capacity 2677K, committed 2688K, reserved 1048576K
}
Event: 562.025 GC heap after
{Heap after GC invocations=72 (full 0):
 garbage-first heap   total 1179648K, used 45637K [0x0000000080000000, 0x0000000800000000)
  region size 4096K, 1 young (4096K), 1 survivors (4096K)
 Metaspace       used 19413K, capacity 20459K, committed 20608K, reserved 1067008K
  class space    used 2221K, capacity 2677K, committed 2688K, reserved 1048576K
}
Event: 610.163 GC heap before
{Heap before GC invocations=72 (full 0):
 garbage-first heap   total 1179648K, used 746053K [0x0000000080000000, 0x0000000800000000)
  region size 4096K, 172 young (704512K), 1 survivors (4096K)
 Metaspace       used 19420K, capacity 20459K, committed 20608K, reserved 1067008K
  class space    used 2221K, capacity 2677K, committed 2688K, reserved 1048576K
}
Event: 610.167 GC heap after
{Heap after GC invocations=73 (full 0):
 garbage-first heap   total 1179648K, used 45887K [0x0000000080000000, 0x0000000800000000)
  region size 4096K, 1 young (4096K), 1 survivors (4096K)
 Metaspace       used 19420K, capacity 20459K, committed 20608K, reserved 1067008K
  class space    used 2221K, capacity 2677K, committed 2688K, reserved 1048576K
}
Event: 718.952 GC heap before
{Heap before GC invocations=73 (full 0):
 garbage-first heap   total 1179648K, used 746303K [0x0000000080000000, 0x0000000800000000)
  region size 4096K, 172 young (704512K), 1 survivors (4096K)
 Metaspace       used 19435K, capacity 20473K, committed 20608K, reserved 1067008K
  class space    used 2221K, capacity 2677K, committed 2688K, reserved 1048576K
}
Event: 718.987 GC heap after
{Heap after GC invocations=74 (full 0):
 garbage-first heap   total 1179648K, used 46130K [0x0000000080000000, 0x0000000800000000)
  region size 4096K, 1 young (4096K), 1 survivors (4096K)
 Metaspace       used 19435K, capacity 20473K, committed 20608K, reserved 1067008K
  class space    used 2221K, capacity 2677K, committed 2688K, reserved 1048576K
}
Event: 721.782 GC heap before
{Heap before GC invocations=74 (full 0):
 garbage-first heap   total 1179648K, used 746546K [0x0000000080000000, 0x0000000800000000)
  region size 4096K, 172 young (704512K), 1 survivors (4096K)
 Metaspace       used 19436K, capacity 20473K, committed 20608K, reserved 1067008K
  class space    used 2221K, capacity 2677K, committed 2688K, reserved 1048576K
}
Event: 721.785 GC heap after
{Heap after GC invocations=75 (full 0):
 garbage-first heap   total 1179648K, used 46259K [0x0000000080000000, 0x0000000800000000)
  region size 4096K, 1 young (4096K), 1 survivors (4096K)
 Metaspace       used 19436K, capacity 20473K, committed 20608K, reserved 1067008K
  class space    used 2221K, capacity 2677K, committed 2688K, reserved 1048576K
}
Event: 723.208 GC heap before
{Heap before GC invocations=75 (full 0):
 garbage-first heap   total 1179648K, used 746675K [0x0000000080000000, 0x0000000800000000)
  region size 4096K, 172 young (704512K), 1 survivors (4096K)
 Metaspace       used 19436K, capacity 20473K, committed 20608K, reserved 1067008K
  class space    used 2221K, capacity 2677K, committed 2688K, reserved 1048576K
}
Event: 723.211 GC heap after
{Heap after GC invocations=76 (full 0):
 garbage-first heap   total 1179648K, used 46437K [0x0000000080000000, 0x0000000800000000)
  region size 4096K, 1 young (4096K), 1 survivors (4096K)
 Metaspace       used 19436K, capacity 20473K, committed 20608K, reserved 1067008K
  class space    used 2221K, capacity 2677K, committed 2688K, reserved 1048576K
}
Event: 751.485 GC heap before
{Heap before GC invocations=76 (full 0):
 garbage-first heap   total 1179648K, used 746853K [0x0000000080000000, 0x0000000800000000)
  region size 4096K, 172 young (704512K), 1 survivors (4096K)
 Metaspace       used 19436K, capacity 20473K, committed 20608K, reserved 1067008K
  class space    used 2221K, capacity 2677K, committed 2688K, reserved 1048576K
}
Event: 751.488 GC heap after
{Heap after GC invocations=77 (full 0):
 garbage-first heap   total 1179648K, used 46569K [0x0000000080000000, 0x0000000800000000)
  region size 4096K, 1 young (4096K), 1 survivors (4096K)
 Metaspace       used 19436K, capacity 20473K, committed 20608K, reserved 1067008K
  class space    used 2221K, capacity 2677K, committed 2688K, reserved 1048576K
}

