# JRE version: OpenJDK Runtime Environment (11.0.8+10) (build 11.0.8+10-post-Ubuntu-0ubuntu120.04)
# Java VM: OpenJDK 64-Bit Server VM (11.0.8+10-post-Ubuntu-0ubuntu120.04, mixed mode, sharing, tiered, compressed oops, g1 gc, linux-amd64)
Heap:
 garbage-first heap   total 1089536K, used 649139K [0x0000000080000000, 0x0000000800000000)
  region size 4096K, 151 young (618496K), 2 survivors (8192K)
 Metaspace       used 19347K, capacity 20385K, committed 20608K, reserved 1067008K
  class space    used 2223K, capacity 2678K, committed 2688K, reserved 1048576K
GC Heap History (20 events):
Event: 34.515 GC heap before
{Heap before GC invocations=52 (full 0):
 garbage-first heap   total 1089536K, used 682102K [0x0000000080000000, 0x0000000800000000)
  region size 4096K, 159 young (651264K), 2 survivors (8192K)
 Metaspace       used 17685K, capacity 18338K, committed 18688K, reserved 1064960K
  class space    used 1942K, capacity 2184K, committed 2304K, reserved 1048576K
}
Event: 34.525 GC heap after
{Heap after GC invocations=53 (full 0):
 garbage-first heap   total 1089536K, used 39430K [0x0000000080000000, 0x0000000800000000)
  region size 4096K, 2 young (8192K), 2 survivors (8192K)
 Metaspace       used 17685K, capacity 18338K, committed 18688K, reserved 1064960K
  class space    used 1942K, capacity 2184K, committed 2304K, reserved 1048576K
}
Event: 35.168 GC heap before
{Heap before GC invocations=53 (full 0):
 garbage-first heap   total 1089536K, used 682502K [0x0000000080000000, 0x0000000800000000)
  region size 4096K, 159 young (651264K), 2 survivors (8192K)
 Metaspace       used 17685K, capacity 18338K, committed 18688K, reserved 1064960K
  class space    used 1942K, capacity 2184K, committed 2304K, reserved 1048576K
}
Event: 35.172 GC heap after
{Heap after GC invocations=54 (full 0):
 garbage-first heap   total 1089536K, used 39712K [0x0000000080000000, 0x0000000800000000)
  region size 4096K, 2 young (8192K), 2 survivors (8192K)
 Metaspace       used 17685K, capacity 18338K, committed 18688K, reserved 1064960K
  class space    used 1942K, capacity 2184K, committed 2304K, reserved 1048576K
}
Event: 35.765 GC heap before
{Heap before GC invocations=54 (full 0):
 garbage-first heap   total 1089536K, used 682784K [0x0000000080000000, 0x0000000800000000)
  region size 4096K, 159 young (651264K), 2 survivors (8192K)
 Metaspace       used 17685K, capacity 18338K, committed 18688K, reserved 1064960K
  class space    used 1942K, capacity 2184K, committed 2304K, reserved 1048576K
}
Event: 35.768 GC heap after
{Heap after GC invocations=55 (full 0):
 garbage-first heap   total 1089536K, used 40229K [0x0000000080000000, 0x0000000800000000)
  region size 4096K, 2 young (8192K), 2 survivors (8192K)
 Metaspace       used 17685K, capacity 18338K, committed 18688K, reserved 1064960K
  class space    used 1942K, capacity 2184K, committed 2304K, reserved 1048576K
}
Event: 36.443 GC heap before
{Heap before GC invocations=55 (full 0):
 garbage-first heap   total 1089536K, used 683301K [0x0000000080000000, 0x0000000800000000)
  region size 4096K, 159 young (651264K), 2 survivors (8192K)
 Metaspace       used 17685K, capacity 18338K, committed 18688K, reserved 1064960K
  class space    used 1942K, capacity 2184K, committed 2304K, reserved 1048576K
}
Event: 36.447 GC heap after
{Heap after GC invocations=56 (full 0):
 garbage-first heap   total 1089536K, used 40549K [0x0000000080000000, 0x0000000800000000)
  region size 4096K, 2 young (8192K), 2 survivors (8192K)
 Metaspace       used 17685K, capacity 18338K, committed 18688K, reserved 1064960K
  class space    used 1942K, capacity 2184K, committed 2304K, reserved 1048576K
}
Event: 37.192 GC heap before
{Heap before GC invocations=56 (full 0):
 garbage-first heap   total 1089536K, used 683621K [0x0000000080000000, 0x0000000800000000)
  region size 4096K, 159 young (651264K), 2 survivors (8192K)
 Metaspace       used 17685K, capacity 18338K, committed 18688K, reserved 1064960K
  class space    used 1942K, capacity 2184K, committed 2304K, reserved 1048576K
}
Event: 37.195 GC heap after
{Heap after GC invocations=57 (full 0):
 garbage-first heap   total 1089536K, used 40977K [0x0000000080000000, 0x0000000800000000)
  region size 4096K, 2 young (8192K), 2 survivors (8192K)
 Metaspace       used 17685K, capacity 18338K, committed 18688K, reserved 1064960K
  class space    used 1942K, capacity 2184K, committed 2304K, reserved 1048576K
}
Event: 38.014 GC heap before
{Heap before GC invocations=57 (full 0):
 garbage-first heap   total 1089536K, used 684049K [0x0000000080000000, 0x0000000800000000)
  region size 4096K, 159 young (651264K), 2 survivors (8192K)
 Metaspace       used 17687K, capacity 18338K, committed 18688K, reserved 1064960K
  class space    used 1942K, capacity 2184K, committed 2304K, reserved 1048576K
}
Event: 38.017 GC heap after
{Heap after GC invocations=58 (full 0):
 garbage-first heap   total 1089536K, used 41115K [0x0000000080000000, 0x0000000800000000)
  region size 4096K, 2 young (8192K), 2 survivors (8192K)
 Metaspace       used 17687K, capacity 18338K, committed 18688K, reserved 1064960K
  class space    used 1942K, capacity 2184K, committed 2304K, reserved 1048576K
}
Event: 61.330 GC heap before
{Heap before GC invocations=58 (full 0):
 garbage-first heap   total 1089536K, used 684187K [0x0000000080000000, 0x0000000800000000)
  region size 4096K, 159 young (651264K), 2 survivors (8192K)
 Metaspace       used 19084K, capacity 20121K, committed 20352K, reserved 1067008K
  class space    used 2214K, capacity 2664K, committed 2688K, reserved 1048576K
}
Event: 61.336 GC heap after
{Heap after GC invocations=59 (full 0):
 garbage-first heap   total 1089536K, used 42205K [0x0000000080000000, 0x0000000800000000)
  region size 4096K, 2 young (8192K), 2 survivors (8192K)
 Metaspace       used 19084K, capacity 20121K, committed 20352K, reserved 1067008K
  class space    used 2214K, capacity 2664K, committed 2688K, reserved 1048576K
}
Event: 135.346 GC heap before
{Heap before GC invocations=59 (full 0):
 garbage-first heap   total 1089536K, used 685277K [0x0000000080000000, 0x0000000800000000)
  region size 4096K, 159 young (651264K), 2 survivors (8192K)
 Metaspace       used 19159K, capacity 20131K, committed 20352K, reserved 1067008K
  class space    used 2215K, capacity 2664K, committed 2688K, reserved 1048576K
}
Event: 135.354 GC heap after
{Heap after GC invocations=60 (full 0):
 garbage-first heap   total 1089536K, used 42501K [0x0000000080000000, 0x0000000800000000)
  region size 4096K, 2 young (8192K), 2 survivors (8192K)
 Metaspace       used 19159K, capacity 20131K, committed 20352K, reserved 1067008K
  class space    used 2215K, capacity 2664K, committed 2688K, reserved 1048576K
}
Event: 279.797 GC heap before
{Heap before GC invocations=60 (full 0):
 garbage-first heap   total 1089536K, used 685573K [0x0000000080000000, 0x0000000800000000)
  region size 4096K, 159 young (651264K), 2 survivors (8192K)
 Metaspace       used 19266K, capacity 20311K, committed 20352K, reserved 1067008K
  class space    used 2223K, capacity 2678K, committed 2688K, reserved 1048576K
}
Event: 279.801 GC heap after
{Heap after GC invocations=61 (full 0):
 garbage-first heap   total 1089536K, used 43029K [0x0000000080000000, 0x0000000800000000)
  region size 4096K, 2 young (8192K), 2 survivors (8192K)
 Metaspace       used 19266K, capacity 20311K, committed 20352K, reserved 1067008K
  class space    used 2223K, capacity 2678K, committed 2688K, reserved 1048576K
}
Event: 390.692 GC heap before
{Heap before GC invocations=61 (full 0):
 garbage-first heap   total 1089536K, used 686101K [0x0000000080000000, 0x0000000800000000)
  region size 4096K, 159 young (651264K), 2 survivors (8192K)
 Metaspace       used 19306K, capacity 20380K, committed 20608K, reserved 1067008K
  class space    used 2223K, capacity 2678K, committed 2688K, reserved 1048576K
}
Event: 390.696 GC heap after
{Heap after GC invocations=62 (full 0):
 garbage-first heap   total 1089536K, used 42931K [0x0000000080000000, 0x0000000800000000)
  region size 4096K, 2 young (8192K), 2 survivors (8192K)
 Metaspace       used 19306K, capacity 20380K, committed 20608K, reserved 1067008K
  class space    used 2223K, capacity 2678K, committed 2688K, reserved 1048576K
}

