# JRE version: OpenJDK Runtime Environment (11.0.8+10) (build 11.0.8+10-post-Ubuntu-0ubuntu120.04)
# Java VM: OpenJDK 64-Bit Server VM (11.0.8+10-post-Ubuntu-0ubuntu120.04, mixed mode, sharing, tiered, compressed oops, g1 gc, linux-amd64)
Heap:
 garbage-first heap   total 1130496K, used 708890K [0x0000000080000000, 0x0000000800000000)
  region size 4096K, 164 young (671744K), 1 survivors (4096K)
 Metaspace       used 19435K, capacity 20460K, committed 20608K, reserved 1067008K
  class space    used 2222K, capacity 2677K, committed 2688K, reserved 1048576K
GC Heap History (20 events):
Event: 93.878 GC heap before
{Heap before GC invocations=64 (full 0):
 garbage-first heap   total 1130496K, used 711044K [0x0000000080000000, 0x0000000800000000)
  region size 4096K, 165 young (675840K), 2 survivors (8192K)
 Metaspace       used 19303K, capacity 20307K, committed 20352K, reserved 1067008K
  class space    used 2222K, capacity 2677K, committed 2688K, reserved 1048576K
}
Event: 93.883 GC heap after
{Heap after GC invocations=65 (full 0):
 garbage-first heap   total 1130496K, used 43629K [0x0000000080000000, 0x0000000800000000)
  region size 4096K, 2 young (8192K), 2 survivors (8192K)
 Metaspace       used 19303K, capacity 20307K, committed 20352K, reserved 1067008K
  class space    used 2222K, capacity 2677K, committed 2688K, reserved 1048576K
}
Event: 103.737 GC heap before
{Heap before GC invocations=65 (full 0):
 garbage-first heap   total 1130496K, used 711277K [0x0000000080000000, 0x0000000800000000)
  region size 4096K, 165 young (675840K), 2 survivors (8192K)
 Metaspace       used 19305K, capacity 20307K, committed 20352K, reserved 1067008K
  class space    used 2222K, capacity 2677K, committed 2688K, reserved 1048576K
}
Event: 103.741 GC heap after
{Heap after GC invocations=66 (full 0):
 garbage-first heap   total 1130496K, used 43780K [0x0000000080000000, 0x0000000800000000)
  region size 4096K, 2 young (8192K), 2 survivors (8192K)
 Metaspace       used 19305K, capacity 20307K, committed 20352K, reserved 1067008K
  class space    used 2222K, capacity 2677K, committed 2688K, reserved 1048576K
}
Event: 105.201 GC heap before
{Heap before GC invocations=66 (full 0):
 garbage-first heap   total 1130496K, used 711428K [0x0000000080000000, 0x0000000800000000)
  region size 4096K, 165 young (675840K), 2 survivors (8192K)
 Metaspace       used 19319K, capacity 20376K, committed 20608K, reserved 1067008K
  class space    used 2222K, capacity 2677K, committed 2688K, reserved 1048576K
}
Event: 105.205 GC heap after
{Heap after GC invocations=67 (full 0):
 garbage-first heap   total 1130496K, used 44113K [0x0000000080000000, 0x0000000800000000)
  region size 4096K, 2 young (8192K), 2 survivors (8192K)
 Metaspace       used 19319K, capacity 20376K, committed 20608K, reserved 1067008K
  class space    used 2222K, capacity 2677K, committed 2688K, reserved 1048576K
}
Event: 106.099 GC heap before
{Heap before GC invocations=67 (full 0):
 garbage-first heap   total 1130496K, used 711761K [0x0000000080000000, 0x0000000800000000)
  region size 4096K, 165 young (675840K), 2 survivors (8192K)
 Metaspace       used 19332K, capacity 20381K, committed 20608K, reserved 1067008K
  class space    used 2222K, capacity 2677K, committed 2688K, reserved 1048576K
}
Event: 106.102 GC heap after
{Heap after GC invocations=68 (full 0):
 garbage-first heap   total 1130496K, used 44220K [0x0000000080000000, 0x0000000800000000)
  region size 4096K, 1 young (4096K), 1 survivors (4096K)
 Metaspace       used 19332K, capacity 20381K, committed 20608K, reserved 1067008K
  class space    used 2222K, capacity 2677K, committed 2688K, reserved 1048576K
}
Event: 119.746 GC heap before
{Heap before GC invocations=68 (full 0):
 garbage-first heap   total 1130496K, used 715964K [0x0000000080000000, 0x0000000800000000)
  region size 4096K, 165 young (675840K), 1 survivors (4096K)
 Metaspace       used 19355K, capacity 20381K, committed 20608K, reserved 1067008K
  class space    used 2222K, capacity 2677K, committed 2688K, reserved 1048576K
}
Event: 119.749 GC heap after
{Heap after GC invocations=69 (full 0):
 garbage-first heap   total 1130496K, used 44490K [0x0000000080000000, 0x0000000800000000)
  region size 4096K, 1 young (4096K), 1 survivors (4096K)
 Metaspace       used 19355K, capacity 20381K, committed 20608K, reserved 1067008K
  class space    used 2222K, capacity 2677K, committed 2688K, reserved 1048576K
}
Event: 141.411 GC heap before
{Heap before GC invocations=69 (full 0):
 garbage-first heap   total 1130496K, used 716234K [0x0000000080000000, 0x0000000800000000)
  region size 4096K, 165 young (675840K), 1 survivors (4096K)
 Metaspace       used 19357K, capacity 20381K, committed 20608K, reserved 1067008K
  class space    used 2222K, capacity 2677K, committed 2688K, reserved 1048576K
}
Event: 141.414 GC heap after
{Heap after GC invocations=70 (full 0):
 garbage-first heap   total 1130496K, used 44667K [0x0000000080000000, 0x0000000800000000)
  region size 4096K, 1 young (4096K), 1 survivors (4096K)
 Metaspace       used 19357K, capacity 20381K, committed 20608K, reserved 1067008K
  class space    used 2222K, capacity 2677K, committed 2688K, reserved 1048576K
}
Event: 307.910 GC heap before
{Heap before GC invocations=70 (full 0):
 garbage-first heap   total 1130496K, used 716411K [0x0000000080000000, 0x0000000800000000)
  region size 4096K, 165 young (675840K), 1 survivors (4096K)
 Metaspace       used 19401K, capacity 20451K, committed 20608K, reserved 1067008K
  class space    used 2222K, capacity 2677K, committed 2688K, reserved 1048576K
}
Event: 307.913 GC heap after
{Heap after GC invocations=71 (full 0):
 garbage-first heap   total 1130496K, used 44798K [0x0000000080000000, 0x0000000800000000)
  region size 4096K, 1 young (4096K), 1 survivors (4096K)
 Metaspace       used 19401K, capacity 20451K, committed 20608K, reserved 1067008K
  class space    used 2222K, capacity 2677K, committed 2688K, reserved 1048576K
}
Event: 337.018 GC heap before
{Heap before GC invocations=71 (full 0):
 garbage-first heap   total 1130496K, used 716542K [0x0000000080000000, 0x0000000800000000)
  region size 4096K, 165 young (675840K), 1 survivors (4096K)
 Metaspace       used 19422K, capacity 20451K, committed 20608K, reserved 1067008K
  class space    used 2222K, capacity 2677K, committed 2688K, reserved 1048576K
}
Event: 337.021 GC heap after
{Heap after GC invocations=72 (full 0):
 garbage-first heap   total 1130496K, used 45055K [0x0000000080000000, 0x0000000800000000)
  region size 4096K, 1 young (4096K), 1 survivors (4096K)
 Metaspace       used 19422K, capacity 20451K, committed 20608K, reserved 1067008K
  class space    used 2222K, capacity 2677K, committed 2688K, reserved 1048576K
}
Event: 337.724 GC heap before
{Heap before GC invocations=72 (full 0):
 garbage-first heap   total 1130496K, used 716799K [0x0000000080000000, 0x0000000800000000)
  region size 4096K, 165 young (675840K), 1 survivors (4096K)
 Metaspace       used 19422K, capacity 20451K, committed 20608K, reserved 1067008K
  class space    used 2222K, capacity 2677K, committed 2688K, reserved 1048576K
}
Event: 337.727 GC heap after
{Heap after GC invocations=73 (full 0):
 garbage-first heap   total 1130496K, used 45190K [0x0000000080000000, 0x0000000800000000)
  region size 4096K, 1 young (4096K), 1 survivors (4096K)
 Metaspace       used 19422K, capacity 20451K, committed 20608K, reserved 1067008K
  class space    used 2222K, capacity 2677K, committed 2688K, reserved 1048576K
}
Event: 342.178 GC heap before
{Heap before GC invocations=73 (full 0):
 garbage-first heap   total 1130496K, used 716934K [0x0000000080000000, 0x0000000800000000)
  region size 4096K, 165 young (675840K), 1 survivors (4096K)
 Metaspace       used 19424K, capacity 20451K, committed 20608K, reserved 1067008K
  class space    used 2222K, capacity 2677K, committed 2688K, reserved 1048576K
}
Event: 342.181 GC heap after
{Heap after GC invocations=74 (full 0):
 garbage-first heap   total 1130496K, used 45338K [0x0000000080000000, 0x0000000800000000)
  region size 4096K, 1 young (4096K), 1 survivors (4096K)
 Metaspace       used 19424K, capacity 20451K, committed 20608K, reserved 1067008K
  class space    used 2222K, capacity 2677K, committed 2688K, reserved 1048576K
}

