# JRE version: OpenJDK Runtime Environment (11.0.8+10) (build 11.0.8+10-post-Ubuntu-0ubuntu120.04)
# Java VM: OpenJDK 64-Bit Server VM (11.0.8+10-post-Ubuntu-0ubuntu120.04, mixed mode, sharing, tiered, compressed oops, g1 gc, linux-amd64)
Heap:
 garbage-first heap   total 1130496K, used 332937K [0x0000000200000000, 0x0000000800000000)
  region size 4096K, 74 young (303104K), 2 survivors (8192K)
 Metaspace       used 19329K, capacity 20397K, committed 20736K, reserved 1067008K
  class space    used 2237K, capacity 2708K, committed 2816K, reserved 1048576K
GC Heap History (20 events):
Event: 34.537 GC heap before
{Heap before GC invocations=48 (full 0):
 garbage-first heap   total 1130496K, used 705466K [0x0000000200000000, 0x0000000800000000)
  region size 4096K, 165 young (675840K), 2 survivors (8192K)
 Metaspace       used 17814K, capacity 18463K, committed 18688K, reserved 1064960K
  class space    used 1965K, capacity 2251K, committed 2304K, reserved 1048576K
}
Event: 34.541 GC heap after
{Heap after GC invocations=49 (full 0):
 garbage-first heap   total 1130496K, used 38179K [0x0000000200000000, 0x0000000800000000)
  region size 4096K, 2 young (8192K), 2 survivors (8192K)
 Metaspace       used 17814K, capacity 18463K, committed 18688K, reserved 1064960K
  class space    used 1965K, capacity 2251K, committed 2304K, reserved 1048576K
}
Event: 35.165 GC heap before
{Heap before GC invocations=49 (full 0):
 garbage-first heap   total 1130496K, used 705827K [0x0000000200000000, 0x0000000800000000)
  region size 4096K, 165 young (675840K), 2 survivors (8192K)
 Metaspace       used 17814K, capacity 18463K, committed 18688K, reserved 1064960K
  class space    used 1965K, capacity 2251K, committed 2304K, reserved 1048576K
}
Event: 35.169 GC heap after
{Heap after GC invocations=50 (full 0):
 garbage-first heap   total 1130496K, used 38693K [0x0000000200000000, 0x0000000800000000)
  region size 4096K, 2 young (8192K), 2 survivors (8192K)
 Metaspace       used 17814K, capacity 18463K, committed 18688K, reserved 1064960K
  class space    used 1965K, capacity 2251K, committed 2304K, reserved 1048576K
}
Event: 35.848 GC heap before
{Heap before GC invocations=50 (full 0):
 garbage-first heap   total 1130496K, used 706341K [0x0000000200000000, 0x0000000800000000)
  region size 4096K, 165 young (675840K), 2 survivors (8192K)
 Metaspace       used 17818K, capacity 18467K, committed 18688K, reserved 1064960K
  class space    used 1965K, capacity 2251K, committed 2304K, reserved 1048576K
}
Event: 35.853 GC heap after
{Heap after GC invocations=51 (full 0):
 garbage-first heap   total 1130496K, used 38851K [0x0000000200000000, 0x0000000800000000)
  region size 4096K, 2 young (8192K), 2 survivors (8192K)
 Metaspace       used 17818K, capacity 18467K, committed 18688K, reserved 1064960K
  class space    used 1965K, capacity 2251K, committed 2304K, reserved 1048576K
}
Event: 36.544 GC heap before
{Heap before GC invocations=51 (full 0):
 garbage-first heap   total 1130496K, used 706499K [0x0000000200000000, 0x0000000800000000)
  region size 4096K, 165 young (675840K), 2 survivors (8192K)
 Metaspace       used 17818K, capacity 18467K, committed 18688K, reserved 1064960K
  class space    used 1965K, capacity 2251K, committed 2304K, reserved 1048576K
}
Event: 36.548 GC heap after
{Heap after GC invocations=52 (full 0):
 garbage-first heap   total 1130496K, used 39307K [0x0000000200000000, 0x0000000800000000)
  region size 4096K, 2 young (8192K), 2 survivors (8192K)
 Metaspace       used 17818K, capacity 18467K, committed 18688K, reserved 1064960K
  class space    used 1965K, capacity 2251K, committed 2304K, reserved 1048576K
}
Event: 37.190 GC heap before
{Heap before GC invocations=52 (full 0):
 garbage-first heap   total 1130496K, used 706955K [0x0000000200000000, 0x0000000800000000)
  region size 4096K, 165 young (675840K), 2 survivors (8192K)
 Metaspace       used 17818K, capacity 18467K, committed 18688K, reserved 1064960K
  class space    used 1965K, capacity 2251K, committed 2304K, reserved 1048576K
}
Event: 37.194 GC heap after
{Heap after GC invocations=53 (full 0):
 garbage-first heap   total 1130496K, used 39716K [0x0000000200000000, 0x0000000800000000)
  region size 4096K, 2 young (8192K), 2 survivors (8192K)
 Metaspace       used 17818K, capacity 18467K, committed 18688K, reserved 1064960K
  class space    used 1965K, capacity 2251K, committed 2304K, reserved 1048576K
}
Event: 37.892 GC heap before
{Heap before GC invocations=53 (full 0):
 garbage-first heap   total 1130496K, used 707364K [0x0000000200000000, 0x0000000800000000)
  region size 4096K, 165 young (675840K), 2 survivors (8192K)
 Metaspace       used 17818K, capacity 18467K, committed 18688K, reserved 1064960K
  class space    used 1965K, capacity 2251K, committed 2304K, reserved 1048576K
}
Event: 37.896 GC heap after
{Heap after GC invocations=54 (full 0):
 garbage-first heap   total 1130496K, used 40085K [0x0000000200000000, 0x0000000800000000)
  region size 4096K, 2 young (8192K), 2 survivors (8192K)
 Metaspace       used 17818K, capacity 18467K, committed 18688K, reserved 1064960K
  class space    used 1965K, capacity 2251K, committed 2304K, reserved 1048576K
}
Event: 38.725 GC heap before
{Heap before GC invocations=54 (full 0):
 garbage-first heap   total 1130496K, used 707733K [0x0000000200000000, 0x0000000800000000)
  region size 4096K, 165 young (675840K), 2 survivors (8192K)
 Metaspace       used 17818K, capacity 18467K, committed 18688K, reserved 1064960K
  class space    used 1965K, capacity 2251K, committed 2304K, reserved 1048576K
}
Event: 38.729 GC heap after
{Heap after GC invocations=55 (full 0):
 garbage-first heap   total 1130496K, used 40389K [0x0000000200000000, 0x0000000800000000)
  region size 4096K, 2 young (8192K), 2 survivors (8192K)
 Metaspace       used 17818K, capacity 18467K, committed 18688K, reserved 1064960K
  class space    used 1965K, capacity 2251K, committed 2304K, reserved 1048576K
}
Event: 39.572 GC heap before
{Heap before GC invocations=55 (full 0):
 garbage-first heap   total 1130496K, used 708037K [0x0000000200000000, 0x0000000800000000)
  region size 4096K, 165 young (675840K), 2 survivors (8192K)
 Metaspace       used 17820K, capacity 18467K, committed 18688K, reserved 1064960K
  class space    used 1965K, capacity 2251K, committed 2304K, reserved 1048576K
}
Event: 39.575 GC heap after
{Heap after GC invocations=56 (full 0):
 garbage-first heap   total 1130496K, used 40627K [0x0000000200000000, 0x0000000800000000)
  region size 4096K, 2 young (8192K), 2 survivors (8192K)
 Metaspace       used 17820K, capacity 18467K, committed 18688K, reserved 1064960K
  class space    used 1965K, capacity 2251K, committed 2304K, reserved 1048576K
}
Event: 315.929 GC heap before
{Heap before GC invocations=56 (full 0):
 garbage-first heap   total 1130496K, used 708275K [0x0000000200000000, 0x0000000800000000)
  region size 4096K, 165 young (675840K), 2 survivors (8192K)
 Metaspace       used 19207K, capacity 20260K, committed 20480K, reserved 1067008K
  class space    used 2237K, capacity 2708K, committed 2816K, reserved 1048576K
}
Event: 315.934 GC heap after
{Heap after GC invocations=57 (full 0):
 garbage-first heap   total 1130496K, used 41831K [0x0000000200000000, 0x0000000800000000)
  region size 4096K, 2 young (8192K), 2 survivors (8192K)
 Metaspace       used 19207K, capacity 20260K, committed 20480K, reserved 1067008K
  class space    used 2237K, capacity 2708K, committed 2816K, reserved 1048576K
}
Event: 671.389 GC heap before
{Heap before GC invocations=57 (full 0):
 garbage-first heap   total 1130496K, used 709479K [0x0000000200000000, 0x0000000800000000)
  region size 4096K, 165 young (675840K), 2 survivors (8192K)
 Metaspace       used 19313K, capacity 20397K, committed 20736K, reserved 1067008K
  class space    used 2237K, capacity 2708K, committed 2816K, reserved 1048576K
}
Event: 671.393 GC heap after
{Heap after GC invocations=58 (full 0):
 garbage-first heap   total 1130496K, used 42121K [0x0000000200000000, 0x0000000800000000)
  region size 4096K, 2 young (8192K), 2 survivors (8192K)
 Metaspace       used 19313K, capacity 20397K, committed 20736K, reserved 1067008K
  class space    used 2237K, capacity 2708K, committed 2816K, reserved 1048576K
}

