# JRE version: OpenJDK Runtime Environment (11.0.8+10) (build 11.0.8+10-post-Ubuntu-0ubuntu120.04)
# Java VM: OpenJDK 64-Bit Server VM (11.0.8+10-post-Ubuntu-0ubuntu120.04, mixed mode, sharing, tiered, compressed oops, g1 gc, linux-amd64)
Heap:
 garbage-first heap   total 1163264K, used 463377K [0x0000000080000000, 0x0000000800000000)
  region size 4096K, 104 young (425984K), 1 survivors (4096K)
 Metaspace       used 19449K, capacity 20537K, committed 20608K, reserved 1067008K
  class space    used 2222K, capacity 2677K, committed 2688K, reserved 1048576K
GC Heap History (20 events):
Event: 106.504 GC heap before
{Heap before GC invocations=64 (full 0):
 garbage-first heap   total 1163264K, used 731926K [0x0000000080000000, 0x0000000800000000)
  region size 4096K, 170 young (696320K), 2 survivors (8192K)
 Metaspace       used 19303K, capacity 20376K, committed 20608K, reserved 1067008K
  class space    used 2222K, capacity 2677K, committed 2688K, reserved 1048576K
}
Event: 106.509 GC heap after
{Heap after GC invocations=65 (full 0):
 garbage-first heap   total 1163264K, used 43877K [0x0000000080000000, 0x0000000800000000)
  region size 4096K, 2 young (8192K), 2 survivors (8192K)
 Metaspace       used 19303K, capacity 20376K, committed 20608K, reserved 1067008K
  class space    used 2222K, capacity 2677K, committed 2688K, reserved 1048576K
}
Event: 107.421 GC heap before
{Heap before GC invocations=65 (full 0):
 garbage-first heap   total 1163264K, used 732005K [0x0000000080000000, 0x0000000800000000)
  region size 4096K, 170 young (696320K), 2 survivors (8192K)
 Metaspace       used 19316K, capacity 20381K, committed 20608K, reserved 1067008K
  class space    used 2222K, capacity 2677K, committed 2688K, reserved 1048576K
}
Event: 107.424 GC heap after
{Heap after GC invocations=66 (full 0):
 garbage-first heap   total 1163264K, used 44092K [0x0000000080000000, 0x0000000800000000)
  region size 4096K, 2 young (8192K), 2 survivors (8192K)
 Metaspace       used 19316K, capacity 20381K, committed 20608K, reserved 1067008K
  class space    used 2222K, capacity 2677K, committed 2688K, reserved 1048576K
}
Event: 109.664 GC heap before
{Heap before GC invocations=66 (full 0):
 garbage-first heap   total 1163264K, used 732220K [0x0000000080000000, 0x0000000800000000)
  region size 4096K, 170 young (696320K), 2 survivors (8192K)
 Metaspace       used 19335K, capacity 20381K, committed 20608K, reserved 1067008K
  class space    used 2222K, capacity 2677K, committed 2688K, reserved 1048576K
}
Event: 109.667 GC heap after
{Heap after GC invocations=67 (full 0):
 garbage-first heap   total 1163264K, used 44222K [0x0000000080000000, 0x0000000800000000)
  region size 4096K, 1 young (4096K), 1 survivors (4096K)
 Metaspace       used 19335K, capacity 20381K, committed 20608K, reserved 1067008K
  class space    used 2222K, capacity 2677K, committed 2688K, reserved 1048576K
}
Event: 122.708 GC heap before
{Heap before GC invocations=67 (full 0):
 garbage-first heap   total 1163264K, used 736446K [0x0000000080000000, 0x0000000800000000)
  region size 4096K, 170 young (696320K), 1 survivors (4096K)
 Metaspace       used 19349K, capacity 20381K, committed 20608K, reserved 1067008K
  class space    used 2222K, capacity 2677K, committed 2688K, reserved 1048576K
}
Event: 122.711 GC heap after
{Heap after GC invocations=68 (full 0):
 garbage-first heap   total 1163264K, used 44496K [0x0000000080000000, 0x0000000800000000)
  region size 4096K, 1 young (4096K), 1 survivors (4096K)
 Metaspace       used 19349K, capacity 20381K, committed 20608K, reserved 1067008K
  class space    used 2222K, capacity 2677K, committed 2688K, reserved 1048576K
}
Event: 289.420 GC heap before
{Heap before GC invocations=68 (full 0):
 garbage-first heap   total 1163264K, used 736720K [0x0000000080000000, 0x0000000800000000)
  region size 4096K, 170 young (696320K), 1 survivors (4096K)
 Metaspace       used 19398K, capacity 20451K, committed 20608K, reserved 1067008K
  class space    used 2222K, capacity 2677K, committed 2688K, reserved 1048576K
}
Event: 289.423 GC heap after
{Heap after GC invocations=69 (full 0):
 garbage-first heap   total 1163264K, used 44571K [0x0000000080000000, 0x0000000800000000)
  region size 4096K, 1 young (4096K), 1 survivors (4096K)
 Metaspace       used 19398K, capacity 20451K, committed 20608K, reserved 1067008K
  class space    used 2222K, capacity 2677K, committed 2688K, reserved 1048576K
}
Event: 337.609 GC heap before
{Heap before GC invocations=69 (full 0):
 garbage-first heap   total 1163264K, used 736795K [0x0000000080000000, 0x0000000800000000)
  region size 4096K, 170 young (696320K), 1 survivors (4096K)
 Metaspace       used 19419K, capacity 20451K, committed 20608K, reserved 1067008K
  class space    used 2222K, capacity 2677K, committed 2688K, reserved 1048576K
}
Event: 337.612 GC heap after
{Heap after GC invocations=70 (full 0):
 garbage-first heap   total 1163264K, used 44809K [0x0000000080000000, 0x0000000800000000)
  region size 4096K, 1 young (4096K), 1 survivors (4096K)
 Metaspace       used 19419K, capacity 20451K, committed 20608K, reserved 1067008K
  class space    used 2222K, capacity 2677K, committed 2688K, reserved 1048576K
}
Event: 338.336 GC heap before
{Heap before GC invocations=70 (full 0):
 garbage-first heap   total 1163264K, used 737033K [0x0000000080000000, 0x0000000800000000)
  region size 4096K, 170 young (696320K), 1 survivors (4096K)
 Metaspace       used 19419K, capacity 20451K, committed 20608K, reserved 1067008K
  class space    used 2222K, capacity 2677K, committed 2688K, reserved 1048576K
}
Event: 338.340 GC heap after
{Heap after GC invocations=71 (full 0):
 garbage-first heap   total 1163264K, used 44995K [0x0000000080000000, 0x0000000800000000)
  region size 4096K, 1 young (4096K), 1 survivors (4096K)
 Metaspace       used 19419K, capacity 20451K, committed 20608K, reserved 1067008K
  class space    used 2222K, capacity 2677K, committed 2688K, reserved 1048576K
}
Event: 342.717 GC heap before
{Heap before GC invocations=71 (full 0):
 garbage-first heap   total 1163264K, used 737219K [0x0000000080000000, 0x0000000800000000)
  region size 4096K, 170 young (696320K), 1 survivors (4096K)
 Metaspace       used 19419K, capacity 20451K, committed 20608K, reserved 1067008K
  class space    used 2222K, capacity 2677K, committed 2688K, reserved 1048576K
}
Event: 342.720 GC heap after
{Heap after GC invocations=72 (full 0):
 garbage-first heap   total 1163264K, used 45343K [0x0000000080000000, 0x0000000800000000)
  region size 4096K, 1 young (4096K), 1 survivors (4096K)
 Metaspace       used 19419K, capacity 20451K, committed 20608K, reserved 1067008K
  class space    used 2222K, capacity 2677K, committed 2688K, reserved 1048576K
}
Event: 561.416 GC heap before
{Heap before GC invocations=72 (full 0):
 garbage-first heap   total 1163264K, used 737567K [0x0000000080000000, 0x0000000800000000)
  region size 4096K, 170 young (696320K), 1 survivors (4096K)
 Metaspace       used 19429K, capacity 20460K, committed 20608K, reserved 1067008K
  class space    used 2222K, capacity 2677K, committed 2688K, reserved 1048576K
}
Event: 561.420 GC heap after
{Heap after GC invocations=73 (full 0):
 garbage-first heap   total 1163264K, used 45247K [0x0000000080000000, 0x0000000800000000)
  region size 4096K, 1 young (4096K), 1 survivors (4096K)
 Metaspace       used 19429K, capacity 20460K, committed 20608K, reserved 1067008K
  class space    used 2222K, capacity 2677K, committed 2688K, reserved 1048576K
}
Event: 610.384 GC heap before
{Heap before GC invocations=73 (full 0):
 garbage-first heap   total 1163264K, used 737471K [0x0000000080000000, 0x0000000800000000)
  region size 4096K, 170 young (696320K), 1 survivors (4096K)
 Metaspace       used 19435K, capacity 20460K, committed 20608K, reserved 1067008K
  class space    used 2222K, capacity 2677K, committed 2688K, reserved 1048576K
}
Event: 610.387 GC heap after
{Heap after GC invocations=74 (full 0):
 garbage-first heap   total 1163264K, used 45585K [0x0000000080000000, 0x0000000800000000)
  region size 4096K, 1 young (4096K), 1 survivors (4096K)
 Metaspace       used 19435K, capacity 20460K, committed 20608K, reserved 1067008K
  class space    used 2222K, capacity 2677K, committed 2688K, reserved 1048576K
}

