# JRE version: OpenJDK Runtime Environment (11.0.8+10) (build 11.0.8+10-post-Ubuntu-0ubuntu120.04)
# Java VM: OpenJDK 64-Bit Server VM (11.0.8+10-post-Ubuntu-0ubuntu120.04, mixed mode, sharing, tiered, compressed oops, g1 gc, linux-amd64)
Heap:
 garbage-first heap   total 753664K, used 172569K [0x0000000080000000, 0x0000000800000000)
  region size 4096K, 33 young (135168K), 1 survivors (4096K)
 Metaspace       used 19417K, capacity 20460K, committed 20608K, reserved 1067008K
  class space    used 2218K, capacity 2677K, committed 2688K, reserved 1048576K
GC Heap History (20 events):
Event: 117.174 GC heap before
{Heap before GC invocations=98 (full 0):
 garbage-first heap   total 753664K, used 490984K [0x0000000080000000, 0x0000000800000000)
  region size 4096K, 110 young (450560K), 1 survivors (4096K)
 Metaspace       used 19320K, capacity 20381K, committed 20608K, reserved 1067008K
  class space    used 2218K, capacity 2677K, committed 2688K, reserved 1048576K
}
Event: 117.176 GC heap after
{Heap after GC invocations=99 (full 0):
 garbage-first heap   total 753664K, used 44599K [0x0000000080000000, 0x0000000800000000)
  region size 4096K, 1 young (4096K), 1 survivors (4096K)
 Metaspace       used 19320K, capacity 20381K, committed 20608K, reserved 1067008K
  class space    used 2218K, capacity 2677K, committed 2688K, reserved 1048576K
}
Event: 131.183 GC heap before
{Heap before GC invocations=99 (full 0):
 garbage-first heap   total 753664K, used 491063K [0x0000000080000000, 0x0000000800000000)
  region size 4096K, 110 young (450560K), 1 survivors (4096K)
 Metaspace       used 19336K, capacity 20381K, committed 20608K, reserved 1067008K
  class space    used 2218K, capacity 2677K, committed 2688K, reserved 1048576K
}
Event: 131.186 GC heap after
{Heap after GC invocations=100 (full 0):
 garbage-first heap   total 753664K, used 44704K [0x0000000080000000, 0x0000000800000000)
  region size 4096K, 1 young (4096K), 1 survivors (4096K)
 Metaspace       used 19336K, capacity 20381K, committed 20608K, reserved 1067008K
  class space    used 2218K, capacity 2677K, committed 2688K, reserved 1048576K
}
Event: 131.663 GC heap before
{Heap before GC invocations=100 (full 0):
 garbage-first heap   total 753664K, used 491168K [0x0000000080000000, 0x0000000800000000)
  region size 4096K, 110 young (450560K), 1 survivors (4096K)
 Metaspace       used 19336K, capacity 20381K, committed 20608K, reserved 1067008K
  class space    used 2218K, capacity 2677K, committed 2688K, reserved 1048576K
}
Event: 131.665 GC heap after
{Heap after GC invocations=101 (full 0):
 garbage-first heap   total 753664K, used 44903K [0x0000000080000000, 0x0000000800000000)
  region size 4096K, 1 young (4096K), 1 survivors (4096K)
 Metaspace       used 19336K, capacity 20381K, committed 20608K, reserved 1067008K
  class space    used 2218K, capacity 2677K, committed 2688K, reserved 1048576K
}
Event: 237.764 GC heap before
{Heap before GC invocations=101 (full 0):
 garbage-first heap   total 753664K, used 491367K [0x0000000080000000, 0x0000000800000000)
  region size 4096K, 110 young (450560K), 1 survivors (4096K)
 Metaspace       used 19366K, capacity 20387K, committed 20608K, reserved 1067008K
  class space    used 2218K, capacity 2677K, committed 2688K, reserved 1048576K
}
Event: 237.767 GC heap after
{Heap after GC invocations=102 (full 0):
 garbage-first heap   total 753664K, used 44948K [0x0000000080000000, 0x0000000800000000)
  region size 4096K, 1 young (4096K), 1 survivors (4096K)
 Metaspace       used 19366K, capacity 20387K, committed 20608K, reserved 1067008K
  class space    used 2218K, capacity 2677K, committed 2688K, reserved 1048576K
}
Event: 318.403 GC heap before
{Heap before GC invocations=102 (full 0):
 garbage-first heap   total 753664K, used 491412K [0x0000000080000000, 0x0000000800000000)
  region size 4096K, 110 young (450560K), 1 survivors (4096K)
 Metaspace       used 19385K, capacity 20387K, committed 20608K, reserved 1067008K
  class space    used 2218K, capacity 2677K, committed 2688K, reserved 1048576K
}
Event: 318.405 GC heap after
{Heap after GC invocations=103 (full 0):
 garbage-first heap   total 753664K, used 44999K [0x0000000080000000, 0x0000000800000000)
  region size 4096K, 1 young (4096K), 1 survivors (4096K)
 Metaspace       used 19385K, capacity 20387K, committed 20608K, reserved 1067008K
  class space    used 2218K, capacity 2677K, committed 2688K, reserved 1048576K
}
Event: 347.665 GC heap before
{Heap before GC invocations=103 (full 0):
 garbage-first heap   total 753664K, used 491463K [0x0000000080000000, 0x0000000800000000)
  region size 4096K, 110 young (450560K), 1 survivors (4096K)
 Metaspace       used 19405K, capacity 20451K, committed 20608K, reserved 1067008K
  class space    used 2218K, capacity 2677K, committed 2688K, reserved 1048576K
}
Event: 347.667 GC heap after
{Heap after GC invocations=104 (full 0):
 garbage-first heap   total 753664K, used 45114K [0x0000000080000000, 0x0000000800000000)
  region size 4096K, 1 young (4096K), 1 survivors (4096K)
 Metaspace       used 19405K, capacity 20451K, committed 20608K, reserved 1067008K
  class space    used 2218K, capacity 2677K, committed 2688K, reserved 1048576K
}
Event: 348.132 GC heap before
{Heap before GC invocations=104 (full 0):
 garbage-first heap   total 753664K, used 491578K [0x0000000080000000, 0x0000000800000000)
  region size 4096K, 110 young (450560K), 1 survivors (4096K)
 Metaspace       used 19405K, capacity 20451K, committed 20608K, reserved 1067008K
  class space    used 2218K, capacity 2677K, committed 2688K, reserved 1048576K
}
Event: 348.134 GC heap after
{Heap after GC invocations=105 (full 0):
 garbage-first heap   total 753664K, used 45275K [0x0000000080000000, 0x0000000800000000)
  region size 4096K, 1 young (4096K), 1 survivors (4096K)
 Metaspace       used 19405K, capacity 20451K, committed 20608K, reserved 1067008K
  class space    used 2218K, capacity 2677K, committed 2688K, reserved 1048576K
}
Event: 348.590 GC heap before
{Heap before GC invocations=105 (full 0):
 garbage-first heap   total 753664K, used 491739K [0x0000000080000000, 0x0000000800000000)
  region size 4096K, 110 young (450560K), 1 survivors (4096K)
 Metaspace       used 19405K, capacity 20451K, committed 20608K, reserved 1067008K
  class space    used 2218K, capacity 2677K, committed 2688K, reserved 1048576K
}
Event: 348.592 GC heap after
{Heap after GC invocations=106 (full 0):
 garbage-first heap   total 753664K, used 45338K [0x0000000080000000, 0x0000000800000000)
  region size 4096K, 1 young (4096K), 1 survivors (4096K)
 Metaspace       used 19405K, capacity 20451K, committed 20608K, reserved 1067008K
  class space    used 2218K, capacity 2677K, committed 2688K, reserved 1048576K
}
Event: 352.731 GC heap before
{Heap before GC invocations=106 (full 0):
 garbage-first heap   total 753664K, used 491802K [0x0000000080000000, 0x0000000800000000)
  region size 4096K, 110 young (450560K), 1 survivors (4096K)
 Metaspace       used 19405K, capacity 20451K, committed 20608K, reserved 1067008K
  class space    used 2218K, capacity 2677K, committed 2688K, reserved 1048576K
}
Event: 352.734 GC heap after
{Heap after GC invocations=107 (full 0):
 garbage-first heap   total 753664K, used 45450K [0x0000000080000000, 0x0000000800000000)
  region size 4096K, 1 young (4096K), 1 survivors (4096K)
 Metaspace       used 19405K, capacity 20451K, committed 20608K, reserved 1067008K
  class space    used 2218K, capacity 2677K, committed 2688K, reserved 1048576K
}
Event: 372.116 GC heap before
{Heap before GC invocations=107 (full 0):
 garbage-first heap   total 753664K, used 491914K [0x0000000080000000, 0x0000000800000000)
  region size 4096K, 110 young (450560K), 1 survivors (4096K)
 Metaspace       used 19408K, capacity 20451K, committed 20608K, reserved 1067008K
  class space    used 2218K, capacity 2677K, committed 2688K, reserved 1048576K
}
Event: 372.118 GC heap after
{Heap after GC invocations=108 (full 0):
 garbage-first heap   total 753664K, used 45593K [0x0000000080000000, 0x0000000800000000)
  region size 4096K, 1 young (4096K), 1 survivors (4096K)
 Metaspace       used 19408K, capacity 20451K, committed 20608K, reserved 1067008K
  class space    used 2218K, capacity 2677K, committed 2688K, reserved 1048576K
}

