# JRE version: OpenJDK Runtime Environment (11.0.8+10) (build 11.0.8+10-post-Ubuntu-0ubuntu120.04)
# Java VM: OpenJDK 64-Bit Server VM (11.0.8+10-post-Ubuntu-0ubuntu120.04, mixed mode, sharing, tiered, compressed oops, g1 gc, linux-amd64)
Heap:
 garbage-first heap   total 1200128K, used 726802K [0x0000000080000000, 0x0000000800000000)
  region size 4096K, 170 young (696320K), 2 survivors (8192K)
 Metaspace       used 19300K, capacity 20379K, committed 20608K, reserved 1067008K
  class space    used 2223K, capacity 2678K, committed 2688K, reserved 1048576K
GC Heap History (20 events):
Event: 33.067 GC heap before
{Heap before GC invocations=46 (full 0):
 garbage-first heap   total 1200128K, used 747040K [0x0000000080000000, 0x0000000800000000)
  region size 4096K, 175 young (716800K), 2 survivors (8192K)
 Metaspace       used 17677K, capacity 18273K, committed 18432K, reserved 1064960K
  class space    used 1942K, capacity 2184K, committed 2304K, reserved 1048576K
}
Event: 33.071 GC heap after
{Heap after GC invocations=47 (full 0):
 garbage-first heap   total 1200128K, used 38650K [0x0000000080000000, 0x0000000800000000)
  region size 4096K, 2 young (8192K), 2 survivors (8192K)
 Metaspace       used 17677K, capacity 18273K, committed 18432K, reserved 1064960K
  class space    used 1942K, capacity 2184K, committed 2304K, reserved 1048576K
}
Event: 33.725 GC heap before
{Heap before GC invocations=47 (full 0):
 garbage-first heap   total 1200128K, used 747258K [0x0000000080000000, 0x0000000800000000)
  region size 4096K, 175 young (716800K), 2 survivors (8192K)
 Metaspace       used 17690K, capacity 18337K, committed 18688K, reserved 1064960K
  class space    used 1942K, capacity 2184K, committed 2304K, reserved 1048576K
}
Event: 33.730 GC heap after
{Heap after GC invocations=48 (full 0):
 garbage-first heap   total 1200128K, used 39072K [0x0000000080000000, 0x0000000800000000)
  region size 4096K, 2 young (8192K), 2 survivors (8192K)
 Metaspace       used 17690K, capacity 18337K, committed 18688K, reserved 1064960K
  class space    used 1942K, capacity 2184K, committed 2304K, reserved 1048576K
}
Event: 34.445 GC heap before
{Heap before GC invocations=48 (full 0):
 garbage-first heap   total 1200128K, used 747680K [0x0000000080000000, 0x0000000800000000)
  region size 4096K, 175 young (716800K), 2 survivors (8192K)
 Metaspace       used 17690K, capacity 18337K, committed 18688K, reserved 1064960K
  class space    used 1942K, capacity 2184K, committed 2304K, reserved 1048576K
}
Event: 34.450 GC heap after
{Heap after GC invocations=49 (full 0):
 garbage-first heap   total 1200128K, used 39261K [0x0000000080000000, 0x0000000800000000)
  region size 4096K, 2 young (8192K), 2 survivors (8192K)
 Metaspace       used 17690K, capacity 18337K, committed 18688K, reserved 1064960K
  class space    used 1942K, capacity 2184K, committed 2304K, reserved 1048576K
}
Event: 35.167 GC heap before
{Heap before GC invocations=49 (full 0):
 garbage-first heap   total 1200128K, used 747869K [0x0000000080000000, 0x0000000800000000)
  region size 4096K, 175 young (716800K), 2 survivors (8192K)
 Metaspace       used 17690K, capacity 18337K, committed 18688K, reserved 1064960K
  class space    used 1942K, capacity 2184K, committed 2304K, reserved 1048576K
}
Event: 35.172 GC heap after
{Heap after GC invocations=50 (full 0):
 garbage-first heap   total 1200128K, used 39882K [0x0000000080000000, 0x0000000800000000)
  region size 4096K, 2 young (8192K), 2 survivors (8192K)
 Metaspace       used 17690K, capacity 18337K, committed 18688K, reserved 1064960K
  class space    used 1942K, capacity 2184K, committed 2304K, reserved 1048576K
}
Event: 35.843 GC heap before
{Heap before GC invocations=50 (full 0):
 garbage-first heap   total 1200128K, used 748490K [0x0000000080000000, 0x0000000800000000)
  region size 4096K, 175 young (716800K), 2 survivors (8192K)
 Metaspace       used 17690K, capacity 18337K, committed 18688K, reserved 1064960K
  class space    used 1942K, capacity 2184K, committed 2304K, reserved 1048576K
}
Event: 35.849 GC heap after
{Heap after GC invocations=51 (full 0):
 garbage-first heap   total 1200128K, used 40183K [0x0000000080000000, 0x0000000800000000)
  region size 4096K, 2 young (8192K), 2 survivors (8192K)
 Metaspace       used 17690K, capacity 18337K, committed 18688K, reserved 1064960K
  class space    used 1942K, capacity 2184K, committed 2304K, reserved 1048576K
}
Event: 36.604 GC heap before
{Heap before GC invocations=51 (full 0):
 garbage-first heap   total 1200128K, used 748791K [0x0000000080000000, 0x0000000800000000)
  region size 4096K, 175 young (716800K), 2 survivors (8192K)
 Metaspace       used 17690K, capacity 18337K, committed 18688K, reserved 1064960K
  class space    used 1942K, capacity 2184K, committed 2304K, reserved 1048576K
}
Event: 36.608 GC heap after
{Heap after GC invocations=52 (full 0):
 garbage-first heap   total 1200128K, used 40665K [0x0000000080000000, 0x0000000800000000)
  region size 4096K, 2 young (8192K), 2 survivors (8192K)
 Metaspace       used 17690K, capacity 18337K, committed 18688K, reserved 1064960K
  class space    used 1942K, capacity 2184K, committed 2304K, reserved 1048576K
}
Event: 37.519 GC heap before
{Heap before GC invocations=52 (full 0):
 garbage-first heap   total 1200128K, used 749273K [0x0000000080000000, 0x0000000800000000)
  region size 4096K, 175 young (716800K), 2 survivors (8192K)
 Metaspace       used 17691K, capacity 18337K, committed 18688K, reserved 1064960K
  class space    used 1942K, capacity 2184K, committed 2304K, reserved 1048576K
}
Event: 37.524 GC heap after
{Heap after GC invocations=53 (full 0):
 garbage-first heap   total 1200128K, used 40908K [0x0000000080000000, 0x0000000800000000)
  region size 4096K, 2 young (8192K), 2 survivors (8192K)
 Metaspace       used 17691K, capacity 18337K, committed 18688K, reserved 1064960K
  class space    used 1942K, capacity 2184K, committed 2304K, reserved 1048576K
}
Event: 38.345 GC heap before
{Heap before GC invocations=53 (full 0):
 garbage-first heap   total 1200128K, used 749516K [0x0000000080000000, 0x0000000800000000)
  region size 4096K, 175 young (716800K), 2 survivors (8192K)
 Metaspace       used 17692K, capacity 18337K, committed 18688K, reserved 1064960K
  class space    used 1942K, capacity 2184K, committed 2304K, reserved 1048576K
}
Event: 38.349 GC heap after
{Heap after GC invocations=54 (full 0):
 garbage-first heap   total 1200128K, used 41497K [0x0000000080000000, 0x0000000800000000)
  region size 4096K, 2 young (8192K), 2 survivors (8192K)
 Metaspace       used 17692K, capacity 18337K, committed 18688K, reserved 1064960K
  class space    used 1942K, capacity 2184K, committed 2304K, reserved 1048576K
}
Event: 87.682 GC heap before
{Heap before GC invocations=54 (full 0):
 garbage-first heap   total 1200128K, used 750105K [0x0000000080000000, 0x0000000800000000)
  region size 4096K, 175 young (716800K), 2 survivors (8192K)
 Metaspace       used 19127K, capacity 20129K, committed 20352K, reserved 1067008K
  class space    used 2214K, capacity 2664K, committed 2688K, reserved 1048576K
}
Event: 87.686 GC heap after
{Heap after GC invocations=55 (full 0):
 garbage-first heap   total 1200128K, used 42690K [0x0000000080000000, 0x0000000800000000)
  region size 4096K, 2 young (8192K), 2 survivors (8192K)
 Metaspace       used 19127K, capacity 20129K, committed 20352K, reserved 1067008K
  class space    used 2214K, capacity 2664K, committed 2688K, reserved 1048576K
}
Event: 237.722 GC heap before
{Heap before GC invocations=55 (full 0):
 garbage-first heap   total 1200128K, used 751298K [0x0000000080000000, 0x0000000800000000)
  region size 4096K, 175 young (716800K), 2 survivors (8192K)
 Metaspace       used 19252K, capacity 20310K, committed 20608K, reserved 1067008K
  class space    used 2223K, capacity 2678K, committed 2688K, reserved 1048576K
}
Event: 237.726 GC heap after
{Heap after GC invocations=56 (full 0):
 garbage-first heap   total 1200128K, used 42770K [0x0000000080000000, 0x0000000800000000)
  region size 4096K, 2 young (8192K), 2 survivors (8192K)
 Metaspace       used 19252K, capacity 20310K, committed 20608K, reserved 1067008K
  class space    used 2223K, capacity 2678K, committed 2688K, reserved 1048576K
}

