# JRE version: OpenJDK Runtime Environment (11.0.8+10) (build 11.0.8+10-post-Ubuntu-0ubuntu120.04)
# Java VM: OpenJDK 64-Bit Server VM (11.0.8+10-post-Ubuntu-0ubuntu120.04, mixed mode, sharing, tiered, compressed oops, g1 gc, linux-amd64)
Heap:
 garbage-first heap   total 1089536K, used 364825K [0x0000000080000000, 0x0000000800000000)
  region size 4096K, 80 young (327680K), 1 survivors (4096K)
 Metaspace       used 19435K, capacity 20461K, committed 20608K, reserved 1067008K
  class space    used 2221K, capacity 2677K, committed 2688K, reserved 1048576K
GC Heap History (20 events):
Event: 104.675 GC heap before
{Heap before GC invocations=67 (full 0):
 garbage-first heap   total 1089536K, used 686619K [0x0000000080000000, 0x0000000800000000)
  region size 4096K, 159 young (651264K), 2 survivors (8192K)
 Metaspace       used 19296K, capacity 20372K, committed 20608K, reserved 1067008K
  class space    used 2221K, capacity 2677K, committed 2688K, reserved 1048576K
}
Event: 104.678 GC heap after
{Heap after GC invocations=68 (full 0):
 garbage-first heap   total 1089536K, used 43690K [0x0000000080000000, 0x0000000800000000)
  region size 4096K, 2 young (8192K), 2 survivors (8192K)
 Metaspace       used 19296K, capacity 20372K, committed 20608K, reserved 1067008K
  class space    used 2221K, capacity 2677K, committed 2688K, reserved 1048576K
}
Event: 105.527 GC heap before
{Heap before GC invocations=68 (full 0):
 garbage-first heap   total 1089536K, used 686762K [0x0000000080000000, 0x0000000800000000)
  region size 4096K, 159 young (651264K), 2 survivors (8192K)
 Metaspace       used 19303K, capacity 20372K, committed 20608K, reserved 1067008K
  class space    used 2221K, capacity 2677K, committed 2688K, reserved 1048576K
}
Event: 105.532 GC heap after
{Heap after GC invocations=69 (full 0):
 garbage-first heap   total 1089536K, used 44025K [0x0000000080000000, 0x0000000800000000)
  region size 4096K, 2 young (8192K), 2 survivors (8192K)
 Metaspace       used 19303K, capacity 20372K, committed 20608K, reserved 1067008K
  class space    used 2221K, capacity 2677K, committed 2688K, reserved 1048576K
}
Event: 106.831 GC heap before
{Heap before GC invocations=69 (full 0):
 garbage-first heap   total 1089536K, used 687097K [0x0000000080000000, 0x0000000800000000)
  region size 4096K, 159 young (651264K), 2 survivors (8192K)
 Metaspace       used 19321K, capacity 20382K, committed 20608K, reserved 1067008K
  class space    used 2221K, capacity 2677K, committed 2688K, reserved 1048576K
}
Event: 106.837 GC heap after
{Heap after GC invocations=70 (full 0):
 garbage-first heap   total 1089536K, used 43880K [0x0000000080000000, 0x0000000800000000)
  region size 4096K, 1 young (4096K), 1 survivors (4096K)
 Metaspace       used 19321K, capacity 20382K, committed 20608K, reserved 1067008K
  class space    used 2221K, capacity 2677K, committed 2688K, reserved 1048576K
}
Event: 107.956 GC heap before
{Heap before GC invocations=70 (full 0):
 garbage-first heap   total 1089536K, used 691048K [0x0000000080000000, 0x0000000800000000)
  region size 4096K, 159 young (651264K), 1 survivors (4096K)
 Metaspace       used 19326K, capacity 20382K, committed 20608K, reserved 1067008K
  class space    used 2221K, capacity 2677K, committed 2688K, reserved 1048576K
}
Event: 107.959 GC heap after
{Heap after GC invocations=71 (full 0):
 garbage-first heap   total 1089536K, used 44174K [0x0000000080000000, 0x0000000800000000)
  region size 4096K, 1 young (4096K), 1 survivors (4096K)
 Metaspace       used 19326K, capacity 20382K, committed 20608K, reserved 1067008K
  class space    used 2221K, capacity 2677K, committed 2688K, reserved 1048576K
}
Event: 122.004 GC heap before
{Heap before GC invocations=71 (full 0):
 garbage-first heap   total 1089536K, used 691342K [0x0000000080000000, 0x0000000800000000)
  region size 4096K, 159 young (651264K), 1 survivors (4096K)
 Metaspace       used 19354K, capacity 20382K, committed 20608K, reserved 1067008K
  class space    used 2221K, capacity 2677K, committed 2688K, reserved 1048576K
}
Event: 122.008 GC heap after
{Heap after GC invocations=72 (full 0):
 garbage-first heap   total 1089536K, used 44502K [0x0000000080000000, 0x0000000800000000)
  region size 4096K, 1 young (4096K), 1 survivors (4096K)
 Metaspace       used 19354K, capacity 20382K, committed 20608K, reserved 1067008K
  class space    used 2221K, capacity 2677K, committed 2688K, reserved 1048576K
}
Event: 163.525 GC heap before
{Heap before GC invocations=72 (full 0):
 garbage-first heap   total 1089536K, used 691670K [0x0000000080000000, 0x0000000800000000)
  region size 4096K, 159 young (651264K), 1 survivors (4096K)
 Metaspace       used 19382K, capacity 20452K, committed 20608K, reserved 1067008K
  class space    used 2221K, capacity 2677K, committed 2688K, reserved 1048576K
}
Event: 163.529 GC heap after
{Heap after GC invocations=73 (full 0):
 garbage-first heap   total 1089536K, used 44673K [0x0000000080000000, 0x0000000800000000)
  region size 4096K, 1 young (4096K), 1 survivors (4096K)
 Metaspace       used 19382K, capacity 20452K, committed 20608K, reserved 1067008K
  class space    used 2221K, capacity 2677K, committed 2688K, reserved 1048576K
}
Event: 308.348 GC heap before
{Heap before GC invocations=73 (full 0):
 garbage-first heap   total 1089536K, used 691841K [0x0000000080000000, 0x0000000800000000)
  region size 4096K, 159 young (651264K), 1 survivors (4096K)
 Metaspace       used 19402K, capacity 20452K, committed 20608K, reserved 1067008K
  class space    used 2221K, capacity 2677K, committed 2688K, reserved 1048576K
}
Event: 308.350 GC heap after
{Heap after GC invocations=74 (full 0):
 garbage-first heap   total 1089536K, used 44858K [0x0000000080000000, 0x0000000800000000)
  region size 4096K, 1 young (4096K), 1 survivors (4096K)
 Metaspace       used 19402K, capacity 20452K, committed 20608K, reserved 1067008K
  class space    used 2221K, capacity 2677K, committed 2688K, reserved 1048576K
}
Event: 337.560 GC heap before
{Heap before GC invocations=74 (full 0):
 garbage-first heap   total 1089536K, used 692026K [0x0000000080000000, 0x0000000800000000)
  region size 4096K, 159 young (651264K), 1 survivors (4096K)
 Metaspace       used 19422K, capacity 20452K, committed 20608K, reserved 1067008K
  class space    used 2221K, capacity 2677K, committed 2688K, reserved 1048576K
}
Event: 337.563 GC heap after
{Heap after GC invocations=75 (full 0):
 garbage-first heap   total 1089536K, used 45058K [0x0000000080000000, 0x0000000800000000)
  region size 4096K, 1 young (4096K), 1 survivors (4096K)
 Metaspace       used 19422K, capacity 20452K, committed 20608K, reserved 1067008K
  class space    used 2221K, capacity 2677K, committed 2688K, reserved 1048576K
}
Event: 338.233 GC heap before
{Heap before GC invocations=75 (full 0):
 garbage-first heap   total 1089536K, used 692226K [0x0000000080000000, 0x0000000800000000)
  region size 4096K, 159 young (651264K), 1 survivors (4096K)
 Metaspace       used 19422K, capacity 20452K, committed 20608K, reserved 1067008K
  class space    used 2221K, capacity 2677K, committed 2688K, reserved 1048576K
}
Event: 338.236 GC heap after
{Heap after GC invocations=76 (full 0):
 garbage-first heap   total 1089536K, used 45151K [0x0000000080000000, 0x0000000800000000)
  region size 4096K, 1 young (4096K), 1 survivors (4096K)
 Metaspace       used 19422K, capacity 20452K, committed 20608K, reserved 1067008K
  class space    used 2221K, capacity 2677K, committed 2688K, reserved 1048576K
}
Event: 342.558 GC heap before
{Heap before GC invocations=76 (full 0):
 garbage-first heap   total 1089536K, used 692319K [0x0000000080000000, 0x0000000800000000)
  region size 4096K, 159 young (651264K), 1 survivors (4096K)
 Metaspace       used 19424K, capacity 20452K, committed 20608K, reserved 1067008K
  class space    used 2221K, capacity 2677K, committed 2688K, reserved 1048576K
}
Event: 342.560 GC heap after
{Heap after GC invocations=77 (full 0):
 garbage-first heap   total 1089536K, used 45337K [0x0000000080000000, 0x0000000800000000)
  region size 4096K, 1 young (4096K), 1 survivors (4096K)
 Metaspace       used 19424K, capacity 20452K, committed 20608K, reserved 1067008K
  class space    used 2221K, capacity 2677K, committed 2688K, reserved 1048576K
}

