# JRE version: OpenJDK Runtime Environment (11.0.8+10) (build 11.0.8+10-post-Ubuntu-0ubuntu120.04)
# Java VM: OpenJDK 64-Bit Server VM (11.0.8+10-post-Ubuntu-0ubuntu120.04, mixed mode, sharing, tiered, compressed oops, g1 gc, linux-amd64)
Heap:
 garbage-first heap   total 1343488K, used 43628K [0x0000000080000000, 0x0000000800000000)
  region size 4096K, 3 young (12288K), 2 survivors (8192K)
 Metaspace       used 19295K, capacity 20366K, committed 20736K, reserved 1067008K
  class space    used 2221K, capacity 2692K, committed 2816K, reserved 1048576K
GC Heap History (20 events):
Event: 37.153 GC heap before
{Heap before GC invocations=47 (full 0):
 garbage-first heap   total 1343488K, used 834918K [0x0000000080000000, 0x0000000800000000)
  region size 4096K, 196 young (802816K), 2 survivors (8192K)
 Metaspace       used 17808K, capacity 18465K, committed 18688K, reserved 1064960K
  class space    used 1965K, capacity 2251K, committed 2304K, reserved 1048576K
}
Event: 37.158 GC heap after
{Heap after GC invocations=48 (full 0):
 garbage-first heap   total 1343488K, used 40501K [0x0000000080000000, 0x0000000800000000)
  region size 4096K, 2 young (8192K), 2 survivors (8192K)
 Metaspace       used 17808K, capacity 18465K, committed 18688K, reserved 1064960K
  class space    used 1965K, capacity 2251K, committed 2304K, reserved 1048576K
}
Event: 56.377 GC heap before
{Heap before GC invocations=48 (full 0):
 garbage-first heap   total 1343488K, used 835125K [0x0000000080000000, 0x0000000800000000)
  region size 4096K, 196 young (802816K), 2 survivors (8192K)
 Metaspace       used 18920K, capacity 19963K, committed 20096K, reserved 1067008K
  class space    used 2202K, capacity 2655K, committed 2688K, reserved 1048576K
}
Event: 56.384 GC heap after
{Heap after GC invocations=49 (full 0):
 garbage-first heap   total 1343488K, used 41883K [0x0000000080000000, 0x0000000800000000)
  region size 4096K, 2 young (8192K), 2 survivors (8192K)
 Metaspace       used 18920K, capacity 19963K, committed 20096K, reserved 1067008K
  class space    used 2202K, capacity 2655K, committed 2688K, reserved 1048576K
}
Event: 64.908 GC heap before
{Heap before GC invocations=49 (full 0):
 garbage-first heap   total 1343488K, used 836507K [0x0000000080000000, 0x0000000800000000)
  region size 4096K, 196 young (802816K), 2 survivors (8192K)
 Metaspace       used 19040K, capacity 20066K, committed 20352K, reserved 1067008K
  class space    used 2206K, capacity 2663K, committed 2688K, reserved 1048576K
}
Event: 64.914 GC heap after
{Heap after GC invocations=50 (full 0):
 garbage-first heap   total 1343488K, used 42226K [0x0000000080000000, 0x0000000800000000)
  region size 4096K, 2 young (8192K), 2 survivors (8192K)
 Metaspace       used 19040K, capacity 20066K, committed 20352K, reserved 1067008K
  class space    used 2206K, capacity 2663K, committed 2688K, reserved 1048576K
}
Event: 106.921 GC heap before
{Heap before GC invocations=50 (full 0):
 garbage-first heap   total 1343488K, used 836850K [0x0000000080000000, 0x0000000800000000)
  region size 4096K, 196 young (802816K), 2 survivors (8192K)
 Metaspace       used 19094K, capacity 20177K, committed 20352K, reserved 1067008K
  class space    used 2214K, capacity 2679K, committed 2688K, reserved 1048576K
}
Event: 106.927 GC heap after
{Heap after GC invocations=51 (full 0):
 garbage-first heap   total 1343488K, used 42334K [0x0000000080000000, 0x0000000800000000)
  region size 4096K, 2 young (8192K), 2 survivors (8192K)
 Metaspace       used 19094K, capacity 20177K, committed 20352K, reserved 1067008K
  class space    used 2214K, capacity 2679K, committed 2688K, reserved 1048576K
}
Event: 195.472 GC heap before
{Heap before GC invocations=51 (full 0):
 garbage-first heap   total 1343488K, used 836958K [0x0000000080000000, 0x0000000800000000)
  region size 4096K, 196 young (802816K), 2 survivors (8192K)
 Metaspace       used 19151K, capacity 20252K, committed 20352K, reserved 1067008K
  class space    used 2214K, capacity 2679K, committed 2688K, reserved 1048576K
}
Event: 195.476 GC heap after
{Heap after GC invocations=52 (full 0):
 garbage-first heap   total 1343488K, used 42636K [0x0000000080000000, 0x0000000800000000)
  region size 4096K, 2 young (8192K), 2 survivors (8192K)
 Metaspace       used 19151K, capacity 20252K, committed 20352K, reserved 1067008K
  class space    used 2214K, capacity 2679K, committed 2688K, reserved 1048576K
}
Event: 245.712 GC heap before
{Heap before GC invocations=52 (full 0):
 garbage-first heap   total 1343488K, used 837260K [0x0000000080000000, 0x0000000800000000)
  region size 4096K, 196 young (802816K), 2 survivors (8192K)
 Metaspace       used 19205K, capacity 20297K, committed 20480K, reserved 1067008K
  class space    used 2221K, capacity 2692K, committed 2816K, reserved 1048576K
}
Event: 245.717 GC heap after
{Heap after GC invocations=53 (full 0):
 garbage-first heap   total 1343488K, used 42974K [0x0000000080000000, 0x0000000800000000)
  region size 4096K, 2 young (8192K), 2 survivors (8192K)
 Metaspace       used 19205K, capacity 20297K, committed 20480K, reserved 1067008K
  class space    used 2221K, capacity 2692K, committed 2816K, reserved 1048576K
}
Event: 275.598 GC heap before
{Heap before GC invocations=53 (full 0):
 garbage-first heap   total 1343488K, used 837598K [0x0000000080000000, 0x0000000800000000)
  region size 4096K, 196 young (802816K), 2 survivors (8192K)
 Metaspace       used 19247K, capacity 20297K, committed 20480K, reserved 1067008K
  class space    used 2221K, capacity 2692K, committed 2816K, reserved 1048576K
}
Event: 275.602 GC heap after
{Heap after GC invocations=54 (full 0):
 garbage-first heap   total 1343488K, used 43274K [0x0000000080000000, 0x0000000800000000)
  region size 4096K, 2 young (8192K), 2 survivors (8192K)
 Metaspace       used 19247K, capacity 20297K, committed 20480K, reserved 1067008K
  class space    used 2221K, capacity 2692K, committed 2816K, reserved 1048576K
}
Event: 277.776 GC heap before
{Heap before GC invocations=54 (full 0):
 garbage-first heap   total 1343488K, used 837898K [0x0000000080000000, 0x0000000800000000)
  region size 4096K, 196 young (802816K), 2 survivors (8192K)
 Metaspace       used 19254K, capacity 20297K, committed 20480K, reserved 1067008K
  class space    used 2221K, capacity 2692K, committed 2816K, reserved 1048576K
}
Event: 277.780 GC heap after
{Heap after GC invocations=55 (full 0):
 garbage-first heap   total 1343488K, used 43583K [0x0000000080000000, 0x0000000800000000)
  region size 4096K, 2 young (8192K), 2 survivors (8192K)
 Metaspace       used 19254K, capacity 20297K, committed 20480K, reserved 1067008K
  class space    used 2221K, capacity 2692K, committed 2816K, reserved 1048576K
}
Event: 290.343 GC heap before
{Heap before GC invocations=55 (full 0):
 garbage-first heap   total 1343488K, used 838207K [0x0000000080000000, 0x0000000800000000)
  region size 4096K, 196 young (802816K), 2 survivors (8192K)
 Metaspace       used 19275K, capacity 20366K, committed 20736K, reserved 1067008K
  class space    used 2221K, capacity 2692K, committed 2816K, reserved 1048576K
}
Event: 290.349 GC heap after
{Heap after GC invocations=56 (full 0):
 garbage-first heap   total 1343488K, used 43315K [0x0000000080000000, 0x0000000800000000)
  region size 4096K, 2 young (8192K), 2 survivors (8192K)
 Metaspace       used 19275K, capacity 20366K, committed 20736K, reserved 1067008K
  class space    used 2221K, capacity 2692K, committed 2816K, reserved 1048576K
}
Event: 375.014 GC heap before
{Heap before GC invocations=56 (full 0):
 garbage-first heap   total 1343488K, used 837939K [0x0000000080000000, 0x0000000800000000)
  region size 4096K, 196 young (802816K), 2 survivors (8192K)
 Metaspace       used 19295K, capacity 20366K, committed 20736K, reserved 1067008K
  class space    used 2221K, capacity 2692K, committed 2816K, reserved 1048576K
}
Event: 375.023 GC heap after
{Heap after GC invocations=57 (full 0):
 garbage-first heap   total 1343488K, used 43628K [0x0000000080000000, 0x0000000800000000)
  region size 4096K, 2 young (8192K), 2 survivors (8192K)
 Metaspace       used 19295K, capacity 20366K, committed 20736K, reserved 1067008K
  class space    used 2221K, capacity 2692K, committed 2816K, reserved 1048576K
}

