# JRE version: OpenJDK Runtime Environment (11.0.8+10) (build 11.0.8+10-post-Ubuntu-0ubuntu120.04)
# Java VM: OpenJDK 64-Bit Server VM (11.0.8+10-post-Ubuntu-0ubuntu120.04, mixed mode, sharing, tiered, compressed oops, g1 gc, linux-amd64)
Heap:
 garbage-first heap   total 1409024K, used 643595K [0x0000000080000000, 0x0000000800000000)
  region size 4096K, 150 young (614400K), 2 survivors (8192K)
 Metaspace       used 19338K, capacity 20380K, committed 20608K, reserved 1067008K
  class space    used 2223K, capacity 2678K, committed 2688K, reserved 1048576K
GC Heap History (20 events):
Event: 31.565 GC heap before
{Heap before GC invocations=39 (full 0):
 garbage-first heap   total 1409024K, used 871666K [0x0000000080000000, 0x0000000800000000)
  region size 4096K, 206 young (843776K), 2 survivors (8192K)
 Metaspace       used 17699K, capacity 18270K, committed 18432K, reserved 1064960K
  class space    used 1942K, capacity 2184K, committed 2304K, reserved 1048576K
}
Event: 31.568 GC heap after
{Heap after GC invocations=40 (full 0):
 garbage-first heap   total 1409024K, used 36575K [0x0000000080000000, 0x0000000800000000)
  region size 4096K, 2 young (8192K), 2 survivors (8192K)
 Metaspace       used 17699K, capacity 18270K, committed 18432K, reserved 1064960K
  class space    used 1942K, capacity 2184K, committed 2304K, reserved 1048576K
}
Event: 32.344 GC heap before
{Heap before GC invocations=40 (full 0):
 garbage-first heap   total 1409024K, used 872159K [0x0000000080000000, 0x0000000800000000)
  region size 4096K, 206 young (843776K), 2 survivors (8192K)
 Metaspace       used 17699K, capacity 18270K, committed 18432K, reserved 1064960K
  class space    used 1942K, capacity 2184K, committed 2304K, reserved 1048576K
}
Event: 32.348 GC heap after
{Heap after GC invocations=41 (full 0):
 garbage-first heap   total 1409024K, used 37065K [0x0000000080000000, 0x0000000800000000)
  region size 4096K, 2 young (8192K), 2 survivors (8192K)
 Metaspace       used 17699K, capacity 18270K, committed 18432K, reserved 1064960K
  class space    used 1942K, capacity 2184K, committed 2304K, reserved 1048576K
}
Event: 33.155 GC heap before
{Heap before GC invocations=41 (full 0):
 garbage-first heap   total 1409024K, used 872649K [0x0000000080000000, 0x0000000800000000)
  region size 4096K, 206 young (843776K), 2 survivors (8192K)
 Metaspace       used 17713K, capacity 18334K, committed 18688K, reserved 1064960K
  class space    used 1942K, capacity 2184K, committed 2304K, reserved 1048576K
}
Event: 33.159 GC heap after
{Heap after GC invocations=42 (full 0):
 garbage-first heap   total 1409024K, used 37398K [0x0000000080000000, 0x0000000800000000)
  region size 4096K, 2 young (8192K), 2 survivors (8192K)
 Metaspace       used 17713K, capacity 18334K, committed 18688K, reserved 1064960K
  class space    used 1942K, capacity 2184K, committed 2304K, reserved 1048576K
}
Event: 33.954 GC heap before
{Heap before GC invocations=42 (full 0):
 garbage-first heap   total 1409024K, used 872982K [0x0000000080000000, 0x0000000800000000)
  region size 4096K, 206 young (843776K), 2 survivors (8192K)
 Metaspace       used 17716K, capacity 18338K, committed 18688K, reserved 1064960K
  class space    used 1942K, capacity 2184K, committed 2304K, reserved 1048576K
}
Event: 33.960 GC heap after
{Heap after GC invocations=43 (full 0):
 garbage-first heap   total 1409024K, used 37822K [0x0000000080000000, 0x0000000800000000)
  region size 4096K, 2 young (8192K), 2 survivors (8192K)
 Metaspace       used 17716K, capacity 18338K, committed 18688K, reserved 1064960K
  class space    used 1942K, capacity 2184K, committed 2304K, reserved 1048576K
}
Event: 34.792 GC heap before
{Heap before GC invocations=43 (full 0):
 garbage-first heap   total 1409024K, used 873406K [0x0000000080000000, 0x0000000800000000)
  region size 4096K, 206 young (843776K), 2 survivors (8192K)
 Metaspace       used 17716K, capacity 18338K, committed 18688K, reserved 1064960K
  class space    used 1942K, capacity 2184K, committed 2304K, reserved 1048576K
}
Event: 34.796 GC heap after
{Heap after GC invocations=44 (full 0):
 garbage-first heap   total 1409024K, used 38154K [0x0000000080000000, 0x0000000800000000)
  region size 4096K, 2 young (8192K), 2 survivors (8192K)
 Metaspace       used 17716K, capacity 18338K, committed 18688K, reserved 1064960K
  class space    used 1942K, capacity 2184K, committed 2304K, reserved 1048576K
}
Event: 35.655 GC heap before
{Heap before GC invocations=44 (full 0):
 garbage-first heap   total 1409024K, used 873738K [0x0000000080000000, 0x0000000800000000)
  region size 4096K, 206 young (843776K), 2 survivors (8192K)
 Metaspace       used 17716K, capacity 18338K, committed 18688K, reserved 1064960K
  class space    used 1942K, capacity 2184K, committed 2304K, reserved 1048576K
}
Event: 35.660 GC heap after
{Heap after GC invocations=45 (full 0):
 garbage-first heap   total 1409024K, used 38744K [0x0000000080000000, 0x0000000800000000)
  region size 4096K, 2 young (8192K), 2 survivors (8192K)
 Metaspace       used 17716K, capacity 18338K, committed 18688K, reserved 1064960K
  class space    used 1942K, capacity 2184K, committed 2304K, reserved 1048576K
}
Event: 36.573 GC heap before
{Heap before GC invocations=45 (full 0):
 garbage-first heap   total 1409024K, used 874328K [0x0000000080000000, 0x0000000800000000)
  region size 4096K, 206 young (843776K), 2 survivors (8192K)
 Metaspace       used 17716K, capacity 18338K, committed 18688K, reserved 1064960K
  class space    used 1942K, capacity 2184K, committed 2304K, reserved 1048576K
}
Event: 36.577 GC heap after
{Heap after GC invocations=46 (full 0):
 garbage-first heap   total 1409024K, used 39110K [0x0000000080000000, 0x0000000800000000)
  region size 4096K, 2 young (8192K), 2 survivors (8192K)
 Metaspace       used 17716K, capacity 18338K, committed 18688K, reserved 1064960K
  class space    used 1942K, capacity 2184K, committed 2304K, reserved 1048576K
}
Event: 37.655 GC heap before
{Heap before GC invocations=46 (full 0):
 garbage-first heap   total 1409024K, used 874694K [0x0000000080000000, 0x0000000800000000)
  region size 4096K, 206 young (843776K), 2 survivors (8192K)
 Metaspace       used 17719K, capacity 18338K, committed 18688K, reserved 1064960K
  class space    used 1942K, capacity 2184K, committed 2304K, reserved 1048576K
}
Event: 37.660 GC heap after
{Heap after GC invocations=47 (full 0):
 garbage-first heap   total 1409024K, used 39763K [0x0000000080000000, 0x0000000800000000)
  region size 4096K, 2 young (8192K), 2 survivors (8192K)
 Metaspace       used 17719K, capacity 18338K, committed 18688K, reserved 1064960K
  class space    used 1942K, capacity 2184K, committed 2304K, reserved 1048576K
}
Event: 68.654 GC heap before
{Heap before GC invocations=47 (full 0):
 garbage-first heap   total 1409024K, used 875347K [0x0000000080000000, 0x0000000800000000)
  region size 4096K, 206 young (843776K), 2 survivors (8192K)
 Metaspace       used 19146K, capacity 20130K, committed 20352K, reserved 1067008K
  class space    used 2214K, capacity 2664K, committed 2688K, reserved 1048576K
}
Event: 68.661 GC heap after
{Heap after GC invocations=48 (full 0):
 garbage-first heap   total 1409024K, used 40917K [0x0000000080000000, 0x0000000800000000)
  region size 4096K, 2 young (8192K), 2 survivors (8192K)
 Metaspace       used 19146K, capacity 20130K, committed 20352K, reserved 1067008K
  class space    used 2214K, capacity 2664K, committed 2688K, reserved 1048576K
}
Event: 238.157 GC heap before
{Heap before GC invocations=48 (full 0):
 garbage-first heap   total 1409024K, used 876501K [0x0000000080000000, 0x0000000800000000)
  region size 4096K, 206 young (843776K), 2 survivors (8192K)
 Metaspace       used 19295K, capacity 20311K, committed 20352K, reserved 1067008K
  class space    used 2223K, capacity 2678K, committed 2688K, reserved 1048576K
}
Event: 238.162 GC heap after
{Heap after GC invocations=49 (full 0):
 garbage-first heap   total 1409024K, used 41483K [0x0000000080000000, 0x0000000800000000)
  region size 4096K, 2 young (8192K), 2 survivors (8192K)
 Metaspace       used 19295K, capacity 20311K, committed 20352K, reserved 1067008K
  class space    used 2223K, capacity 2678K, committed 2688K, reserved 1048576K
}

