# JRE version: OpenJDK Runtime Environment (11.0.8+10) (build 11.0.8+10-post-Ubuntu-0ubuntu120.04)
# Java VM: OpenJDK 64-Bit Server VM (11.0.8+10-post-Ubuntu-0ubuntu120.04, mixed mode, sharing, tiered, compressed oops, g1 gc, linux-amd64)
Heap:
 garbage-first heap   total 1298432K, used 460825K [0x0000000080000000, 0x0000000800000000)
  region size 4096K, 105 young (430080K), 2 survivors (8192K)
 Metaspace       used 19511K, capacity 20554K, committed 20736K, reserved 1067008K
  class space    used 2240K, capacity 2709K, committed 2816K, reserved 1048576K
GC Heap History (20 events):
Event: 34.076 GC heap before
{Heap before GC invocations=43 (full 0):
 garbage-first heap   total 1298432K, used 808555K [0x0000000080000000, 0x0000000800000000)
  region size 4096K, 190 young (778240K), 2 survivors (8192K)
 Metaspace       used 17814K, capacity 18463K, committed 18688K, reserved 1064960K
  class space    used 1965K, capacity 2251K, committed 2304K, reserved 1048576K
}
Event: 34.080 GC heap after
{Heap after GC invocations=44 (full 0):
 garbage-first heap   total 1298432K, used 39120K [0x0000000080000000, 0x0000000800000000)
  region size 4096K, 2 young (8192K), 2 survivors (8192K)
 Metaspace       used 17814K, capacity 18463K, committed 18688K, reserved 1064960K
  class space    used 1965K, capacity 2251K, committed 2304K, reserved 1048576K
}
Event: 34.838 GC heap before
{Heap before GC invocations=44 (full 0):
 garbage-first heap   total 1298432K, used 809168K [0x0000000080000000, 0x0000000800000000)
  region size 4096K, 190 young (778240K), 2 survivors (8192K)
 Metaspace       used 17814K, capacity 18463K, committed 18688K, reserved 1064960K
  class space    used 1965K, capacity 2251K, committed 2304K, reserved 1048576K
}
Event: 34.843 GC heap after
{Heap after GC invocations=45 (full 0):
 garbage-first heap   total 1298432K, used 39398K [0x0000000080000000, 0x0000000800000000)
  region size 4096K, 2 young (8192K), 2 survivors (8192K)
 Metaspace       used 17814K, capacity 18463K, committed 18688K, reserved 1064960K
  class space    used 1965K, capacity 2251K, committed 2304K, reserved 1048576K
}
Event: 35.585 GC heap before
{Heap before GC invocations=45 (full 0):
 garbage-first heap   total 1298432K, used 809446K [0x0000000080000000, 0x0000000800000000)
  region size 4096K, 190 young (778240K), 2 survivors (8192K)
 Metaspace       used 17817K, capacity 18467K, committed 18688K, reserved 1064960K
  class space    used 1965K, capacity 2251K, committed 2304K, reserved 1048576K
}
Event: 35.590 GC heap after
{Heap after GC invocations=46 (full 0):
 garbage-first heap   total 1298432K, used 39661K [0x0000000080000000, 0x0000000800000000)
  region size 4096K, 2 young (8192K), 2 survivors (8192K)
 Metaspace       used 17817K, capacity 18467K, committed 18688K, reserved 1064960K
  class space    used 1965K, capacity 2251K, committed 2304K, reserved 1048576K
}
Event: 36.345 GC heap before
{Heap before GC invocations=46 (full 0):
 garbage-first heap   total 1298432K, used 809709K [0x0000000080000000, 0x0000000800000000)
  region size 4096K, 190 young (778240K), 2 survivors (8192K)
 Metaspace       used 17817K, capacity 18467K, committed 18688K, reserved 1064960K
  class space    used 1965K, capacity 2251K, committed 2304K, reserved 1048576K
}
Event: 36.350 GC heap after
{Heap after GC invocations=47 (full 0):
 garbage-first heap   total 1298432K, used 40258K [0x0000000080000000, 0x0000000800000000)
  region size 4096K, 2 young (8192K), 2 survivors (8192K)
 Metaspace       used 17817K, capacity 18467K, committed 18688K, reserved 1064960K
  class space    used 1965K, capacity 2251K, committed 2304K, reserved 1048576K
}
Event: 37.189 GC heap before
{Heap before GC invocations=47 (full 0):
 garbage-first heap   total 1298432K, used 810306K [0x0000000080000000, 0x0000000800000000)
  region size 4096K, 190 young (778240K), 2 survivors (8192K)
 Metaspace       used 17817K, capacity 18467K, committed 18688K, reserved 1064960K
  class space    used 1965K, capacity 2251K, committed 2304K, reserved 1048576K
}
Event: 37.194 GC heap after
{Heap after GC invocations=48 (full 0):
 garbage-first heap   total 1298432K, used 40798K [0x0000000080000000, 0x0000000800000000)
  region size 4096K, 2 young (8192K), 2 survivors (8192K)
 Metaspace       used 17817K, capacity 18467K, committed 18688K, reserved 1064960K
  class space    used 1965K, capacity 2251K, committed 2304K, reserved 1048576K
}
Event: 38.111 GC heap before
{Heap before GC invocations=48 (full 0):
 garbage-first heap   total 1298432K, used 810846K [0x0000000080000000, 0x0000000800000000)
  region size 4096K, 190 young (778240K), 2 survivors (8192K)
 Metaspace       used 17818K, capacity 18467K, committed 18688K, reserved 1064960K
  class space    used 1965K, capacity 2251K, committed 2304K, reserved 1048576K
}
Event: 38.116 GC heap after
{Heap after GC invocations=49 (full 0):
 garbage-first heap   total 1298432K, used 41195K [0x0000000080000000, 0x0000000800000000)
  region size 4096K, 2 young (8192K), 2 survivors (8192K)
 Metaspace       used 17818K, capacity 18467K, committed 18688K, reserved 1064960K
  class space    used 1965K, capacity 2251K, committed 2304K, reserved 1048576K
}
Event: 39.047 GC heap before
{Heap before GC invocations=49 (full 0):
 garbage-first heap   total 1298432K, used 811243K [0x0000000080000000, 0x0000000800000000)
  region size 4096K, 190 young (778240K), 2 survivors (8192K)
 Metaspace       used 17820K, capacity 18467K, committed 18688K, reserved 1064960K
  class space    used 1965K, capacity 2251K, committed 2304K, reserved 1048576K
}
Event: 39.051 GC heap after
{Heap after GC invocations=50 (full 0):
 garbage-first heap   total 1298432K, used 41626K [0x0000000080000000, 0x0000000800000000)
  region size 4096K, 2 young (8192K), 2 survivors (8192K)
 Metaspace       used 17820K, capacity 18467K, committed 18688K, reserved 1064960K
  class space    used 1965K, capacity 2251K, committed 2304K, reserved 1048576K
}
Event: 507.120 GC heap before
{Heap before GC invocations=50 (full 0):
 garbage-first heap   total 1298432K, used 811674K [0x0000000080000000, 0x0000000800000000)
  region size 4096K, 190 young (778240K), 2 survivors (8192K)
 Metaspace       used 19255K, capacity 20325K, committed 20736K, reserved 1067008K
  class space    used 2236K, capacity 2708K, committed 2816K, reserved 1048576K
}
Event: 507.127 GC heap after
{Heap after GC invocations=51 (full 0):
 garbage-first heap   total 1298432K, used 42617K [0x0000000080000000, 0x0000000800000000)
  region size 4096K, 2 young (8192K), 2 survivors (8192K)
 Metaspace       used 19255K, capacity 20325K, committed 20736K, reserved 1067008K
  class space    used 2236K, capacity 2708K, committed 2816K, reserved 1048576K
}
Event: 901.843 GC heap before
{Heap before GC invocations=51 (full 0):
 garbage-first heap   total 1298432K, used 812665K [0x0000000080000000, 0x0000000800000000)
  region size 4096K, 190 young (778240K), 2 survivors (8192K)
 Metaspace       used 19341K, capacity 20461K, committed 20736K, reserved 1067008K
  class space    used 2237K, capacity 2708K, committed 2816K, reserved 1048576K
}
Event: 901.849 GC heap after
{Heap after GC invocations=52 (full 0):
 garbage-first heap   total 1298432K, used 42544K [0x0000000080000000, 0x0000000800000000)
  region size 4096K, 2 young (8192K), 2 survivors (8192K)
 Metaspace       used 19341K, capacity 20461K, committed 20736K, reserved 1067008K
  class space    used 2237K, capacity 2708K, committed 2816K, reserved 1048576K
}
Event: 1753.498 GC heap before
{Heap before GC invocations=52 (full 0):
 garbage-first heap   total 1298432K, used 812592K [0x0000000080000000, 0x0000000800000000)
  region size 4096K, 190 young (778240K), 2 survivors (8192K)
 Metaspace       used 19476K, capacity 20550K, committed 20736K, reserved 1067008K
  class space    used 2238K, capacity 2708K, committed 2816K, reserved 1048576K
}
Event: 1753.506 GC heap after
{Heap after GC invocations=53 (full 0):
 garbage-first heap   total 1298432K, used 43033K [0x0000000080000000, 0x0000000800000000)
  region size 4096K, 2 young (8192K), 2 survivors (8192K)
 Metaspace       used 19476K, capacity 20550K, committed 20736K, reserved 1067008K
  class space    used 2238K, capacity 2708K, committed 2816K, reserved 1048576K
}

