# JRE version: OpenJDK Runtime Environment (11.0.8+10) (build 11.0.8+10-post-Ubuntu-0ubuntu120.04)
# Java VM: OpenJDK 64-Bit Server VM (11.0.8+10-post-Ubuntu-0ubuntu120.04, mixed mode, sharing, tiered, compressed oops, g1 gc, linux-amd64)
Heap:
 garbage-first heap   total 1294336K, used 72288K [0x0000000080000000, 0x0000000800000000)
  region size 4096K, 10 young (40960K), 2 survivors (8192K)
 Metaspace       used 19414K, capacity 20408K, committed 20608K, reserved 1067008K
  class space    used 2223K, capacity 2678K, committed 2688K, reserved 1048576K
GC Heap History (20 events):
Event: 34.574 GC heap before
{Heap before GC invocations=46 (full 0):
 garbage-first heap   total 1294336K, used 805379K [0x0000000080000000, 0x0000000800000000)
  region size 4096K, 189 young (774144K), 2 survivors (8192K)
 Metaspace       used 17685K, capacity 18338K, committed 18688K, reserved 1064960K
  class space    used 1942K, capacity 2184K, committed 2304K, reserved 1048576K
}
Event: 34.578 GC heap after
{Heap after GC invocations=47 (full 0):
 garbage-first heap   total 1294336K, used 39782K [0x0000000080000000, 0x0000000800000000)
  region size 4096K, 2 young (8192K), 2 survivors (8192K)
 Metaspace       used 17685K, capacity 18338K, committed 18688K, reserved 1064960K
  class space    used 1942K, capacity 2184K, committed 2304K, reserved 1048576K
}
Event: 35.342 GC heap before
{Heap before GC invocations=47 (full 0):
 garbage-first heap   total 1294336K, used 805734K [0x0000000080000000, 0x0000000800000000)
  region size 4096K, 189 young (774144K), 2 survivors (8192K)
 Metaspace       used 17685K, capacity 18338K, committed 18688K, reserved 1064960K
  class space    used 1942K, capacity 2184K, committed 2304K, reserved 1048576K
}
Event: 35.348 GC heap after
{Heap after GC invocations=48 (full 0):
 garbage-first heap   total 1294336K, used 40362K [0x0000000080000000, 0x0000000800000000)
  region size 4096K, 2 young (8192K), 2 survivors (8192K)
 Metaspace       used 17685K, capacity 18338K, committed 18688K, reserved 1064960K
  class space    used 1942K, capacity 2184K, committed 2304K, reserved 1048576K
}
Event: 36.143 GC heap before
{Heap before GC invocations=48 (full 0):
 garbage-first heap   total 1294336K, used 806314K [0x0000000080000000, 0x0000000800000000)
  region size 4096K, 189 young (774144K), 2 survivors (8192K)
 Metaspace       used 17685K, capacity 18338K, committed 18688K, reserved 1064960K
  class space    used 1942K, capacity 2184K, committed 2304K, reserved 1048576K
}
Event: 36.148 GC heap after
{Heap after GC invocations=49 (full 0):
 garbage-first heap   total 1294336K, used 40801K [0x0000000080000000, 0x0000000800000000)
  region size 4096K, 2 young (8192K), 2 survivors (8192K)
 Metaspace       used 17685K, capacity 18338K, committed 18688K, reserved 1064960K
  class space    used 1942K, capacity 2184K, committed 2304K, reserved 1048576K
}
Event: 37.139 GC heap before
{Heap before GC invocations=49 (full 0):
 garbage-first heap   total 1294336K, used 806753K [0x0000000080000000, 0x0000000800000000)
  region size 4096K, 189 young (774144K), 2 survivors (8192K)
 Metaspace       used 17688K, capacity 18338K, committed 18688K, reserved 1064960K
  class space    used 1942K, capacity 2184K, committed 2304K, reserved 1048576K
}
Event: 37.143 GC heap after
{Heap after GC invocations=50 (full 0):
 garbage-first heap   total 1294336K, used 40822K [0x0000000080000000, 0x0000000800000000)
  region size 4096K, 2 young (8192K), 2 survivors (8192K)
 Metaspace       used 17688K, capacity 18338K, committed 18688K, reserved 1064960K
  class space    used 1942K, capacity 2184K, committed 2304K, reserved 1048576K
}
Event: 58.640 GC heap before
{Heap before GC invocations=50 (full 0):
 garbage-first heap   total 1294336K, used 806774K [0x0000000080000000, 0x0000000800000000)
  region size 4096K, 189 young (774144K), 2 survivors (8192K)
 Metaspace       used 19072K, capacity 20129K, committed 20352K, reserved 1067008K
  class space    used 2214K, capacity 2664K, committed 2688K, reserved 1048576K
}
Event: 58.648 GC heap after
{Heap after GC invocations=51 (full 0):
 garbage-first heap   total 1294336K, used 42244K [0x0000000080000000, 0x0000000800000000)
  region size 4096K, 2 young (8192K), 2 survivors (8192K)
 Metaspace       used 19072K, capacity 20129K, committed 20352K, reserved 1067008K
  class space    used 2214K, capacity 2664K, committed 2688K, reserved 1048576K
}
Event: 137.735 GC heap before
{Heap before GC invocations=51 (full 0):
 garbage-first heap   total 1294336K, used 808196K [0x0000000080000000, 0x0000000800000000)
  region size 4096K, 189 young (774144K), 2 survivors (8192K)
 Metaspace       used 19151K, capacity 20131K, committed 20352K, reserved 1067008K
  class space    used 2215K, capacity 2664K, committed 2688K, reserved 1048576K
}
Event: 137.741 GC heap after
{Heap after GC invocations=52 (full 0):
 garbage-first heap   total 1294336K, used 42778K [0x0000000080000000, 0x0000000800000000)
  region size 4096K, 2 young (8192K), 2 survivors (8192K)
 Metaspace       used 19151K, capacity 20131K, committed 20352K, reserved 1067008K
  class space    used 2215K, capacity 2664K, committed 2688K, reserved 1048576K
}
Event: 318.985 GC heap before
{Heap before GC invocations=52 (full 0):
 garbage-first heap   total 1294336K, used 808730K [0x0000000080000000, 0x0000000800000000)
  region size 4096K, 189 young (774144K), 2 survivors (8192K)
 Metaspace       used 19281K, capacity 20316K, committed 20608K, reserved 1067008K
  class space    used 2223K, capacity 2678K, committed 2688K, reserved 1048576K
}
Event: 318.991 GC heap after
{Heap after GC invocations=53 (full 0):
 garbage-first heap   total 1294336K, used 42818K [0x0000000080000000, 0x0000000800000000)
  region size 4096K, 2 young (8192K), 2 survivors (8192K)
 Metaspace       used 19281K, capacity 20316K, committed 20608K, reserved 1067008K
  class space    used 2223K, capacity 2678K, committed 2688K, reserved 1048576K
}
Event: 535.511 GC heap before
{Heap before GC invocations=53 (full 0):
 garbage-first heap   total 1294336K, used 808770K [0x0000000080000000, 0x0000000800000000)
  region size 4096K, 189 young (774144K), 2 survivors (8192K)
 Metaspace       used 19333K, capacity 20385K, committed 20608K, reserved 1067008K
  class space    used 2223K, capacity 2678K, committed 2688K, reserved 1048576K
}
Event: 535.516 GC heap after
{Heap after GC invocations=54 (full 0):
 garbage-first heap   total 1294336K, used 43164K [0x0000000080000000, 0x0000000800000000)
  region size 4096K, 2 young (8192K), 2 survivors (8192K)
 Metaspace       used 19333K, capacity 20385K, committed 20608K, reserved 1067008K
  class space    used 2223K, capacity 2678K, committed 2688K, reserved 1048576K
}
Event: 662.555 GC heap before
{Heap before GC invocations=54 (full 0):
 garbage-first heap   total 1294336K, used 809116K [0x0000000080000000, 0x0000000800000000)
  region size 4096K, 189 young (774144K), 2 survivors (8192K)
 Metaspace       used 19390K, capacity 20400K, committed 20608K, reserved 1067008K
  class space    used 2223K, capacity 2678K, committed 2688K, reserved 1048576K
}
Event: 662.558 GC heap after
{Heap after GC invocations=55 (full 0):
 garbage-first heap   total 1294336K, used 43521K [0x0000000080000000, 0x0000000800000000)
  region size 4096K, 2 young (8192K), 2 survivors (8192K)
 Metaspace       used 19390K, capacity 20400K, committed 20608K, reserved 1067008K
  class space    used 2223K, capacity 2678K, committed 2688K, reserved 1048576K
}
Event: 786.202 GC heap before
{Heap before GC invocations=55 (full 0):
 garbage-first heap   total 1294336K, used 809473K [0x0000000080000000, 0x0000000800000000)
  region size 4096K, 189 young (774144K), 2 survivors (8192K)
 Metaspace       used 19413K, capacity 20408K, committed 20608K, reserved 1067008K
  class space    used 2223K, capacity 2678K, committed 2688K, reserved 1048576K
}
Event: 786.207 GC heap after
{Heap after GC invocations=56 (full 0):
 garbage-first heap   total 1294336K, used 43616K [0x0000000080000000, 0x0000000800000000)
  region size 4096K, 2 young (8192K), 2 survivors (8192K)
 Metaspace       used 19413K, capacity 20408K, committed 20608K, reserved 1067008K
  class space    used 2223K, capacity 2678K, committed 2688K, reserved 1048576K
}

