# JRE version: OpenJDK Runtime Environment (11.0.8+10) (build 11.0.8+10-post-Ubuntu-0ubuntu120.04)
# Java VM: OpenJDK 64-Bit Server VM (11.0.8+10-post-Ubuntu-0ubuntu120.04, mixed mode, sharing, tiered, compressed oops, g1 gc, linux-amd64)
Heap:
 garbage-first heap   total 1228800K, used 321238K [0x0000000400000000, 0x0000000800000000)
  region size 4096K, 71 young (290816K), 2 survivors (8192K)
 Metaspace       used 19321K, capacity 20397K, committed 20736K, reserved 1067008K
  class space    used 2237K, capacity 2708K, committed 2816K, reserved 1048576K
GC Heap History (20 events):
Event: 34.116 GC heap before
{Heap before GC invocations=44 (full 0):
 garbage-first heap   total 1228800K, used 767293K [0x0000000400000000, 0x0000000800000000)
  region size 4096K, 180 young (737280K), 2 survivors (8192K)
 Metaspace       used 17787K, capacity 18467K, committed 18688K, reserved 1064960K
  class space    used 1965K, capacity 2251K, committed 2304K, reserved 1048576K
}
Event: 34.120 GC heap after
{Heap after GC invocations=45 (full 0):
 garbage-first heap   total 1228800K, used 38365K [0x0000000400000000, 0x0000000800000000)
  region size 4096K, 2 young (8192K), 2 survivors (8192K)
 Metaspace       used 17787K, capacity 18467K, committed 18688K, reserved 1064960K
  class space    used 1965K, capacity 2251K, committed 2304K, reserved 1048576K
}
Event: 34.828 GC heap before
{Heap before GC invocations=45 (full 0):
 garbage-first heap   total 1228800K, used 767453K [0x0000000400000000, 0x0000000800000000)
  region size 4096K, 180 young (737280K), 2 survivors (8192K)
 Metaspace       used 17801K, capacity 18467K, committed 18688K, reserved 1064960K
  class space    used 1965K, capacity 2251K, committed 2304K, reserved 1048576K
}
Event: 34.833 GC heap after
{Heap after GC invocations=46 (full 0):
 garbage-first heap   total 1228800K, used 38749K [0x0000000400000000, 0x0000000800000000)
  region size 4096K, 2 young (8192K), 2 survivors (8192K)
 Metaspace       used 17801K, capacity 18467K, committed 18688K, reserved 1064960K
  class space    used 1965K, capacity 2251K, committed 2304K, reserved 1048576K
}
Event: 35.543 GC heap before
{Heap before GC invocations=46 (full 0):
 garbage-first heap   total 1228800K, used 767837K [0x0000000400000000, 0x0000000800000000)
  region size 4096K, 180 young (737280K), 2 survivors (8192K)
 Metaspace       used 17801K, capacity 18467K, committed 18688K, reserved 1064960K
  class space    used 1965K, capacity 2251K, committed 2304K, reserved 1048576K
}
Event: 35.548 GC heap after
{Heap after GC invocations=47 (full 0):
 garbage-first heap   total 1228800K, used 39179K [0x0000000400000000, 0x0000000800000000)
  region size 4096K, 2 young (8192K), 2 survivors (8192K)
 Metaspace       used 17801K, capacity 18467K, committed 18688K, reserved 1064960K
  class space    used 1965K, capacity 2251K, committed 2304K, reserved 1048576K
}
Event: 36.254 GC heap before
{Heap before GC invocations=47 (full 0):
 garbage-first heap   total 1228800K, used 768267K [0x0000000400000000, 0x0000000800000000)
  region size 4096K, 180 young (737280K), 2 survivors (8192K)
 Metaspace       used 17802K, capacity 18467K, committed 18688K, reserved 1064960K
  class space    used 1965K, capacity 2251K, committed 2304K, reserved 1048576K
}
Event: 36.258 GC heap after
{Heap after GC invocations=48 (full 0):
 garbage-first heap   total 1228800K, used 39522K [0x0000000400000000, 0x0000000800000000)
  region size 4096K, 2 young (8192K), 2 survivors (8192K)
 Metaspace       used 17802K, capacity 18467K, committed 18688K, reserved 1064960K
  class space    used 1965K, capacity 2251K, committed 2304K, reserved 1048576K
}
Event: 36.968 GC heap before
{Heap before GC invocations=48 (full 0):
 garbage-first heap   total 1228800K, used 768610K [0x0000000400000000, 0x0000000800000000)
  region size 4096K, 180 young (737280K), 2 survivors (8192K)
 Metaspace       used 17802K, capacity 18467K, committed 18688K, reserved 1064960K
  class space    used 1965K, capacity 2251K, committed 2304K, reserved 1048576K
}
Event: 36.973 GC heap after
{Heap after GC invocations=49 (full 0):
 garbage-first heap   total 1228800K, used 40022K [0x0000000400000000, 0x0000000800000000)
  region size 4096K, 2 young (8192K), 2 survivors (8192K)
 Metaspace       used 17802K, capacity 18467K, committed 18688K, reserved 1064960K
  class space    used 1965K, capacity 2251K, committed 2304K, reserved 1048576K
}
Event: 37.799 GC heap before
{Heap before GC invocations=49 (full 0):
 garbage-first heap   total 1228800K, used 769110K [0x0000000400000000, 0x0000000800000000)
  region size 4096K, 180 young (737280K), 2 survivors (8192K)
 Metaspace       used 17802K, capacity 18467K, committed 18688K, reserved 1064960K
  class space    used 1965K, capacity 2251K, committed 2304K, reserved 1048576K
}
Event: 37.802 GC heap after
{Heap after GC invocations=50 (full 0):
 garbage-first heap   total 1228800K, used 40461K [0x0000000400000000, 0x0000000800000000)
  region size 4096K, 2 young (8192K), 2 survivors (8192K)
 Metaspace       used 17802K, capacity 18467K, committed 18688K, reserved 1064960K
  class space    used 1965K, capacity 2251K, committed 2304K, reserved 1048576K
}
Event: 38.607 GC heap before
{Heap before GC invocations=50 (full 0):
 garbage-first heap   total 1228800K, used 769549K [0x0000000400000000, 0x0000000800000000)
  region size 4096K, 180 young (737280K), 2 survivors (8192K)
 Metaspace       used 17802K, capacity 18467K, committed 18688K, reserved 1064960K
  class space    used 1965K, capacity 2251K, committed 2304K, reserved 1048576K
}
Event: 38.612 GC heap after
{Heap after GC invocations=51 (full 0):
 garbage-first heap   total 1228800K, used 40957K [0x0000000400000000, 0x0000000800000000)
  region size 4096K, 2 young (8192K), 2 survivors (8192K)
 Metaspace       used 17802K, capacity 18467K, committed 18688K, reserved 1064960K
  class space    used 1965K, capacity 2251K, committed 2304K, reserved 1048576K
}
Event: 39.603 GC heap before
{Heap before GC invocations=51 (full 0):
 garbage-first heap   total 1228800K, used 770045K [0x0000000400000000, 0x0000000800000000)
  region size 4096K, 180 young (737280K), 2 survivors (8192K)
 Metaspace       used 17804K, capacity 18467K, committed 18688K, reserved 1064960K
  class space    used 1965K, capacity 2251K, committed 2304K, reserved 1048576K
}
Event: 39.607 GC heap after
{Heap after GC invocations=52 (full 0):
 garbage-first heap   total 1228800K, used 41146K [0x0000000400000000, 0x0000000800000000)
  region size 4096K, 2 young (8192K), 2 survivors (8192K)
 Metaspace       used 17804K, capacity 18467K, committed 18688K, reserved 1064960K
  class space    used 1965K, capacity 2251K, committed 2304K, reserved 1048576K
}
Event: 285.778 GC heap before
{Heap before GC invocations=52 (full 0):
 garbage-first heap   total 1228800K, used 770234K [0x0000000400000000, 0x0000000800000000)
  region size 4096K, 180 young (737280K), 2 survivors (8192K)
 Metaspace       used 19196K, capacity 20256K, committed 20480K, reserved 1067008K
  class space    used 2237K, capacity 2708K, committed 2816K, reserved 1048576K
}
Event: 285.784 GC heap after
{Heap after GC invocations=53 (full 0):
 garbage-first heap   total 1228800K, used 42273K [0x0000000400000000, 0x0000000800000000)
  region size 4096K, 2 young (8192K), 2 survivors (8192K)
 Metaspace       used 19196K, capacity 20256K, committed 20480K, reserved 1067008K
  class space    used 2237K, capacity 2708K, committed 2816K, reserved 1048576K
}
Event: 674.042 GC heap before
{Heap before GC invocations=53 (full 0):
 garbage-first heap   total 1228800K, used 771361K [0x0000000400000000, 0x0000000800000000)
  region size 4096K, 180 young (737280K), 2 survivors (8192K)
 Metaspace       used 19316K, capacity 20397K, committed 20736K, reserved 1067008K
  class space    used 2237K, capacity 2708K, committed 2816K, reserved 1048576K
}
Event: 674.048 GC heap after
{Heap after GC invocations=54 (full 0):
 garbage-first heap   total 1228800K, used 42710K [0x0000000400000000, 0x0000000800000000)
  region size 4096K, 2 young (8192K), 2 survivors (8192K)
 Metaspace       used 19316K, capacity 20397K, committed 20736K, reserved 1067008K
  class space    used 2237K, capacity 2708K, committed 2816K, reserved 1048576K
}

