# JRE version: OpenJDK Runtime Environment (11.0.8+10) (build 11.0.8+10-post-Ubuntu-0ubuntu120.04)
# Java VM: OpenJDK 64-Bit Server VM (11.0.8+10-post-Ubuntu-0ubuntu120.04, mixed mode, sharing, tiered, compressed oops, g1 gc, linux-amd64)
Heap:
 garbage-first heap   total 1150976K, used 271580K [0x0000000080000000, 0x0000000800000000)
  region size 4096K, 59 young (241664K), 2 survivors (8192K)
 Metaspace       used 19162K, capacity 20195K, committed 20352K, reserved 1067008K
  class space    used 2209K, capacity 2661K, committed 2688K, reserved 1048576K
GC Heap History (20 events):
Event: 35.899 GC heap before
{Heap before GC invocations=48 (full 0):
 garbage-first heap   total 1150976K, used 718154K [0x0000000080000000, 0x0000000800000000)
  region size 4096K, 168 young (688128K), 2 survivors (8192K)
 Metaspace       used 17697K, capacity 18336K, committed 18688K, reserved 1064960K
  class space    used 1942K, capacity 2184K, committed 2304K, reserved 1048576K
}
Event: 35.904 GC heap after
{Heap after GC invocations=49 (full 0):
 garbage-first heap   total 1150976K, used 38637K [0x0000000080000000, 0x0000000800000000)
  region size 4096K, 2 young (8192K), 2 survivors (8192K)
 Metaspace       used 17697K, capacity 18336K, committed 18688K, reserved 1064960K
  class space    used 1942K, capacity 2184K, committed 2304K, reserved 1048576K
}
Event: 36.592 GC heap before
{Heap before GC invocations=49 (full 0):
 garbage-first heap   total 1150976K, used 718573K [0x0000000080000000, 0x0000000800000000)
  region size 4096K, 168 young (688128K), 2 survivors (8192K)
 Metaspace       used 17697K, capacity 18336K, committed 18688K, reserved 1064960K
  class space    used 1942K, capacity 2184K, committed 2304K, reserved 1048576K
}
Event: 36.595 GC heap after
{Heap after GC invocations=50 (full 0):
 garbage-first heap   total 1150976K, used 38932K [0x0000000080000000, 0x0000000800000000)
  region size 4096K, 2 young (8192K), 2 survivors (8192K)
 Metaspace       used 17697K, capacity 18336K, committed 18688K, reserved 1064960K
  class space    used 1942K, capacity 2184K, committed 2304K, reserved 1048576K
}
Event: 37.292 GC heap before
{Heap before GC invocations=50 (full 0):
 garbage-first heap   total 1150976K, used 718868K [0x0000000080000000, 0x0000000800000000)
  region size 4096K, 168 young (688128K), 2 survivors (8192K)
 Metaspace       used 17697K, capacity 18336K, committed 18688K, reserved 1064960K
  class space    used 1942K, capacity 2184K, committed 2304K, reserved 1048576K
}
Event: 37.296 GC heap after
{Heap after GC invocations=51 (full 0):
 garbage-first heap   total 1150976K, used 39365K [0x0000000080000000, 0x0000000800000000)
  region size 4096K, 2 young (8192K), 2 survivors (8192K)
 Metaspace       used 17697K, capacity 18336K, committed 18688K, reserved 1064960K
  class space    used 1942K, capacity 2184K, committed 2304K, reserved 1048576K
}
Event: 38.071 GC heap before
{Heap before GC invocations=51 (full 0):
 garbage-first heap   total 1150976K, used 719301K [0x0000000080000000, 0x0000000800000000)
  region size 4096K, 168 young (688128K), 2 survivors (8192K)
 Metaspace       used 17697K, capacity 18336K, committed 18688K, reserved 1064960K
  class space    used 1942K, capacity 2184K, committed 2304K, reserved 1048576K
}
Event: 38.075 GC heap after
{Heap after GC invocations=52 (full 0):
 garbage-first heap   total 1150976K, used 39806K [0x0000000080000000, 0x0000000800000000)
  region size 4096K, 2 young (8192K), 2 survivors (8192K)
 Metaspace       used 17697K, capacity 18336K, committed 18688K, reserved 1064960K
  class space    used 1942K, capacity 2184K, committed 2304K, reserved 1048576K
}
Event: 38.827 GC heap before
{Heap before GC invocations=52 (full 0):
 garbage-first heap   total 1150976K, used 719742K [0x0000000080000000, 0x0000000800000000)
  region size 4096K, 168 young (688128K), 2 survivors (8192K)
 Metaspace       used 17697K, capacity 18336K, committed 18688K, reserved 1064960K
  class space    used 1942K, capacity 2184K, committed 2304K, reserved 1048576K
}
Event: 38.831 GC heap after
{Heap after GC invocations=53 (full 0):
 garbage-first heap   total 1150976K, used 40270K [0x0000000080000000, 0x0000000800000000)
  region size 4096K, 2 young (8192K), 2 survivors (8192K)
 Metaspace       used 17697K, capacity 18336K, committed 18688K, reserved 1064960K
  class space    used 1942K, capacity 2184K, committed 2304K, reserved 1048576K
}
Event: 39.721 GC heap before
{Heap before GC invocations=53 (full 0):
 garbage-first heap   total 1150976K, used 720206K [0x0000000080000000, 0x0000000800000000)
  region size 4096K, 168 young (688128K), 2 survivors (8192K)
 Metaspace       used 17700K, capacity 18336K, committed 18688K, reserved 1064960K
  class space    used 1942K, capacity 2184K, committed 2304K, reserved 1048576K
}
Event: 39.726 GC heap after
{Heap after GC invocations=54 (full 0):
 garbage-first heap   total 1150976K, used 40259K [0x0000000080000000, 0x0000000800000000)
  region size 4096K, 2 young (8192K), 2 survivors (8192K)
 Metaspace       used 17700K, capacity 18336K, committed 18688K, reserved 1064960K
  class space    used 1942K, capacity 2184K, committed 2304K, reserved 1048576K
}
Event: 42.243 GC heap before
{Heap before GC invocations=54 (full 0):
 garbage-first heap   total 1150976K, used 720195K [0x0000000080000000, 0x0000000800000000)
  region size 4096K, 168 young (688128K), 2 survivors (8192K)
 Metaspace       used 18947K, capacity 19987K, committed 20096K, reserved 1067008K
  class space    used 2193K, capacity 2639K, committed 2688K, reserved 1048576K
}
Event: 42.250 GC heap after
{Heap after GC invocations=55 (full 0):
 garbage-first heap   total 1150976K, used 41619K [0x0000000080000000, 0x0000000800000000)
  region size 4096K, 2 young (8192K), 2 survivors (8192K)
 Metaspace       used 18947K, capacity 19987K, committed 20096K, reserved 1067008K
  class space    used 2193K, capacity 2639K, committed 2688K, reserved 1048576K
}
Event: 47.464 GC heap before
{Heap before GC invocations=55 (full 0):
 garbage-first heap   total 1150976K, used 721555K [0x0000000080000000, 0x0000000800000000)
  region size 4096K, 168 young (688128K), 2 survivors (8192K)
 Metaspace       used 19082K, capacity 20122K, committed 20352K, reserved 1067008K
  class space    used 2207K, capacity 2661K, committed 2688K, reserved 1048576K
}
Event: 47.469 GC heap after
{Heap after GC invocations=56 (full 0):
 garbage-first heap   total 1150976K, used 41959K [0x0000000080000000, 0x0000000800000000)
  region size 4096K, 2 young (8192K), 2 survivors (8192K)
 Metaspace       used 19082K, capacity 20122K, committed 20352K, reserved 1067008K
  class space    used 2207K, capacity 2661K, committed 2688K, reserved 1048576K
}
Event: 88.066 GC heap before
{Heap before GC invocations=56 (full 0):
 garbage-first heap   total 1150976K, used 721895K [0x0000000080000000, 0x0000000800000000)
  region size 4096K, 168 young (688128K), 2 survivors (8192K)
 Metaspace       used 19109K, capacity 20126K, committed 20352K, reserved 1067008K
  class space    used 2207K, capacity 2661K, committed 2688K, reserved 1048576K
}
Event: 88.070 GC heap after
{Heap after GC invocations=57 (full 0):
 garbage-first heap   total 1150976K, used 42083K [0x0000000080000000, 0x0000000800000000)
  region size 4096K, 2 young (8192K), 2 survivors (8192K)
 Metaspace       used 19109K, capacity 20126K, committed 20352K, reserved 1067008K
  class space    used 2207K, capacity 2661K, committed 2688K, reserved 1048576K
}
Event: 156.035 GC heap before
{Heap before GC invocations=57 (full 0):
 garbage-first heap   total 1150976K, used 722019K [0x0000000080000000, 0x0000000800000000)
  region size 4096K, 168 young (688128K), 2 survivors (8192K)
 Metaspace       used 19137K, capacity 20127K, committed 20352K, reserved 1067008K
  class space    used 2209K, capacity 2661K, committed 2688K, reserved 1048576K
}
Event: 156.039 GC heap after
{Heap after GC invocations=58 (full 0):
 garbage-first heap   total 1150976K, used 42204K [0x0000000080000000, 0x0000000800000000)
  region size 4096K, 2 young (8192K), 2 survivors (8192K)
 Metaspace       used 19137K, capacity 20127K, committed 20352K, reserved 1067008K
  class space    used 2209K, capacity 2661K, committed 2688K, reserved 1048576K
}

