# JRE version: OpenJDK Runtime Environment (11.0.8+10) (build 11.0.8+10-post-Ubuntu-0ubuntu120.04)
# Java VM: OpenJDK 64-Bit Server VM (11.0.8+10-post-Ubuntu-0ubuntu120.04, mixed mode, sharing, tiered, compressed oops, g1 gc, linux-amd64)
Heap:
 garbage-first heap   total 1179648K, used 563033K [0x0000000200000000, 0x0000000800000000)
  region size 4096K, 130 young (532480K), 2 survivors (8192K)
 Metaspace       used 19470K, capacity 20550K, committed 20736K, reserved 1067008K
  class space    used 2238K, capacity 2708K, committed 2816K, reserved 1048576K
GC Heap History (20 events):
Event: 33.779 GC heap before
{Heap before GC invocations=47 (full 0):
 garbage-first heap   total 1179648K, used 734908K [0x0000000200000000, 0x0000000800000000)
  region size 4096K, 172 young (704512K), 2 survivors (8192K)
 Metaspace       used 17786K, capacity 18467K, committed 18688K, reserved 1064960K
  class space    used 1965K, capacity 2251K, committed 2304K, reserved 1048576K
}
Event: 33.783 GC heap after
{Heap after GC invocations=48 (full 0):
 garbage-first heap   total 1179648K, used 38757K [0x0000000200000000, 0x0000000800000000)
  region size 4096K, 2 young (8192K), 2 survivors (8192K)
 Metaspace       used 17786K, capacity 18467K, committed 18688K, reserved 1064960K
  class space    used 1965K, capacity 2251K, committed 2304K, reserved 1048576K
}
Event: 34.455 GC heap before
{Heap before GC invocations=48 (full 0):
 garbage-first heap   total 1179648K, used 735077K [0x0000000200000000, 0x0000000800000000)
  region size 4096K, 172 young (704512K), 2 survivors (8192K)
 Metaspace       used 17787K, capacity 18467K, committed 18688K, reserved 1064960K
  class space    used 1965K, capacity 2251K, committed 2304K, reserved 1048576K
}
Event: 34.459 GC heap after
{Heap after GC invocations=49 (full 0):
 garbage-first heap   total 1179648K, used 39273K [0x0000000200000000, 0x0000000800000000)
  region size 4096K, 2 young (8192K), 2 survivors (8192K)
 Metaspace       used 17787K, capacity 18467K, committed 18688K, reserved 1064960K
  class space    used 1965K, capacity 2251K, committed 2304K, reserved 1048576K
}
Event: 35.137 GC heap before
{Heap before GC invocations=49 (full 0):
 garbage-first heap   total 1179648K, used 735593K [0x0000000200000000, 0x0000000800000000)
  region size 4096K, 172 young (704512K), 2 survivors (8192K)
 Metaspace       used 17787K, capacity 18467K, committed 18688K, reserved 1064960K
  class space    used 1965K, capacity 2251K, committed 2304K, reserved 1048576K
}
Event: 35.141 GC heap after
{Heap after GC invocations=50 (full 0):
 garbage-first heap   total 1179648K, used 39654K [0x0000000200000000, 0x0000000800000000)
  region size 4096K, 2 young (8192K), 2 survivors (8192K)
 Metaspace       used 17787K, capacity 18467K, committed 18688K, reserved 1064960K
  class space    used 1965K, capacity 2251K, committed 2304K, reserved 1048576K
}
Event: 35.846 GC heap before
{Heap before GC invocations=50 (full 0):
 garbage-first heap   total 1179648K, used 735974K [0x0000000200000000, 0x0000000800000000)
  region size 4096K, 172 young (704512K), 2 survivors (8192K)
 Metaspace       used 17787K, capacity 18467K, committed 18688K, reserved 1064960K
  class space    used 1965K, capacity 2251K, committed 2304K, reserved 1048576K
}
Event: 35.849 GC heap after
{Heap after GC invocations=51 (full 0):
 garbage-first heap   total 1179648K, used 40039K [0x0000000200000000, 0x0000000800000000)
  region size 4096K, 2 young (8192K), 2 survivors (8192K)
 Metaspace       used 17787K, capacity 18467K, committed 18688K, reserved 1064960K
  class space    used 1965K, capacity 2251K, committed 2304K, reserved 1048576K
}
Event: 36.604 GC heap before
{Heap before GC invocations=51 (full 0):
 garbage-first heap   total 1179648K, used 736359K [0x0000000200000000, 0x0000000800000000)
  region size 4096K, 172 young (704512K), 2 survivors (8192K)
 Metaspace       used 17787K, capacity 18467K, committed 18688K, reserved 1064960K
  class space    used 1965K, capacity 2251K, committed 2304K, reserved 1048576K
}
Event: 36.609 GC heap after
{Heap after GC invocations=52 (full 0):
 garbage-first heap   total 1179648K, used 40509K [0x0000000200000000, 0x0000000800000000)
  region size 4096K, 2 young (8192K), 2 survivors (8192K)
 Metaspace       used 17787K, capacity 18467K, committed 18688K, reserved 1064960K
  class space    used 1965K, capacity 2251K, committed 2304K, reserved 1048576K
}
Event: 37.443 GC heap before
{Heap before GC invocations=52 (full 0):
 garbage-first heap   total 1179648K, used 736829K [0x0000000200000000, 0x0000000800000000)
  region size 4096K, 172 young (704512K), 2 survivors (8192K)
 Metaspace       used 17787K, capacity 18467K, committed 18688K, reserved 1064960K
  class space    used 1965K, capacity 2251K, committed 2304K, reserved 1048576K
}
Event: 37.447 GC heap after
{Heap after GC invocations=53 (full 0):
 garbage-first heap   total 1179648K, used 40872K [0x0000000200000000, 0x0000000800000000)
  region size 4096K, 2 young (8192K), 2 survivors (8192K)
 Metaspace       used 17787K, capacity 18467K, committed 18688K, reserved 1064960K
  class space    used 1965K, capacity 2251K, committed 2304K, reserved 1048576K
}
Event: 38.348 GC heap before
{Heap before GC invocations=53 (full 0):
 garbage-first heap   total 1179648K, used 737192K [0x0000000200000000, 0x0000000800000000)
  region size 4096K, 172 young (704512K), 2 survivors (8192K)
 Metaspace       used 17789K, capacity 18467K, committed 18688K, reserved 1064960K
  class space    used 1965K, capacity 2251K, committed 2304K, reserved 1048576K
}
Event: 38.351 GC heap after
{Heap after GC invocations=54 (full 0):
 garbage-first heap   total 1179648K, used 41081K [0x0000000200000000, 0x0000000800000000)
  region size 4096K, 2 young (8192K), 2 survivors (8192K)
 Metaspace       used 17789K, capacity 18467K, committed 18688K, reserved 1064960K
  class space    used 1965K, capacity 2251K, committed 2304K, reserved 1048576K
}
Event: 311.169 GC heap before
{Heap before GC invocations=54 (full 0):
 garbage-first heap   total 1179648K, used 737401K [0x0000000200000000, 0x0000000800000000)
  region size 4096K, 172 young (704512K), 2 survivors (8192K)
 Metaspace       used 19212K, capacity 20260K, committed 20480K, reserved 1067008K
  class space    used 2236K, capacity 2708K, committed 2816K, reserved 1048576K
}
Event: 311.173 GC heap after
{Heap after GC invocations=55 (full 0):
 garbage-first heap   total 1179648K, used 42524K [0x0000000200000000, 0x0000000800000000)
  region size 4096K, 2 young (8192K), 2 survivors (8192K)
 Metaspace       used 19212K, capacity 20260K, committed 20480K, reserved 1067008K
  class space    used 2236K, capacity 2708K, committed 2816K, reserved 1048576K
}
Event: 663.607 GC heap before
{Heap before GC invocations=55 (full 0):
 garbage-first heap   total 1179648K, used 738844K [0x0000000200000000, 0x0000000800000000)
  region size 4096K, 172 young (704512K), 2 survivors (8192K)
 Metaspace       used 19325K, capacity 20397K, committed 20736K, reserved 1067008K
  class space    used 2237K, capacity 2708K, committed 2816K, reserved 1048576K
}
Event: 663.612 GC heap after
{Heap after GC invocations=56 (full 0):
 garbage-first heap   total 1179648K, used 42718K [0x0000000200000000, 0x0000000800000000)
  region size 4096K, 2 young (8192K), 2 survivors (8192K)
 Metaspace       used 19325K, capacity 20397K, committed 20736K, reserved 1067008K
  class space    used 2237K, capacity 2708K, committed 2816K, reserved 1048576K
}
Event: 1300.048 GC heap before
{Heap before GC invocations=56 (full 0):
 garbage-first heap   total 1179648K, used 739038K [0x0000000200000000, 0x0000000800000000)
  region size 4096K, 172 young (704512K), 2 survivors (8192K)
 Metaspace       used 19397K, capacity 20480K, committed 20736K, reserved 1067008K
  class space    used 2237K, capacity 2708K, committed 2816K, reserved 1048576K
}
Event: 1300.052 GC heap after
{Heap after GC invocations=57 (full 0):
 garbage-first heap   total 1179648K, used 42841K [0x0000000200000000, 0x0000000800000000)
  region size 4096K, 2 young (8192K), 2 survivors (8192K)
 Metaspace       used 19397K, capacity 20480K, committed 20736K, reserved 1067008K
  class space    used 2237K, capacity 2708K, committed 2816K, reserved 1048576K
}

