# JRE version: OpenJDK Runtime Environment (11.0.8+10) (build 11.0.8+10-post-Ubuntu-0ubuntu120.04)
# Java VM: OpenJDK 64-Bit Server VM (11.0.8+10-post-Ubuntu-0ubuntu120.04, mixed mode, sharing, tiered, compressed oops, g1 gc, linux-amd64)
Heap:
 garbage-first heap   total 1163264K, used 480905K [0x0000000400000000, 0x0000000800000000)
  region size 4096K, 110 young (450560K), 2 survivors (8192K)
 Metaspace       used 19330K, capacity 20397K, committed 20736K, reserved 1067008K
  class space    used 2237K, capacity 2708K, committed 2816K, reserved 1048576K
GC Heap History (20 events):
Event: 34.163 GC heap before
{Heap before GC invocations=46 (full 0):
 garbage-first heap   total 1163264K, used 726208K [0x0000000400000000, 0x0000000800000000)
  region size 4096K, 170 young (696320K), 2 survivors (8192K)
 Metaspace       used 17785K, capacity 18463K, committed 18688K, reserved 1064960K
  class space    used 1965K, capacity 2251K, committed 2304K, reserved 1048576K
}
Event: 34.168 GC heap after
{Heap after GC invocations=47 (full 0):
 garbage-first heap   total 1163264K, used 38662K [0x0000000400000000, 0x0000000800000000)
  region size 4096K, 2 young (8192K), 2 survivors (8192K)
 Metaspace       used 17785K, capacity 18463K, committed 18688K, reserved 1064960K
  class space    used 1965K, capacity 2251K, committed 2304K, reserved 1048576K
}
Event: 34.957 GC heap before
{Heap before GC invocations=47 (full 0):
 garbage-first heap   total 1163264K, used 726790K [0x0000000400000000, 0x0000000800000000)
  region size 4096K, 170 young (696320K), 2 survivors (8192K)
 Metaspace       used 17796K, capacity 18463K, committed 18688K, reserved 1064960K
  class space    used 1965K, capacity 2251K, committed 2304K, reserved 1048576K
}
Event: 34.963 GC heap after
{Heap after GC invocations=48 (full 0):
 garbage-first heap   total 1163264K, used 38673K [0x0000000400000000, 0x0000000800000000)
  region size 4096K, 2 young (8192K), 2 survivors (8192K)
 Metaspace       used 17796K, capacity 18463K, committed 18688K, reserved 1064960K
  class space    used 1965K, capacity 2251K, committed 2304K, reserved 1048576K
}
Event: 35.688 GC heap before
{Heap before GC invocations=48 (full 0):
 garbage-first heap   total 1163264K, used 726801K [0x0000000400000000, 0x0000000800000000)
  region size 4096K, 170 young (696320K), 2 survivors (8192K)
 Metaspace       used 17796K, capacity 18463K, committed 18688K, reserved 1064960K
  class space    used 1965K, capacity 2251K, committed 2304K, reserved 1048576K
}
Event: 35.693 GC heap after
{Heap after GC invocations=49 (full 0):
 garbage-first heap   total 1163264K, used 39186K [0x0000000400000000, 0x0000000800000000)
  region size 4096K, 2 young (8192K), 2 survivors (8192K)
 Metaspace       used 17796K, capacity 18463K, committed 18688K, reserved 1064960K
  class space    used 1965K, capacity 2251K, committed 2304K, reserved 1048576K
}
Event: 36.431 GC heap before
{Heap before GC invocations=49 (full 0):
 garbage-first heap   total 1163264K, used 727314K [0x0000000400000000, 0x0000000800000000)
  region size 4096K, 170 young (696320K), 2 survivors (8192K)
 Metaspace       used 17800K, capacity 18467K, committed 18688K, reserved 1064960K
  class space    used 1965K, capacity 2251K, committed 2304K, reserved 1048576K
}
Event: 36.436 GC heap after
{Heap after GC invocations=50 (full 0):
 garbage-first heap   total 1163264K, used 39495K [0x0000000400000000, 0x0000000800000000)
  region size 4096K, 2 young (8192K), 2 survivors (8192K)
 Metaspace       used 17800K, capacity 18467K, committed 18688K, reserved 1064960K
  class space    used 1965K, capacity 2251K, committed 2304K, reserved 1048576K
}
Event: 37.255 GC heap before
{Heap before GC invocations=50 (full 0):
 garbage-first heap   total 1163264K, used 727623K [0x0000000400000000, 0x0000000800000000)
  region size 4096K, 170 young (696320K), 2 survivors (8192K)
 Metaspace       used 17800K, capacity 18467K, committed 18688K, reserved 1064960K
  class space    used 1965K, capacity 2251K, committed 2304K, reserved 1048576K
}
Event: 37.261 GC heap after
{Heap after GC invocations=51 (full 0):
 garbage-first heap   total 1163264K, used 39851K [0x0000000400000000, 0x0000000800000000)
  region size 4096K, 2 young (8192K), 2 survivors (8192K)
 Metaspace       used 17800K, capacity 18467K, committed 18688K, reserved 1064960K
  class space    used 1965K, capacity 2251K, committed 2304K, reserved 1048576K
}
Event: 37.967 GC heap before
{Heap before GC invocations=51 (full 0):
 garbage-first heap   total 1163264K, used 727979K [0x0000000400000000, 0x0000000800000000)
  region size 4096K, 170 young (696320K), 2 survivors (8192K)
 Metaspace       used 17800K, capacity 18467K, committed 18688K, reserved 1064960K
  class space    used 1965K, capacity 2251K, committed 2304K, reserved 1048576K
}
Event: 37.973 GC heap after
{Heap after GC invocations=52 (full 0):
 garbage-first heap   total 1163264K, used 40400K [0x0000000400000000, 0x0000000800000000)
  region size 4096K, 2 young (8192K), 2 survivors (8192K)
 Metaspace       used 17800K, capacity 18467K, committed 18688K, reserved 1064960K
  class space    used 1965K, capacity 2251K, committed 2304K, reserved 1048576K
}
Event: 38.764 GC heap before
{Heap before GC invocations=52 (full 0):
 garbage-first heap   total 1163264K, used 728528K [0x0000000400000000, 0x0000000800000000)
  region size 4096K, 170 young (696320K), 2 survivors (8192K)
 Metaspace       used 17800K, capacity 18467K, committed 18688K, reserved 1064960K
  class space    used 1965K, capacity 2251K, committed 2304K, reserved 1048576K
}
Event: 38.771 GC heap after
{Heap after GC invocations=53 (full 0):
 garbage-first heap   total 1163264K, used 40746K [0x0000000400000000, 0x0000000800000000)
  region size 4096K, 2 young (8192K), 2 survivors (8192K)
 Metaspace       used 17800K, capacity 18467K, committed 18688K, reserved 1064960K
  class space    used 1965K, capacity 2251K, committed 2304K, reserved 1048576K
}
Event: 39.734 GC heap before
{Heap before GC invocations=53 (full 0):
 garbage-first heap   total 1163264K, used 728874K [0x0000000400000000, 0x0000000800000000)
  region size 4096K, 170 young (696320K), 2 survivors (8192K)
 Metaspace       used 17800K, capacity 18467K, committed 18688K, reserved 1064960K
  class space    used 1965K, capacity 2251K, committed 2304K, reserved 1048576K
}
Event: 39.740 GC heap after
{Heap after GC invocations=54 (full 0):
 garbage-first heap   total 1163264K, used 41053K [0x0000000400000000, 0x0000000800000000)
  region size 4096K, 2 young (8192K), 2 survivors (8192K)
 Metaspace       used 17800K, capacity 18467K, committed 18688K, reserved 1064960K
  class space    used 1965K, capacity 2251K, committed 2304K, reserved 1048576K
}
Event: 40.676 GC heap before
{Heap before GC invocations=54 (full 0):
 garbage-first heap   total 1163264K, used 729181K [0x0000000400000000, 0x0000000800000000)
  region size 4096K, 170 young (696320K), 2 survivors (8192K)
 Metaspace       used 17802K, capacity 18467K, committed 18688K, reserved 1064960K
  class space    used 1965K, capacity 2251K, committed 2304K, reserved 1048576K
}
Event: 40.681 GC heap after
{Heap after GC invocations=55 (full 0):
 garbage-first heap   total 1163264K, used 41283K [0x0000000400000000, 0x0000000800000000)
  region size 4096K, 2 young (8192K), 2 survivors (8192K)
 Metaspace       used 17802K, capacity 18467K, committed 18688K, reserved 1064960K
  class space    used 1965K, capacity 2251K, committed 2304K, reserved 1048576K
}
Event: 475.535 GC heap before
{Heap before GC invocations=55 (full 0):
 garbage-first heap   total 1163264K, used 729411K [0x0000000400000000, 0x0000000800000000)
  region size 4096K, 170 young (696320K), 2 survivors (8192K)
 Metaspace       used 19248K, capacity 20325K, committed 20736K, reserved 1067008K
  class space    used 2236K, capacity 2708K, committed 2816K, reserved 1048576K
}
Event: 475.541 GC heap after
{Heap after GC invocations=56 (full 0):
 garbage-first heap   total 1163264K, used 42633K [0x0000000400000000, 0x0000000800000000)
  region size 4096K, 2 young (8192K), 2 survivors (8192K)
 Metaspace       used 19248K, capacity 20325K, committed 20736K, reserved 1067008K
  class space    used 2236K, capacity 2708K, committed 2816K, reserved 1048576K
}

